#
# There is insufficient memory for the Java Runtime Environment to continue.
# Native memory allocation (malloc) failed to allocate 1955728 bytes for Chunk::new
# Possible reasons:
#   The system is out of physical RAM or swap space
#   The process is running with CompressedOops enabled, and the Java Heap may be blocking the growth of the native heap
# Possible solutions:
#   Reduce memory load on the system
#   Increase physical memory or swap space
#   Check if swap backing store is full
#   Decrease Java heap size (-Xmx/-Xms)
#   Decrease number of Java threads
#   Decrease Java thread stack sizes (-Xss)
#   Set larger code cache with -XX:ReservedCodeCacheSize=
#   JVM is running with Zero Based Compressed Oops mode in which the Java heap is
#     placed in the first 32GB address space. The Java Heap base address is the
#     maximum limit for the native heap growth. Please use -XX:HeapBaseMinAddress
#     to set the Java Heap base and to place the Java Heap above 32GB virtual address.
# This output file may be truncated or incomplete.
#
#  Out of Memory Error (arena.cpp:189), pid=24972, tid=10916
#
# JRE version: OpenJDK Runtime Environment Corretto-17.0.4.9.1 (17.0.4.1+9) (build 17.0.4.1+9-LTS)
# Java VM: OpenJDK 64-Bit Server VM Corretto-17.0.4.9.1 (17.0.4.1+9-LTS, mixed mode, sharing, tiered, compressed oops, compressed class ptrs, g1 gc, windows-amd64)
# No core dump will be written. Minidumps are not enabled by default on client versions of Windows
#

---------------  S U M M A R Y ------------

Command Line: -ea -Didea.test.cyclic.buffer.size=1048576 -javaagent:D:\Program Files\JetBrains\IntelliJ IDEA 2023.2.5\lib\idea_rt.jar=64867:D:\Program Files\JetBrains\IntelliJ IDEA 2023.2.5\bin -Dfile.encoding=UTF-8 com.intellij.rt.junit.JUnitStarter -ideVersion5 -junit5 com.hit.community.repository.SearchQueryDslRepositoryTest,searchAndPagingTest5

Host: 11th Gen Intel(R) Core(TM) i7-1165G7 @ 2.80GHz, 8 cores, 15G,  Windows 11 , 64 bit Build 22621 (10.0.22621.3085)
Time: Wed Feb 21 15:13:14 2024  Windows 11 , 64 bit Build 22621 (10.0.22621.3085) elapsed time: 1.496602 seconds (0d 0h 0m 1s)

---------------  T H R E A D  ---------------

Current thread (0x000001d1cf4205b0):  JavaThread "C2 CompilerThread2" daemon [_thread_in_native, id=10916, stack(0x000000630f100000,0x000000630f200000)]


Current CompileTask:
C2:   1496 2287   !   4       jdk.internal.loader.BuiltinClassLoader::loadClassOrNull (143 bytes)

Stack: [0x000000630f100000,0x000000630f200000]
Native frames: (J=compiled Java code, j=interpreted, Vv=VM code, C=native code)
V  [jvm.dll+0x64724a]
V  [jvm.dll+0x7f87a4]
V  [jvm.dll+0x7f9f5e]
V  [jvm.dll+0x7fa5b3]
V  [jvm.dll+0x234ed8]
V  [jvm.dll+0xbce1b]
V  [jvm.dll+0xbd3ac]
V  [jvm.dll+0x34dc07]
V  [jvm.dll+0x1b0190]
V  [jvm.dll+0x20966f]
V  [jvm.dll+0x208b17]
V  [jvm.dll+0x198ded]
V  [jvm.dll+0x217eb9]
V  [jvm.dll+0x216104]
V  [jvm.dll+0x7b0d5b]
V  [jvm.dll+0x7ab31a]
V  [jvm.dll+0x6460f5]
C  [ucrtbase.dll+0x29363]
C  [KERNEL32.DLL+0x1257d]
C  [ntdll.dll+0x5aa58]


---------------  P R O C E S S  ---------------

Threads class SMR info:
_java_thread_list=0x000001d1d0887dd0, length=16, elements={
0x000001d1a8e8d700, 0x000001d1cdbf9410, 0x000001d1cdbfafd0, 0x000001d1ce808110,
0x000001d1ce808cc0, 0x000001d1ce80b780, 0x000001d1ce80e540, 0x000001d1ce8147e0,
0x000001d1ce81d290, 0x000001d1ce81f2a0, 0x000001d1ce913690, 0x000001d1cea780f0,
0x000001d1cea785c0, 0x000001d1ceb617f0, 0x000001d1cf4205b0, 0x000001d1d03ce9a0
}

Java Threads: ( => current thread )
  0x000001d1a8e8d700 JavaThread "main" [_thread_in_native, id=20256, stack(0x000000630dc00000,0x000000630dd00000)]
  0x000001d1cdbf9410 JavaThread "Reference Handler" daemon [_thread_blocked, id=8096, stack(0x000000630e300000,0x000000630e400000)]
  0x000001d1cdbfafd0 JavaThread "Finalizer" daemon [_thread_blocked, id=8564, stack(0x000000630e400000,0x000000630e500000)]
  0x000001d1ce808110 JavaThread "Signal Dispatcher" daemon [_thread_blocked, id=4476, stack(0x000000630e500000,0x000000630e600000)]
  0x000001d1ce808cc0 JavaThread "Attach Listener" daemon [_thread_blocked, id=16496, stack(0x000000630e600000,0x000000630e700000)]
  0x000001d1ce80b780 JavaThread "Service Thread" daemon [_thread_blocked, id=15092, stack(0x000000630e700000,0x000000630e800000)]
  0x000001d1ce80e540 JavaThread "Monitor Deflation Thread" daemon [_thread_blocked, id=12980, stack(0x000000630e800000,0x000000630e900000)]
  0x000001d1ce8147e0 JavaThread "C2 CompilerThread0" daemon [_thread_in_native, id=8172, stack(0x000000630e900000,0x000000630ea00000)]
  0x000001d1ce81d290 JavaThread "C1 CompilerThread0" daemon [_thread_in_vm, id=10200, stack(0x000000630ea00000,0x000000630eb00000)]
  0x000001d1ce81f2a0 JavaThread "Sweeper thread" daemon [_thread_blocked, id=17160, stack(0x000000630eb00000,0x000000630ec00000)]
  0x000001d1ce913690 JavaThread "Common-Cleaner" daemon [_thread_blocked, id=9964, stack(0x000000630ec00000,0x000000630ed00000)]
  0x000001d1cea780f0 JavaThread "Monitor Ctrl-Break" daemon [_thread_in_native, id=11952, stack(0x000000630ed00000,0x000000630ee00000)]
  0x000001d1cea785c0 JavaThread "Notification Thread" daemon [_thread_blocked, id=9500, stack(0x000000630ee00000,0x000000630ef00000)]
  0x000001d1ceb617f0 JavaThread "C2 CompilerThread1" daemon [_thread_in_native, id=7212, stack(0x000000630f000000,0x000000630f100000)]
=>0x000001d1cf4205b0 JavaThread "C2 CompilerThread2" daemon [_thread_in_native, id=10916, stack(0x000000630f100000,0x000000630f200000)]
  0x000001d1d03ce9a0 JavaThread "background-preinit" [_thread_in_Java, id=24104, stack(0x000000630f900000,0x000000630fa00000)]

Other Threads:
  0x000001d1cdbf5580 VMThread "VM Thread" [stack: 0x000000630e200000,0x000000630e300000] [id=9008]
  0x000001d1cdbfcf50 WatcherThread [stack: 0x000000630ef00000,0x000000630f000000] [id=8092]
  0x000001d1a8e1eaf0 GCTaskThread "GC Thread#0" [stack: 0x000000630dd00000,0x000000630de00000] [id=9648]
  0x000001d1cf826700 GCTaskThread "GC Thread#1" [stack: 0x000000630f200000,0x000000630f300000] [id=14492]
  0x000001d1cebf9810 GCTaskThread "GC Thread#2" [stack: 0x000000630f300000,0x000000630f400000] [id=4148]
  0x000001d1cf4d7cb0 GCTaskThread "GC Thread#3" [stack: 0x000000630f400000,0x000000630f500000] [id=19020]
  0x000001d1cf4d7f60 GCTaskThread "GC Thread#4" [stack: 0x000000630f500000,0x000000630f600000] [id=23816]
  0x000001d1cf41c0a0 GCTaskThread "GC Thread#5" [stack: 0x000000630f600000,0x000000630f700000] [id=4352]
  0x000001d1d035edc0 GCTaskThread "GC Thread#6" [stack: 0x000000630f700000,0x000000630f800000] [id=20976]
  0x000001d1d0889c30 GCTaskThread "GC Thread#7" [stack: 0x000000630f800000,0x000000630f900000] [id=25464]
  0x000001d1a8f05660 ConcurrentGCThread "G1 Main Marker" [stack: 0x000000630de00000,0x000000630df00000] [id=21544]
  0x000001d1a8f06070 ConcurrentGCThread "G1 Conc#0" [stack: 0x000000630df00000,0x000000630e000000] [id=24764]
  0x000001d1d007e2c0 ConcurrentGCThread "G1 Conc#1" [stack: 0x000000630fa00000,0x000000630fb00000] [id=2952]
  0x000001d1cdab0550 ConcurrentGCThread "G1 Refine#0" [stack: 0x000000630e000000,0x000000630e100000] [id=2300]
  0x000001d1cdab0d80 ConcurrentGCThread "G1 Service" [stack: 0x000000630e100000,0x000000630e200000] [id=6544]

Threads with active compile tasks:
C2 CompilerThread0     1521 2665       4       jdk.internal.module.SystemModuleFinders$SystemModuleReader::find (59 bytes)
C1 CompilerThread0     1521 2693       3       org.springframework.asm.ClassReader::accept (1401 bytes)
C2 CompilerThread1     1521 2666       4       jdk.internal.module.SystemModuleFinders$SystemModuleReader::containsImageLocation (42 bytes)
C2 CompilerThread2     1521 2287   !   4       jdk.internal.loader.BuiltinClassLoader::loadClassOrNull (143 bytes)

VM state: not at safepoint (normal execution)

VM Mutex/Monitor currently owned by a thread: None

Heap address: 0x0000000705000000, size: 4016 MB, Compressed Oops mode: Zero based, Oop shift amount: 3

CDS archive(s) mapped at: [0x0000000800000000-0x0000000800bc0000-0x0000000800bc0000), size 12320768, SharedBaseAddress: 0x0000000800000000, ArchiveRelocationMode: 0.
Compressed class space mapped at: 0x0000000800c00000-0x0000000840c00000, reserved size: 1073741824
Narrow klass base: 0x0000000800000000, Narrow klass shift: 0, Narrow klass range: 0x100000000

GC Precious Log:
 CPUs: 8 total, 8 available
 Memory: 16057M
 Large Page Support: Disabled
 NUMA Support: Disabled
 Compressed Oops: Enabled (Zero based)
 Heap Region Size: 2M
 Heap Min Capacity: 8M
 Heap Initial Capacity: 252M
 Heap Max Capacity: 4016M
 Pre-touch: Disabled
 Parallel Workers: 8
 Concurrent Workers: 2
 Concurrent Refinement Workers: 8
 Periodic GC: Disabled

Heap:
 garbage-first heap   total 61440K, used 15485K [0x0000000705000000, 0x0000000800000000)
  region size 2048K, 6 young (12288K), 4 survivors (8192K)
 Metaspace       used 21621K, committed 21888K, reserved 1073152K
  class space    used 2875K, committed 3008K, reserved 1048576K

Heap Regions: E=young(eden), S=young(survivor), O=old, HS=humongous(starts), HC=humongous(continues), CS=collection set, F=free, OA=open archive, CA=closed archive, TAMS=top-at-mark-start (previous, next)
|   0|0x0000000705000000, 0x0000000705200000, 0x0000000705200000|100%| O|  |TAMS 0x0000000705200000, 0x0000000705000000| Untracked 
|   1|0x0000000705200000, 0x0000000705400000, 0x0000000705400000|100%| O|  |TAMS 0x0000000705400000, 0x0000000705200000| Untracked 
|   2|0x0000000705400000, 0x0000000705600000, 0x0000000705600000|100%| O|  |TAMS 0x0000000705600000, 0x0000000705400000| Untracked 
|   3|0x0000000705600000, 0x000000070565de00, 0x0000000705800000| 18%| O|  |TAMS 0x000000070565de00, 0x0000000705600000| Complete 
|   4|0x0000000705800000, 0x0000000705800000, 0x0000000705a00000|  0%| F|  |TAMS 0x0000000705800000, 0x0000000705800000| Untracked 
|   5|0x0000000705a00000, 0x0000000705a00000, 0x0000000705c00000|  0%| F|  |TAMS 0x0000000705a00000, 0x0000000705a00000| Untracked 
|   6|0x0000000705c00000, 0x0000000705c00000, 0x0000000705e00000|  0%| F|  |TAMS 0x0000000705c00000, 0x0000000705c00000| Untracked 
|   7|0x0000000705e00000, 0x0000000705e00000, 0x0000000706000000|  0%| F|  |TAMS 0x0000000705e00000, 0x0000000705e00000| Untracked 
|   8|0x0000000706000000, 0x0000000706000000, 0x0000000706200000|  0%| F|  |TAMS 0x0000000706000000, 0x0000000706000000| Untracked 
|   9|0x0000000706200000, 0x0000000706200000, 0x0000000706400000|  0%| F|  |TAMS 0x0000000706200000, 0x0000000706200000| Untracked 
|  10|0x0000000706400000, 0x0000000706400000, 0x0000000706600000|  0%| F|  |TAMS 0x0000000706400000, 0x0000000706400000| Untracked 
|  11|0x0000000706600000, 0x0000000706600000, 0x0000000706800000|  0%| F|  |TAMS 0x0000000706600000, 0x0000000706600000| Untracked 
|  12|0x0000000706800000, 0x0000000706800000, 0x0000000706a00000|  0%| F|  |TAMS 0x0000000706800000, 0x0000000706800000| Untracked 
|  13|0x0000000706a00000, 0x0000000706a00000, 0x0000000706c00000|  0%| F|  |TAMS 0x0000000706a00000, 0x0000000706a00000| Untracked 
|  14|0x0000000706c00000, 0x0000000706c00000, 0x0000000706e00000|  0%| F|  |TAMS 0x0000000706c00000, 0x0000000706c00000| Untracked 
|  15|0x0000000706e00000, 0x0000000706e00000, 0x0000000707000000|  0%| F|  |TAMS 0x0000000706e00000, 0x0000000706e00000| Untracked 
|  16|0x0000000707000000, 0x0000000707000000, 0x0000000707200000|  0%| F|  |TAMS 0x0000000707000000, 0x0000000707000000| Untracked 
|  17|0x0000000707200000, 0x0000000707200000, 0x0000000707400000|  0%| F|  |TAMS 0x0000000707200000, 0x0000000707200000| Untracked 
|  18|0x0000000707400000, 0x0000000707400000, 0x0000000707600000|  0%| F|  |TAMS 0x0000000707400000, 0x0000000707400000| Untracked 
|  19|0x0000000707600000, 0x0000000707600000, 0x0000000707800000|  0%| F|  |TAMS 0x0000000707600000, 0x0000000707600000| Untracked 
|  20|0x0000000707800000, 0x0000000707800000, 0x0000000707a00000|  0%| F|  |TAMS 0x0000000707800000, 0x0000000707800000| Untracked 
|  21|0x0000000707a00000, 0x0000000707a00000, 0x0000000707c00000|  0%| F|  |TAMS 0x0000000707a00000, 0x0000000707a00000| Untracked 
|  22|0x0000000707c00000, 0x0000000707c00000, 0x0000000707e00000|  0%| F|  |TAMS 0x0000000707c00000, 0x0000000707c00000| Untracked 
|  23|0x0000000707e00000, 0x0000000707e00000, 0x0000000708000000|  0%| F|  |TAMS 0x0000000707e00000, 0x0000000707e00000| Untracked 
|  24|0x0000000708000000, 0x0000000708200000, 0x0000000708200000|100%| E|  |TAMS 0x0000000708000000, 0x0000000708000000| Complete 
|  90|0x0000000710400000, 0x00000007104c1860, 0x0000000710600000| 37%| S|CS|TAMS 0x0000000710400000, 0x0000000710400000| Complete 
|  91|0x0000000710600000, 0x0000000710800000, 0x0000000710800000|100%| S|CS|TAMS 0x0000000710600000, 0x0000000710600000| Complete 
|  92|0x0000000710800000, 0x0000000710a00000, 0x0000000710a00000|100%| S|CS|TAMS 0x0000000710800000, 0x0000000710800000| Complete 
|  93|0x0000000710a00000, 0x0000000710c00000, 0x0000000710c00000|100%| S|CS|TAMS 0x0000000710a00000, 0x0000000710a00000| Complete 
| 125|0x0000000714a00000, 0x0000000714c00000, 0x0000000714c00000|100%| E|CS|TAMS 0x0000000714a00000, 0x0000000714a00000| Complete 

Card table byte_map: [0x000001d1c23c0000,0x000001d1c2ba0000] _byte_map_base: 0x000001d1beb98000

Marking Bits (Prev, Next): (CMBitMap*) 0x000001d1a8ef5270, (CMBitMap*) 0x000001d1a8ef5230
 Prev Bits: [0x000001d1c7240000, 0x000001d1cb100000)
 Next Bits: [0x000001d1c3380000, 0x000001d1c7240000)

Polling page: 0x000001d1a8f40000

Metaspace:

Usage:
  Non-class:     18.36 MB used.
      Class:      2.81 MB used.
       Both:     21.17 MB used.

Virtual space:
  Non-class space:       24.00 MB reserved,      18.50 MB ( 77%) committed,  3 nodes.
      Class space:        1.00 GB reserved,       2.94 MB ( <1%) committed,  1 nodes.
             Both:        1.02 GB reserved,      21.44 MB (  2%) committed. 

Chunk freelists:
   Non-Class:  1.50 MB
       Class:  995.00 KB
        Both:  2.47 MB

MaxMetaspaceSize: unlimited
CompressedClassSpaceSize: 1.00 GB
Initial GC threshold: 21.00 MB
Current GC threshold: 35.25 MB
CDS: on
MetaspaceReclaimPolicy: balanced
 - commit_granule_bytes: 65536.
 - commit_granule_words: 8192.
 - virtual_space_node_default_size: 1048576.
 - enlarge_chunks_in_place: 1.
 - new_chunks_are_fully_committed: 0.
 - uncommit_free_chunks: 1.
 - use_allocation_guard: 0.
 - handle_deallocations: 1.


Internal statistics:

num_allocs_failed_limit: 5.
num_arena_births: 272.
num_arena_deaths: 0.
num_vsnodes_births: 4.
num_vsnodes_deaths: 0.
num_space_committed: 343.
num_space_uncommitted: 0.
num_chunks_returned_to_freelist: 5.
num_chunks_taken_from_freelist: 1055.
num_chunk_merges: 5.
num_chunk_splits: 716.
num_chunks_enlarged: 548.
num_purges: 0.
num_inconsistent_stats: 0.

CodeHeap 'non-profiled nmethods': size=120000Kb used=1313Kb max_used=1313Kb free=118686Kb
 bounds [0x000001d1b9c50000, 0x000001d1b9ec0000, 0x000001d1c1180000]
CodeHeap 'profiled nmethods': size=120000Kb used=5474Kb max_used=5474Kb free=114525Kb
 bounds [0x000001d1b2720000, 0x000001d1b2c80000, 0x000001d1b9c50000]
CodeHeap 'non-nmethods': size=5760Kb used=1222Kb max_used=1244Kb free=4538Kb
 bounds [0x000001d1b2180000, 0x000001d1b23f0000, 0x000001d1b2720000]
 total_blobs=3195 nmethods=2685 adapters=422
 compilation: enabled
              stopped_count=0, restarted_count=0
 full_count=0

Compilation events (20 events):
Event: 1.475 Thread 0x000001d1ce81d290 2639       1       org.springframework.core.io.DefaultResourceLoader::getProtocolResolvers (5 bytes)
Event: 1.476 Thread 0x000001d1ce81d290 nmethod 2639 0x000001d1b9d8c010 code [0x000001d1b9d8c1a0, 0x000001d1b9d8c278]
Event: 1.476 Thread 0x000001d1ce81d290 2640       1       org.springframework.core.annotation.AnnotationFilter$1::matches (2 bytes)
Event: 1.477 Thread 0x000001d1ce81d290 nmethod 2640 0x000001d1b9d8c310 code [0x000001d1b9d8c4a0, 0x000001d1b9d8c578]
Event: 1.478 Thread 0x000001d1ce81d290 2641       3       java.lang.reflect.Modifier::isAbstract (14 bytes)
Event: 1.479 Thread 0x000001d1ce81d290 nmethod 2641 0x000001d1b2c5a290 code [0x000001d1b2c5a420, 0x000001d1b2c5a578]
Event: 1.481 Thread 0x000001d1ce81d290 2642       3       java.util.LinkedHashMap$LinkedValues::iterator (12 bytes)
Event: 1.482 Thread 0x000001d1ce81d290 nmethod 2642 0x000001d1b2c5a610 code [0x000001d1b2c5a7c0, 0x000001d1b2c5ab98]
Event: 1.482 Thread 0x000001d1ce81d290 2643       3       java.util.LinkedHashMap$LinkedValueIterator::<init> (11 bytes)
Event: 1.482 Thread 0x000001d1ce81d290 nmethod 2643 0x000001d1b2c5ad10 code [0x000001d1b2c5aec0, 0x000001d1b2c5b1f8]
Event: 1.482 Thread 0x000001d1ce81d290 2644       3       jdk.internal.org.objectweb.asm.SymbolTable::addType (81 bytes)
Event: 1.483 Thread 0x000001d1ce81d290 nmethod 2644 0x000001d1b2c5b310 code [0x000001d1b2c5b520, 0x000001d1b2c5ba78]
Event: 1.483 Thread 0x000001d1ce81d290 2645       3       java.lang.Class::forName (15 bytes)
Event: 1.484 Thread 0x000001d1ce81d290 nmethod 2645 0x000001d1b2c5bd10 code [0x000001d1b2c5bec0, 0x000001d1b2c5c0d8]
Event: 1.484 Thread 0x000001d1ce81d290 2646       3       java.lang.ClassLoader::getClassLoader (11 bytes)
Event: 1.484 Thread 0x000001d1ce81d290 nmethod 2646 0x000001d1b2c5c210 code [0x000001d1b2c5c3a0, 0x000001d1b2c5c518]
Event: 1.484 Thread 0x000001d1ce81d290 2647   !   3       java.security.AccessController::doPrivileged (22 bytes)
Event: 1.484 Thread 0x000001d1ce81d290 nmethod 2647 0x000001d1b2c5c610 code [0x000001d1b2c5c800, 0x000001d1b2c5cc48]
Event: 1.486 Thread 0x000001d1ce81d290 2648       3       java.lang.String::compareTo (9 bytes)
Event: 1.486 Thread 0x000001d1ce81d290 nmethod 2648 0x000001d1b2c5ce90 code [0x000001d1b2c5d040, 0x000001d1b2c5d268]

GC Heap History (5 events):
Event: 0.524 GC heap before
{Heap before GC invocations=0 (full 0):
 garbage-first heap   total 258048K, used 22528K [0x0000000705000000, 0x0000000800000000)
  region size 2048K, 11 young (22528K), 0 survivors (0K)
 Metaspace       used 4557K, committed 4800K, reserved 1056768K
  class space    used 570K, committed 704K, reserved 1048576K
}
Event: 0.527 GC heap after
{Heap after GC invocations=1 (full 0):
 garbage-first heap   total 258048K, used 6573K [0x0000000705000000, 0x0000000800000000)
  region size 2048K, 2 young (4096K), 2 survivors (4096K)
 Metaspace       used 4557K, committed 4800K, reserved 1056768K
  class space    used 570K, committed 704K, reserved 1048576K
}
Event: 0.980 GC heap before
{Heap before GC invocations=1 (full 0):
 garbage-first heap   total 258048K, used 33197K [0x0000000705000000, 0x0000000800000000)
  region size 2048K, 15 young (30720K), 2 survivors (4096K)
 Metaspace       used 10759K, committed 11008K, reserved 1064960K
  class space    used 1393K, committed 1472K, reserved 1048576K
}
Event: 0.983 GC heap after
{Heap after GC invocations=2 (full 0):
 garbage-first heap   total 258048K, used 8725K [0x0000000705000000, 0x0000000800000000)
  region size 2048K, 2 young (4096K), 2 survivors (4096K)
 Metaspace       used 10759K, committed 11008K, reserved 1064960K
  class space    used 1393K, committed 1472K, reserved 1048576K
}
Event: 1.487 GC heap before
{Heap before GC invocations=2 (full 0):
 garbage-first heap   total 258048K, used 66069K [0x0000000705000000, 0x0000000800000000)
  region size 2048K, 32 young (65536K), 2 survivors (4096K)
 Metaspace       used 21240K, committed 21504K, reserved 1073152K
  class space    used 2804K, committed 2944K, reserved 1048576K
}

Deoptimization events (20 events):
Event: 1.396 Thread 0x000001d1a8e8d700 DEOPT PACKING pc=0x000001d1b2999966 sp=0x000000630dcfb990
Event: 1.396 Thread 0x000001d1a8e8d700 DEOPT UNPACKING pc=0x000001d1b21d6763 sp=0x000000630dcfae58 mode 0
Event: 1.397 Thread 0x000001d1a8e8d700 DEOPT PACKING pc=0x000001d1b299e265 sp=0x000000630dcfb960
Event: 1.397 Thread 0x000001d1a8e8d700 DEOPT UNPACKING pc=0x000001d1b21d6763 sp=0x000000630dcfae50 mode 0
Event: 1.397 Thread 0x000001d1a8e8d700 DEOPT PACKING pc=0x000001d1b2999966 sp=0x000000630dcfb990
Event: 1.397 Thread 0x000001d1a8e8d700 DEOPT UNPACKING pc=0x000001d1b21d6763 sp=0x000000630dcfae58 mode 0
Event: 1.410 Thread 0x000001d1a8e8d700 DEOPT PACKING pc=0x000001d1b299e265 sp=0x000000630dcfb5b0
Event: 1.410 Thread 0x000001d1a8e8d700 DEOPT UNPACKING pc=0x000001d1b21d6763 sp=0x000000630dcfaaa0 mode 0
Event: 1.410 Thread 0x000001d1a8e8d700 DEOPT PACKING pc=0x000001d1b299e265 sp=0x000000630dcfb5b0
Event: 1.410 Thread 0x000001d1a8e8d700 DEOPT UNPACKING pc=0x000001d1b21d6763 sp=0x000000630dcfaaa0 mode 0
Event: 1.410 Thread 0x000001d1a8e8d700 DEOPT PACKING pc=0x000001d1b299e265 sp=0x000000630dcfb5b0
Event: 1.410 Thread 0x000001d1a8e8d700 DEOPT UNPACKING pc=0x000001d1b21d6763 sp=0x000000630dcfaaa0 mode 0
Event: 1.439 Thread 0x000001d1d03ce9a0 Uncommon trap: trap_request=0xffffff45 fr.pc=0x000001d1b9c98148 relative=0x0000000000000048
Event: 1.439 Thread 0x000001d1d03ce9a0 Uncommon trap: reason=unstable_if action=reinterpret pc=0x000001d1b9c98148 method=java.lang.CharacterData.of(I)Ljava/lang/CharacterData; @ 4 c2
Event: 1.439 Thread 0x000001d1d03ce9a0 DEOPT PACKING pc=0x000001d1b9c98148 sp=0x000000630f9fd6e0
Event: 1.439 Thread 0x000001d1d03ce9a0 DEOPT UNPACKING pc=0x000001d1b21d5c23 sp=0x000000630f9fd678 mode 2
Event: 1.481 Thread 0x000001d1a8e8d700 Uncommon trap: trap_request=0xffffff45 fr.pc=0x000001d1b9d5b0dc relative=0x0000000000000ffc
Event: 1.481 Thread 0x000001d1a8e8d700 Uncommon trap: reason=unstable_if action=reinterpret pc=0x000001d1b9d5b0dc method=jdk.internal.org.objectweb.asm.SymbolTable.addType(Ljava/lang/String;)I @ 33 c2
Event: 1.481 Thread 0x000001d1a8e8d700 DEOPT PACKING pc=0x000001d1b9d5b0dc sp=0x000000630dcf9d90
Event: 1.482 Thread 0x000001d1a8e8d700 DEOPT UNPACKING pc=0x000001d1b21d5c23 sp=0x000000630dcf9d58 mode 2

Classes unloaded (0 events):
No events

Classes redefined (0 events):
No events

Internal exceptions (20 events):
Event: 0.933 Thread 0x000001d1a8e8d700 Exception <a 'java/lang/IncompatibleClassChangeError'{0x00000007130f5288}: Found class java.lang.Object, but interface was expected> (0x00000007130f5288) 
thrown [s\src\hotspot\share\interpreter\linkResolver.cpp, line 826]
Event: 1.038 Thread 0x000001d1a8e8d700 Exception <a 'java/lang/NoSuchMethodError'{0x00000007147c8890}: 'java.lang.Object java.lang.invoke.DirectMethodHandle$Holder.invokeSpecial(java.lang.Object, java.lang.Object, java.lang.Object, java.lang.Object, java.lang.Object, java.lang.Object, int)'> (0x00000007147c8890) 
thrown [s\src\hotspot\share\interpreter\linkResolver.cpp, line 759]
Event: 1.038 Thread 0x000001d1a8e8d700 Exception <a 'java/lang/NoSuchMethodError'{0x00000007147d3348}: 'java.lang.Object java.lang.invoke.DirectMethodHandle$Holder.newInvokeSpecial(java.lang.Object, java.lang.Object, java.lang.Object, java.lang.Object, java.lang.Object, java.lang.Object, int)'> (0x00000007147d3348) 
thrown [s\src\hotspot\share\interpreter\linkResolver.cpp, line 759]
Event: 1.039 Thread 0x000001d1a8e8d700 Exception <a 'java/lang/NoSuchMethodError'{0x00000007147d88d8}: 'java.lang.Object java.lang.invoke.DirectMethodHandle$Holder.invokeSpecial(java.lang.Object, java.lang.Object, java.lang.Object, java.lang.Object, java.lang.Object, java.lang.Object, java.lang.Object, int)'> (0x00000007147d88d8) 
thrown [s\src\hotspot\share\interpreter\linkResolver.cpp, line 759]
Event: 1.104 Thread 0x000001d1a8e8d700 Implicit null exception at 0x000001d1b9cb5e8f to 0x000001d1b9cb62ac
Event: 1.113 Thread 0x000001d1a8e8d700 Exception <a 'java/lang/NoSuchMethodError'{0x00000007140e7718}: 'void java.lang.invoke.DirectMethodHandle$Holder.invokeStatic(java.lang.Object, java.lang.Object, java.lang.Object, java.lang.Object, java.lang.Object, java.lang.Object)'> (0x00000007140e7718) 
thrown [s\src\hotspot\share\interpreter\linkResolver.cpp, line 759]
Event: 1.126 Thread 0x000001d1a8e8d700 Exception <a 'java/lang/NoSuchMethodError'{0x00000007141a3600}: 'java.lang.Object java.lang.invoke.DirectMethodHandle$Holder.invokeSpecial(java.lang.Object, java.lang.Object, java.lang.Object, int, java.lang.Object)'> (0x00000007141a3600) 
thrown [s\src\hotspot\share\interpreter\linkResolver.cpp, line 759]
Event: 1.126 Thread 0x000001d1a8e8d700 Exception <a 'java/lang/NoSuchMethodError'{0x00000007141ac0b8}: 'java.lang.Object java.lang.invoke.DirectMethodHandle$Holder.newInvokeSpecial(java.lang.Object, java.lang.Object, java.lang.Object, int, java.lang.Object)'> (0x00000007141ac0b8) 
thrown [s\src\hotspot\share\interpreter\linkResolver.cpp, line 759]
Event: 1.127 Thread 0x000001d1a8e8d700 Exception <a 'java/lang/NoSuchMethodError'{0x00000007141b3fd8}: 'java.lang.Object java.lang.invoke.Invokers$Holder.linkToTargetMethod(java.lang.Object, java.lang.Object, int, java.lang.Object, java.lang.Object)'> (0x00000007141b3fd8) 
thrown [s\src\hotspot\share\interpreter\linkResolver.cpp, line 759]
Event: 1.128 Thread 0x000001d1a8e8d700 Exception <a 'java/lang/NoSuchMethodError'{0x00000007141c4750}: 'java.lang.Object java.lang.invoke.DirectMethodHandle$Holder.newInvokeSpecial(java.lang.Object, int, java.lang.Object)'> (0x00000007141c4750) 
thrown [s\src\hotspot\share\interpreter\linkResolver.cpp, line 759]
Event: 1.156 Thread 0x000001d1a8e8d700 Exception <a 'java/lang/NoSuchMethodError'{0x0000000713f56080}: 'java.lang.Object java.lang.invoke.DirectMethodHandle$Holder.invokeStatic(java.lang.Object, java.lang.Object, long, java.lang.Object)'> (0x0000000713f56080) 
thrown [s\src\hotspot\share\interpreter\linkResolver.cpp, line 759]
Event: 1.156 Thread 0x000001d1a8e8d700 Exception <a 'java/lang/NoSuchMethodError'{0x0000000713f5a068}: 'java.lang.Object java.lang.invoke.DirectMethodHandle$Holder.invokeStaticInit(java.lang.Object, java.lang.Object, long, java.lang.Object)'> (0x0000000713f5a068) 
thrown [s\src\hotspot\share\interpreter\linkResolver.cpp, line 759]
Event: 1.156 Thread 0x000001d1a8e8d700 Exception <a 'java/lang/NoSuchMethodError'{0x0000000713f60cf8}: 'java.lang.Object java.lang.invoke.DirectMethodHandle$Holder.newInvokeSpecial(java.lang.Object, java.lang.Object, long)'> (0x0000000713f60cf8) 
thrown [s\src\hotspot\share\interpreter\linkResolver.cpp, line 759]
Event: 1.156 Thread 0x000001d1a8e8d700 Exception <a 'java/lang/NoSuchMethodError'{0x0000000713f65060}: 'java.lang.Object java.lang.invoke.Invokers$Holder.linkToTargetMethod(java.lang.Object, long, java.lang.Object)'> (0x0000000713f65060) 
thrown [s\src\hotspot\share\interpreter\linkResolver.cpp, line 759]
Event: 1.165 Thread 0x000001d1a8e8d700 Exception <a 'java/lang/NoSuchMethodError'{0x0000000713fc1cb0}: 'void java.lang.invoke.DirectMethodHandle$Holder.invokeVirtual(java.lang.Object, java.lang.Object, java.lang.Object, java.lang.Object)'> (0x0000000713fc1cb0) 
thrown [s\src\hotspot\share\interpreter\linkResolver.cpp, line 759]
Event: 1.191 Thread 0x000001d1a8e8d700 Exception <a 'java/lang/NoSuchMethodError'{0x0000000713dd9148}: 'void java.lang.invoke.DirectMethodHandle$Holder.invokeStatic(java.lang.Object, java.lang.Object, int)'> (0x0000000713dd9148) 
thrown [s\src\hotspot\share\interpreter\linkResolver.cpp, line 759]
Event: 1.194 Thread 0x000001d1a8e8d700 Exception <a 'java/lang/IncompatibleClassChangeError'{0x0000000713b02530}: Found class java.lang.Object, but interface was expected> (0x0000000713b02530) 
thrown [s\src\hotspot\share\interpreter\linkResolver.cpp, line 826]
Event: 1.334 Thread 0x000001d1a8e8d700 Exception <a 'sun/nio/fs/WindowsException'{0x00000007123e0ea0}> (0x00000007123e0ea0) 
thrown [s\src\hotspot\share\prims\jni.cpp, line 516]
Event: 1.335 Thread 0x000001d1a8e8d700 Exception <a 'sun/nio/fs/WindowsException'{0x00000007123eaa68}> (0x00000007123eaa68) 
thrown [s\src\hotspot\share\prims\jni.cpp, line 516]
Event: 1.393 Thread 0x000001d1a8e8d700 Exception <a 'java/lang/IncompatibleClassChangeError'{0x0000000711696f60}: Found class java.lang.Object, but interface was expected> (0x0000000711696f60) 
thrown [s\src\hotspot\share\interpreter\linkResolver.cpp, line 826]

VM Operations (20 events):
Event: 0.983 Executing VM operation: G1CollectForAllocation done
Event: 1.059 Executing VM operation: HandshakeAllThreads
Event: 1.059 Executing VM operation: HandshakeAllThreads done
Event: 1.086 Executing VM operation: HandshakeAllThreads
Event: 1.086 Executing VM operation: HandshakeAllThreads done
Event: 1.161 Executing VM operation: ICBufferFull
Event: 1.161 Executing VM operation: ICBufferFull done
Event: 1.184 Executing VM operation: HandshakeAllThreads
Event: 1.184 Executing VM operation: HandshakeAllThreads done
Event: 1.245 Executing VM operation: HandshakeAllThreads
Event: 1.245 Executing VM operation: HandshakeAllThreads done
Event: 1.267 Executing VM operation: HandshakeAllThreads
Event: 1.267 Executing VM operation: HandshakeAllThreads done
Event: 1.294 Executing VM operation: HandshakeAllThreads
Event: 1.294 Executing VM operation: HandshakeAllThreads done
Event: 1.440 Executing VM operation: HandshakeAllThreads
Event: 1.440 Executing VM operation: HandshakeAllThreads done
Event: 1.443 Executing VM operation: ICBufferFull
Event: 1.444 Executing VM operation: ICBufferFull done
Event: 1.487 Executing VM operation: CollectForMetadataAllocation

Events (20 events):
Event: 1.367 loading class jdk/xml/internal/JdkProperty
Event: 1.367 loading class jdk/xml/internal/JdkProperty done
Event: 1.379 Thread 0x000001d1d0a05540 Thread added: 0x000001d1d0a05540
Event: 1.383 Thread 0x000001d1d0a05540 Thread exited: 0x000001d1d0a05540
Event: 1.404 loading class java/beans/Transient
Event: 1.404 loading class java/beans/Transient done
Event: 1.404 loading class java/beans/ConstructorProperties
Event: 1.404 loading class java/beans/ConstructorProperties done
Event: 1.405 loading class java/io/InvalidObjectException
Event: 1.405 loading class java/io/InvalidObjectException done
Event: 1.436 loading class sun/text/resources/cldr/FormatData_en
Event: 1.436 loading class sun/text/resources/cldr/FormatData_en done
Event: 1.437 loading class sun/text/resources/cldr/FormatData_en_US
Event: 1.437 loading class sun/text/resources/cldr/FormatData_en_US done
Event: 1.438 loading class javax/naming/NamingException
Event: 1.438 loading class javax/naming/NamingException done
Event: 1.443 loading class java/beans/PropertyVetoException
Event: 1.443 loading class java/beans/PropertyVetoException done
Event: 1.445 loading class java/io/CharArrayReader
Event: 1.445 loading class java/io/CharArrayReader done


Dynamic libraries:
0x00007ff6c8190000 - 0x00007ff6c819d000 	C:\Users\sunna\.jdks\corretto-17.0.4.1\bin\java.exe
0x00007ff9eaa70000 - 0x00007ff9eac87000 	C:\WINDOWS\SYSTEM32\ntdll.dll
0x00007ff9e8d10000 - 0x00007ff9e8dd4000 	C:\WINDOWS\System32\KERNEL32.DLL
0x00007ff9e8270000 - 0x00007ff9e8616000 	C:\WINDOWS\System32\KERNELBASE.dll
0x00007ff9e8040000 - 0x00007ff9e8151000 	C:\WINDOWS\System32\ucrtbase.dll
0x00007ff9c9000000 - 0x00007ff9c9018000 	C:\Users\sunna\.jdks\corretto-17.0.4.1\bin\jli.dll
0x00007ff9cf520000 - 0x00007ff9cf535000 	C:\Users\sunna\.jdks\corretto-17.0.4.1\bin\VCRUNTIME140.dll
0x00007ff9ea410000 - 0x00007ff9ea5be000 	C:\WINDOWS\System32\USER32.dll
0x00007ff9e7db0000 - 0x00007ff9e7dd6000 	C:\WINDOWS\System32\win32u.dll
0x00007ff9e8b50000 - 0x00007ff9e8b79000 	C:\WINDOWS\System32\GDI32.dll
0x00007ff9e7f20000 - 0x00007ff9e8038000 	C:\WINDOWS\System32\gdi32full.dll
0x00007ff9e81d0000 - 0x00007ff9e826a000 	C:\WINDOWS\System32\msvcp_win.dll
0x00007ff9ce9c0000 - 0x00007ff9cec53000 	C:\WINDOWS\WinSxS\amd64_microsoft.windows.common-controls_6595b64144ccf1df_6.0.22621.2506_none_270c5ae97388e100\COMCTL32.dll
0x00007ff9e99c0000 - 0x00007ff9e9a67000 	C:\WINDOWS\System32\msvcrt.dll
0x00007ff9ea6d0000 - 0x00007ff9ea701000 	C:\WINDOWS\System32\IMM32.DLL
0x00007ff9b4390000 - 0x00007ff9b442b000 	C:\Users\sunna\.jdks\corretto-17.0.4.1\bin\msvcp140.dll
0x00007ff94f810000 - 0x00007ff950424000 	C:\Users\sunna\.jdks\corretto-17.0.4.1\bin\server\jvm.dll
0x00007ff9e9350000 - 0x00007ff9e9403000 	C:\WINDOWS\System32\ADVAPI32.dll
0x00007ff9e9470000 - 0x00007ff9e9518000 	C:\WINDOWS\System32\sechost.dll
0x00007ff9e8620000 - 0x00007ff9e8648000 	C:\WINDOWS\System32\bcrypt.dll
0x00007ff9e9020000 - 0x00007ff9e9137000 	C:\WINDOWS\System32\RPCRT4.dll
0x00007ff9e8de0000 - 0x00007ff9e8de8000 	C:\WINDOWS\System32\PSAPI.DLL
0x00007ff9e45f0000 - 0x00007ff9e45f9000 	C:\WINDOWS\SYSTEM32\WSOCK32.dll
0x00007ff9da330000 - 0x00007ff9da364000 	C:\WINDOWS\SYSTEM32\WINMM.dll
0x00007ff9cdf30000 - 0x00007ff9cdf3a000 	C:\WINDOWS\SYSTEM32\VERSION.dll
0x00007ff9e8c90000 - 0x00007ff9e8d01000 	C:\WINDOWS\System32\WS2_32.dll
0x00007ff9e6ee0000 - 0x00007ff9e6ef8000 	C:\WINDOWS\SYSTEM32\kernel.appcore.dll
0x00007ff9d16f0000 - 0x00007ff9d16fa000 	C:\Users\sunna\.jdks\corretto-17.0.4.1\bin\jimage.dll
0x00007ff9e5230000 - 0x00007ff9e5463000 	C:\WINDOWS\SYSTEM32\DBGHELP.DLL
0x00007ff9e87c0000 - 0x00007ff9e8b49000 	C:\WINDOWS\System32\combase.dll
0x00007ff9e9a70000 - 0x00007ff9e9b47000 	C:\WINDOWS\System32\OLEAUT32.dll
0x00007ff9ce430000 - 0x00007ff9ce462000 	C:\WINDOWS\SYSTEM32\dbgcore.DLL
0x00007ff9e7de0000 - 0x00007ff9e7e5a000 	C:\WINDOWS\System32\bcryptPrimitives.dll
0x00007ff9d1930000 - 0x00007ff9d193e000 	C:\Users\sunna\.jdks\corretto-17.0.4.1\bin\instrument.dll
0x00007ff9c8750000 - 0x00007ff9c8775000 	C:\Users\sunna\.jdks\corretto-17.0.4.1\bin\java.dll
0x00007ff988570000 - 0x00007ff988646000 	C:\Users\sunna\.jdks\corretto-17.0.4.1\bin\jsvml.dll
0x00007ff9e9b50000 - 0x00007ff9ea3ab000 	C:\WINDOWS\System32\SHELL32.dll
0x00007ff9e5d10000 - 0x00007ff9e6606000 	C:\WINDOWS\SYSTEM32\windows.storage.dll
0x00007ff9e5bd0000 - 0x00007ff9e5d0e000 	C:\WINDOWS\SYSTEM32\wintypes.dll
0x00007ff9e8b80000 - 0x00007ff9e8c73000 	C:\WINDOWS\System32\SHCORE.dll
0x00007ff9e92f0000 - 0x00007ff9e934e000 	C:\WINDOWS\System32\shlwapi.dll
0x00007ff9e7ce0000 - 0x00007ff9e7d06000 	C:\WINDOWS\SYSTEM32\profapi.dll
0x00007ff9c7200000 - 0x00007ff9c7218000 	C:\Users\sunna\.jdks\corretto-17.0.4.1\bin\zip.dll
0x00007ff9c8910000 - 0x00007ff9c8929000 	C:\Users\sunna\.jdks\corretto-17.0.4.1\bin\net.dll
0x00007ff9ddfe0000 - 0x00007ff9de117000 	C:\WINDOWS\SYSTEM32\WINHTTP.dll
0x00007ff9e7360000 - 0x00007ff9e73c9000 	C:\WINDOWS\system32\mswsock.dll
0x00007ff9c8690000 - 0x00007ff9c86a5000 	C:\Users\sunna\.jdks\corretto-17.0.4.1\bin\nio.dll
0x00007ff9d3ef0000 - 0x00007ff9d3f0a000 	D:\Program Files\JetBrains\IntelliJ IDEA 2023.2.5\bin\breakgen64.dll

dbghelp: loaded successfully - version: 4.0.5 - missing functions: none
symbol engine: initialized successfully - sym options: 0x614 - pdb path: .;C:\Users\sunna\.jdks\corretto-17.0.4.1\bin;C:\WINDOWS\SYSTEM32;C:\WINDOWS\WinSxS\amd64_microsoft.windows.common-controls_6595b64144ccf1df_6.0.22621.2506_none_270c5ae97388e100;C:\Users\sunna\.jdks\corretto-17.0.4.1\bin\server;D:\Program Files\JetBrains\IntelliJ IDEA 2023.2.5\bin

VM Arguments:
jvm_args: -ea -Didea.test.cyclic.buffer.size=1048576 -javaagent:D:\Program Files\JetBrains\IntelliJ IDEA 2023.2.5\lib\idea_rt.jar=64867:D:\Program Files\JetBrains\IntelliJ IDEA 2023.2.5\bin -Dfile.encoding=UTF-8 
java_command: com.intellij.rt.junit.JUnitStarter -ideVersion5 -junit5 com.hit.community.repository.SearchQueryDslRepositoryTest,searchAndPagingTest5
java_class_path (initial): C:\Users\sunna\.m2\repository\org\junit\platform\junit-platform-launcher\1.9.3\junit-platform-launcher-1.9.3.jar;C:\Users\sunna\.m2\repository\org\junit\platform\junit-platform-engine\1.9.3\junit-platform-engine-1.9.3.jar;C:\Users\sunna\.m2\repository\org\opentest4j\opentest4j\1.2.0\opentest4j-1.2.0.jar;C:\Users\sunna\.m2\repository\org\junit\platform\junit-platform-commons\1.9.3\junit-platform-commons-1.9.3.jar;C:\Users\sunna\.m2\repository\org\apiguardian\apiguardian-api\1.1.2\apiguardian-api-1.1.2.jar;D:\Program Files\JetBrains\IntelliJ IDEA 2023.2.5\lib\idea_rt.jar;D:\Program Files\JetBrains\IntelliJ IDEA 2023.2.5\plugins\junit\lib\junit5-rt.jar;D:\Program Files\JetBrains\IntelliJ IDEA 2023.2.5\plugins\junit\lib\junit-rt.jar;D:\HIT-ToyProject\backend\community\out\test\classes;D:\HIT-ToyProject\backend\community\out\test\resources;D:\HIT-ToyProject\backend\community\out\production\classes;D:\HIT-ToyProject\backend\community\out\production\resources;C:\Users\sunna\.gradle\caches\modules-2\files-2.1\org.springframework.boot\spring-boot-starter-data-jpa\3.1.5\5fdcfab1fe9d6dddf4352d71f5ed879eb1aa92c2\spring-boot-starter-data-jpa-3.1.5.jar;C:\Users\sunna\.gradle\caches\modules-2\files-2.1\org.springframework.boot\spring-boot-starter-validation\3.1.5\f653e6661ec3da08003789f4a6583d1674e333b1\spring-boot-starter-validation-3.1.5.jar;C:\Users\sunna\.gradle\caches\modules-2\files-2.1\org.springframework.boot\spring-boot-starter-thymeleaf\3.1.5\3d5f1bff03e5e58b065ca230b7ee24b84bf7fe75\spring-boot-starter-thymeleaf-3.1.5.jar;C:\Users\sunna\.gradle\caches\modules-2\files-2.1\org.springframework.boot\spring-boot-starter-web\3.1.5\3674e5603cc25bc4dccf73b97d50234332fc3d72\spring-boot-starter-web-3.1.5.jar;C:\Users\sunna\.gradle\caches\modules-2\files-2.1\com.querydsl\querydsl-jpa\5.0.0\2a653852848dee41b967d3520be3339f0f92f1ea\querydsl-jpa-5.0.0-jakarta.jar;C:\Users\sunna\.gradle\caches\modules-2\files-2.1\org.springframework.boot\spring-boot-starter
Launcher Type: SUN_STANDARD

[Global flags]
     intx CICompilerCount                          = 4                                         {product} {ergonomic}
     uint ConcGCThreads                            = 2                                         {product} {ergonomic}
     uint G1ConcRefinementThreads                  = 8                                         {product} {ergonomic}
   size_t G1HeapRegionSize                         = 2097152                                   {product} {ergonomic}
    uintx GCDrainStackTargetSize                   = 64                                        {product} {ergonomic}
   size_t InitialHeapSize                          = 264241152                                 {product} {ergonomic}
   size_t MarkStackSize                            = 4194304                                   {product} {ergonomic}
   size_t MaxHeapSize                              = 4211081216                                {product} {ergonomic}
   size_t MaxNewSize                               = 2524971008                                {product} {ergonomic}
   size_t MinHeapDeltaBytes                        = 2097152                                   {product} {ergonomic}
   size_t MinHeapSize                              = 8388608                                   {product} {ergonomic}
    uintx NonNMethodCodeHeapSize                   = 5839372                                {pd product} {ergonomic}
    uintx NonProfiledCodeHeapSize                  = 122909434                              {pd product} {ergonomic}
    uintx ProfiledCodeHeapSize                     = 122909434                              {pd product} {ergonomic}
    uintx ReservedCodeCacheSize                    = 251658240                              {pd product} {ergonomic}
     bool SegmentedCodeCache                       = true                                      {product} {ergonomic}
   size_t SoftMaxHeapSize                          = 4211081216                             {manageable} {ergonomic}
     bool UseCompressedClassPointers               = true                           {product lp64_product} {ergonomic}
     bool UseCompressedOops                        = true                           {product lp64_product} {ergonomic}
     bool UseG1GC                                  = true                                      {product} {ergonomic}
     bool UseLargePagesIndividualAllocation        = false                                  {pd product} {ergonomic}

Logging:
Log output configuration:
 #0: stdout all=warning uptime,level,tags
 #1: stderr all=off uptime,level,tags

Environment Variables:
JAVA_HOME=C:\Program Files\Java\jdk-11.0.13
CLASSPATH=C:\Program Files\Java\jdk-11.0.13\lib
PATH=C:\Program Files (x86)\Common Files\Oracle\Java\javapath;D:\oraclexe\app\oracle\product\11.2.0\server\bin;C:\WINDOWS\system32;C:\WINDOWS;C:\WINDOWS\System32\Wbem;C:\WINDOWS\System32\WindowsPowerShell\v1.0\;C:\Windows\System32\OpenSSH;C:\Python;C:\Python\Scripts;C:\Users\sunna\anaconda3;C:\Program Files\Bandizip\;D:\Ruby30-x64\bin;C:\Users\sunna\AppData\Local\Microsoft\WindowsApps;C:\Users\sunna\AppData\Roaming\npm;D:\Users\sunna\AppData\Local\Programs\Microsoft VS Code\bin;D:\Program Files\heroku\bin;D:\Program Files\JetBrains\IntelliJ IDEA Community Edition 2022.2.1\bin;D:\Program Files\JetBrains\Intel;C:\Users\sunna\anaconda3\Library\bin;C:\Program Files\MySQL\MySQL Server 8.0\bin;C:\WINDOWS\system32;C:\WINDOWS;C:\WINDOWS\System32\Wbem;C:\WINDOWS\System32\WindowsPowerShell\v1.0\;C:\WINDOWS\System32\OpenSSH\;D:\Program Files\MySQL\MySQL Server 8.0\bin;C:\ProgramData\chocolatey\bin;D:\Program Files\Git\cmd;D:\Program Files\Amazon\AWSCLIV2\;C:\Users\sunna\OneDrive\Desktop\apache-maven-3.9.4\bin;C:\Program Files\Java\jdk-11.0.13\bin;C:\Program Files (x86)\NetSarang\Xshell 7\;C:\putty\;C:\Program Files\Vagrant\bin;C:\Users\sunna\AppData\Local\Programs\Python\Python39\Scripts\;C:\Users\sunna\AppData\Local\Programs\Python\Python39\;C:\Users\sunna\AppData\Local\Microsoft\WindowsApps;D:\Users\sunna\AppData\Local\Programs\Microsoft VS Code\bin;D:\Program Files\heroku\bin;D:\Program Files\JetBrains\IntelliJ IDEA Community Edition 2022.2.1\bin;D:\Program Files\JetBrains\IntelliJ IDEA 2022.2.1\bin;C:\Users\sunna\AppData\Local\gitkraken\bin;C:\ProgramData\sunna\gitkraken\bin;D:\Program Files\JetBrains\IntelliJ IDEA 2023.2.5\bin;;C:\Users\sunna\AppData\Local\Microsoft\WindowsApps;C:\MinGW\bin;;D:\Program Files\JetBrains\PyCharm 2023.1.2\bin;
USERNAME=sunna
OS=Windows_NT
PROCESSOR_IDENTIFIER=Intel64 Family 6 Model 140 Stepping 1, GenuineIntel
TMP=C:\Users\sunna\AppData\Local\Temp
TEMP=C:\Users\sunna\AppData\Local\Temp



---------------  S Y S T E M  ---------------

OS:
 Windows 11 , 64 bit Build 22621 (10.0.22621.3085)
OS uptime: 4 days 16:59 hours

CPU: total 8 (initial active 8) (4 cores per cpu, 2 threads per core) family 6 model 140 stepping 1 microcode 0x9a, cx8, cmov, fxsr, ht, mmx, 3dnowpref, sse, sse2, sse3, ssse3, sse4.1, sse4.2, popcnt, lzcnt, tsc, tscinvbit, avx, avx2, aes, erms, clmul, bmi1, bmi2, adx, avx512f, avx512dq, avx512cd, avx512bw, avx512vl, sha, fma, vzeroupper, avx512_vpopcntdq, avx512_vpclmulqdq, avx512_vaes, avx512_vnni, clflush, clflushopt, clwb, avx512_vbmi2, avx512_vbmi

Memory: 4k page, system-wide physical 16057M (3098M free)
TotalPageFile size 18105M (AvailPageFile size 206M)
current process WorkingSet (physical memory assigned to process): 126M, peak: 183M
current process commit charge ("private bytes"): 210M, peak: 412M

vm_info: OpenJDK 64-Bit Server VM (17.0.4.1+9-LTS) for windows-amd64 JRE (17.0.4.1+9-LTS), built on Aug 12 2022 17:33:36 by "Administrator" with MS VC++ 15.9 (VS2017)

END.
