#
# There is insufficient memory for the Java Runtime Environment to continue.
# Native memory allocation (mmap) failed to map 264241152 bytes for G1 virtual space
# Possible reasons:
#   The system is out of physical RAM or swap space
#   The process is running with CompressedOops enabled, and the Java Heap may be blocking the growth of the native heap
# Possible solutions:
#   Reduce memory load on the system
#   Increase physical memory or swap space
#   Check if swap backing store is full
#   Decrease Java heap size (-Xmx/-Xms)
#   Decrease number of Java threads
#   Decrease Java thread stack sizes (-Xss)
#   Set larger code cache with -XX:ReservedCodeCacheSize=
#   JVM is running with Zero Based Compressed Oops mode in which the Java heap is
#     placed in the first 32GB address space. The Java Heap base address is the
#     maximum limit for the native heap growth. Please use -XX:HeapBaseMinAddress
#     to set the Java Heap base and to place the Java Heap above 32GB virtual address.
# This output file may be truncated or incomplete.
#
#  Out of Memory Error (os_windows.cpp:3541), pid=14300, tid=16640
#
# JRE version:  (17.0.4.1+9) (build )
# Java VM: OpenJDK 64-Bit Server VM (17.0.4.1+9-LTS, mixed mode, emulated-client, sharing, tiered, compressed oops, compressed class ptrs, g1 gc, windows-amd64)
# No core dump will be written. Minidumps are not enabled by default on client versions of Windows
#

---------------  S U M M A R Y ------------

Command Line: -XX:TieredStopAtLevel=1 -Dspring.output.ansi.enabled=always -Dcom.sun.management.jmxremote -Dspring.jmx.enabled=true -Dspring.liveBeansView.mbeanDomain -Dspring.application.admin.enabled=true -javaagent:D:\Program Files\JetBrains\IntelliJ IDEA 2022.2.2\lib\idea_rt.jar=55372:D:\Program Files\JetBrains\IntelliJ IDEA 2022.2.2\bin -Dfile.encoding=UTF-8 com.hit.community.CommunityApplication

Host: 11th Gen Intel(R) Core(TM) i7-1165G7 @ 2.80GHz, 8 cores, 15G,  Windows 11 , 64 bit Build 22621 (10.0.22621.2506)
Time: Fri Nov 24 14:21:04 2023  Windows 11 , 64 bit Build 22621 (10.0.22621.2506) elapsed time: 0.027093 seconds (0d 0h 0m 0s)

---------------  T H R E A D  ---------------

Current thread (0x000002b10ba121a0):  JavaThread "Unknown thread" [_thread_in_vm, id=16640, stack(0x000000f24b200000,0x000000f24b300000)]

Stack: [0x000000f24b200000,0x000000f24b300000]
Native frames: (J=compiled Java code, j=interpreted, Vv=VM code, C=native code)
V  [jvm.dll+0x64724a]
V  [jvm.dll+0x7f87a4]
V  [jvm.dll+0x7f9f5e]
V  [jvm.dll+0x7fa5b3]
V  [jvm.dll+0x234ed8]
V  [jvm.dll+0x64418a]
V  [jvm.dll+0x638ab2]
V  [jvm.dll+0x2f3109]
V  [jvm.dll+0x2fa2e6]
V  [jvm.dll+0x345eaa]
V  [jvm.dll+0x3460ef]
V  [jvm.dll+0x2c95a8]
V  [jvm.dll+0x2ca539]
V  [jvm.dll+0x7cbdb1]
V  [jvm.dll+0x353391]
V  [jvm.dll+0x7ac18e]
V  [jvm.dll+0x3cec43]
V  [jvm.dll+0x3d0681]
C  [jli.dll+0x51af]
C  [ucrtbase.dll+0x29363]
C  [KERNEL32.DLL+0x1257d]
C  [ntdll.dll+0x5aa58]


---------------  P R O C E S S  ---------------

Threads class SMR info:
_java_thread_list=0x00007ffa97e86718, length=0, elements={
}

Java Threads: ( => current thread )

Other Threads:
  0x000002b10ba7b270 GCTaskThread "GC Thread#0" [stack: 0x000000f24b300000,0x000000f24b400000] [id=20036]
  0x000002b10ba8bcb0 ConcurrentGCThread "G1 Main Marker" [stack: 0x000000f24b400000,0x000000f24b500000] [id=15240]
  0x000002b10ba8ef20 ConcurrentGCThread "G1 Conc#0" [stack: 0x000000f24b500000,0x000000f24b600000] [id=18480]

[error occurred during error reporting (printing all threads), id 0xc0000005, EXCEPTION_ACCESS_VIOLATION (0xc0000005) at pc=0x00007ffa9767a797]

VM state: not at safepoint (not fully initialized)

VM Mutex/Monitor currently owned by a thread:  ([mutex/lock_event])
[0x000002b10ba0e060] Heap_lock - owner thread: 0x000002b10ba121a0

Heap address: 0x0000000705000000, size: 4016 MB, Compressed Oops mode: Zero based, Oop shift amount: 3

CDS archive(s) mapped at: [0x0000000000000000-0x0000000000000000-0x0000000000000000), size 0, SharedBaseAddress: 0x0000000800000000, ArchiveRelocationMode: 0.
Narrow klass base: 0x0000000000000000, Narrow klass shift: 0, Narrow klass range: 0x0

GC Precious Log:
<Empty>

Heap:
 garbage-first heap   total 0K, used 0K [0x0000000705000000, 0x0000000800000000)
  region size 2048K, 0 young (0K), 0 survivors (0K)

[error occurred during error reporting (printing heap information), id 0xc0000005, EXCEPTION_ACCESS_VIOLATION (0xc0000005) at pc=0x00007ffa97a3ed69]

GC Heap History (0 events):
No events

Deoptimization events (0 events):
No events

Classes unloaded (0 events):
No events

Classes redefined (0 events):
No events

Internal exceptions (0 events):
No events

VM Operations (0 events):
No events

Events (1 events):
Event: 0.014 Loaded shared library C:\Users\sunna\.jdks\corretto-17.0.4.1\bin\java.dll


Dynamic libraries:
0x00007ff71a0f0000 - 0x00007ff71a0fd000 	C:\Users\sunna\.jdks\corretto-17.0.4.1\bin\java.exe
0x00007ffb18250000 - 0x00007ffb18467000 	C:\WINDOWS\SYSTEM32\ntdll.dll
0x00007ffb16bc0000 - 0x00007ffb16c84000 	C:\WINDOWS\System32\KERNEL32.DLL
0x00007ffb158d0000 - 0x00007ffb15c75000 	C:\WINDOWS\System32\KERNELBASE.dll
0x00007ffb15d50000 - 0x00007ffb15e61000 	C:\WINDOWS\System32\ucrtbase.dll
0x00007ffab4ba0000 - 0x00007ffab4bb8000 	C:\Users\sunna\.jdks\corretto-17.0.4.1\bin\jli.dll
0x00007ffab8170000 - 0x00007ffab8185000 	C:\Users\sunna\.jdks\corretto-17.0.4.1\bin\VCRUNTIME140.dll
0x00007ffb15fa0000 - 0x00007ffb1614e000 	C:\WINDOWS\System32\USER32.dll
0x00007ffb15d20000 - 0x00007ffb15d46000 	C:\WINDOWS\System32\win32u.dll
0x00007ffafbdd0000 - 0x00007ffafc063000 	C:\WINDOWS\WinSxS\amd64_microsoft.windows.common-controls_6595b64144ccf1df_6.0.22621.2506_none_270c5ae97388e100\COMCTL32.dll
0x00007ffb16c90000 - 0x00007ffb16cb9000 	C:\WINDOWS\System32\GDI32.dll
0x00007ffb161b0000 - 0x00007ffb16257000 	C:\WINDOWS\System32\msvcrt.dll
0x00007ffb15730000 - 0x00007ffb15849000 	C:\WINDOWS\System32\gdi32full.dll
0x00007ffb15c80000 - 0x00007ffb15d1a000 	C:\WINDOWS\System32\msvcp_win.dll
0x00007ffb16cc0000 - 0x00007ffb16cf1000 	C:\WINDOWS\System32\IMM32.DLL
0x00007ffab4b00000 - 0x00007ffab4b9b000 	C:\Users\sunna\.jdks\corretto-17.0.4.1\bin\msvcp140.dll
0x00007ffa973a0000 - 0x00007ffa97fb4000 	C:\Users\sunna\.jdks\corretto-17.0.4.1\bin\server\jvm.dll
0x00007ffb16280000 - 0x00007ffb16331000 	C:\WINDOWS\System32\ADVAPI32.dll
0x00007ffb16ff0000 - 0x00007ffb17096000 	C:\WINDOWS\System32\sechost.dll
0x00007ffb16d00000 - 0x00007ffb16e17000 	C:\WINDOWS\System32\RPCRT4.dll
0x00007ffb16fe0000 - 0x00007ffb16fe8000 	C:\WINDOWS\System32\PSAPI.DLL
0x00007ffafdf10000 - 0x00007ffafdf1a000 	C:\WINDOWS\SYSTEM32\VERSION.dll
0x00007ffb08b80000 - 0x00007ffb08b89000 	C:\WINDOWS\SYSTEM32\WSOCK32.dll
0x00007ffb180b0000 - 0x00007ffb18121000 	C:\WINDOWS\System32\WS2_32.dll
0x00007ffb08bb0000 - 0x00007ffb08be4000 	C:\WINDOWS\SYSTEM32\WINMM.dll
0x00007ffb14630000 - 0x00007ffb14648000 	C:\WINDOWS\SYSTEM32\kernel.appcore.dll
0x00007ffae6b10000 - 0x00007ffae6b1a000 	C:\Users\sunna\.jdks\corretto-17.0.4.1\bin\jimage.dll
0x00007ffb129f0000 - 0x00007ffb12c23000 	C:\WINDOWS\SYSTEM32\DBGHELP.DLL
0x00007ffb16340000 - 0x00007ffb166c9000 	C:\WINDOWS\System32\combase.dll
0x00007ffb18130000 - 0x00007ffb18207000 	C:\WINDOWS\System32\OLEAUT32.dll
0x00007ffaf3660000 - 0x00007ffaf3692000 	C:\WINDOWS\SYSTEM32\dbgcore.DLL
0x00007ffb15850000 - 0x00007ffb158ca000 	C:\WINDOWS\System32\bcryptPrimitives.dll
0x00007ffb0bb10000 - 0x00007ffb0bb1e000 	C:\Users\sunna\.jdks\corretto-17.0.4.1\bin\instrument.dll
0x00007ffab3ff0000 - 0x00007ffab4015000 	C:\Users\sunna\.jdks\corretto-17.0.4.1\bin\java.dll

dbghelp: loaded successfully - version: 4.0.5 - missing functions: none
symbol engine: initialized successfully - sym options: 0x614 - pdb path: .;C:\Users\sunna\.jdks\corretto-17.0.4.1\bin;C:\WINDOWS\SYSTEM32;C:\WINDOWS\WinSxS\amd64_microsoft.windows.common-controls_6595b64144ccf1df_6.0.22621.2506_none_270c5ae97388e100;C:\Users\sunna\.jdks\corretto-17.0.4.1\bin\server

VM Arguments:
jvm_args: -XX:TieredStopAtLevel=1 -Dspring.output.ansi.enabled=always -Dcom.sun.management.jmxremote -Dspring.jmx.enabled=true -Dspring.liveBeansView.mbeanDomain -Dspring.application.admin.enabled=true -javaagent:D:\Program Files\JetBrains\IntelliJ IDEA 2022.2.2\lib\idea_rt.jar=55372:D:\Program Files\JetBrains\IntelliJ IDEA 2022.2.2\bin -Dfile.encoding=UTF-8 
java_command: com.hit.community.CommunityApplication
java_class_path (initial): D:\HIT-ToyProject\backend\community\out\production\classes;D:\HIT-ToyProject\backend\community\out\production\resources;C:\Users\sunna\.gradle\caches\modules-2\files-2.1\org.projectlombok\lombok\1.18.30\f195ee86e6c896ea47a1d39defbe20eb59cd149d\lombok-1.18.30.jar;C:\Users\sunna\.gradle\caches\modules-2\files-2.1\org.springframework.boot\spring-boot-starter-data-jpa\3.1.5\5fdcfab1fe9d6dddf4352d71f5ed879eb1aa92c2\spring-boot-starter-data-jpa-3.1.5.jar;C:\Users\sunna\.gradle\caches\modules-2\files-2.1\org.springframework.boot\spring-boot-starter-validation\3.1.5\f653e6661ec3da08003789f4a6583d1674e333b1\spring-boot-starter-validation-3.1.5.jar;C:\Users\sunna\.gradle\caches\modules-2\files-2.1\org.springframework.boot\spring-boot-starter-web\3.1.5\3674e5603cc25bc4dccf73b97d50234332fc3d72\spring-boot-starter-web-3.1.5.jar;C:\Users\sunna\.gradle\caches\modules-2\files-2.1\org.springframework.boot\spring-boot-starter-oauth2-client\3.1.5\937bc3e49e42cb30514308acf0ce3e2519527088\spring-boot-starter-oauth2-client-3.1.5.jar;C:\Users\sunna\.gradle\caches\modules-2\files-2.1\org.springframework.boot\spring-boot-starter-thymeleaf\3.1.5\3d5f1bff03e5e58b065ca230b7ee24b84bf7fe75\spring-boot-starter-thymeleaf-3.1.5.jar;C:\Users\sunna\.gradle\caches\modules-2\files-2.1\org.springframework.boot\spring-boot-starter-aop\3.1.5\2ac1f8bf4c2bce13b46d04abafc69a4f1523a08\spring-boot-starter-aop-3.1.5.jar;C:\Users\sunna\.gradle\caches\modules-2\files-2.1\org.springframework.boot\spring-boot-starter-jdbc\3.1.5\138c0e0ab493d8a51bb51dfc3b7144d702ff4c26\spring-boot-starter-jdbc-3.1.5.jar;C:\Users\sunna\.gradle\caches\modules-2\files-2.1\org.hibernate.orm\hibernate-core\6.2.13.Final\de458672b40154ab9ecfe7466987ad1772167af8\hibernate-core-6.2.13.Final.jar;C:\Users\sunna\.gradle\caches\modules-2\files-2.1\org.springframework.data\spring-data-jpa\3.1.5\6de79da064f0b97c6448e0bfa5d63da9fb6e1582\spring-data-jpa-3.1.5.jar;C:\Users\sunna\.gradle\caches\modules-2\files-2.1\org.spri
Launcher Type: SUN_STANDARD

[Global flags]
     intx CICompilerCount                          = 4                                         {product} {ergonomic}
     uint ConcGCThreads                            = 2                                         {product} {ergonomic}
     uint G1ConcRefinementThreads                  = 8                                         {product} {ergonomic}
   size_t G1HeapRegionSize                         = 2097152                                   {product} {ergonomic}
    uintx GCDrainStackTargetSize                   = 64                                        {product} {ergonomic}
   size_t InitialHeapSize                          = 264241152                                 {product} {ergonomic}
     bool ManagementServer                         = true                                      {product} {command line}
   size_t MarkStackSize                            = 4194304                                   {product} {ergonomic}
   size_t MaxHeapSize                              = 4211081216                                {product} {ergonomic}
   size_t MinHeapDeltaBytes                        = 2097152                                   {product} {ergonomic}
   size_t MinHeapSize                              = 8388608                                   {product} {ergonomic}
    uintx NonProfiledCodeHeapSize                  = 0                                      {pd product} {ergonomic}
     bool ProfileInterpreter                       = false                                  {pd product} {command line}
    uintx ProfiledCodeHeapSize                     = 0                                      {pd product} {ergonomic}
   size_t SoftMaxHeapSize                          = 4211081216                             {manageable} {ergonomic}
     intx TieredStopAtLevel                        = 1                                         {product} {command line}
     bool UseCompressedClassPointers               = true                           {product lp64_product} {ergonomic}
     bool UseCompressedOops                        = true                           {product lp64_product} {ergonomic}
     bool UseG1GC                                  = true                                      {product} {ergonomic}
     bool UseLargePagesIndividualAllocation        = false                                  {pd product} {ergonomic}

Logging:
Log output configuration:
 #0: stdout all=warning uptime,level,tags
 #1: stderr all=off uptime,level,tags

Environment Variables:
JAVA_HOME=C:\Program Files\Java\jdk-11.0.13
CLASSPATH=C:\Program Files\Java\jdk-11.0.13\lib
PATH=C:\Program Files (x86)\Common Files\Oracle\Java\javapath;D:\oraclexe\app\oracle\product\11.2.0\server\bin;C:\WINDOWS\system32;C:\WINDOWS;C:\WINDOWS\System32\Wbem;C:\WINDOWS\System32\WindowsPowerShell\v1.0\;C:\WINDOWS\System32\OpenSSH\;C:\Python;C:\Python\Scripts;C:\Users\sunna\anaconda3;C:\Program Files\Bandizip\;D:\Ruby30-x64\bin;C:\Users\sunna\AppData\Local\Microsoft\WindowsApps;C:\Users\sunna\AppData\Roaming\npm;D:\Users\sunna\AppData\Local\Programs\Microsoft VS Code\bin;D:\Program Files\heroku\bin;D:\Program Files\JetBrains\IntelliJ IDEA Community Edition 2022.2.1\bin;D:\Program Files\JetBrains\Intel;C:\Users\sunna\anaconda3\Library\bin;C:\Program Files\MySQL\MySQL Server 8.0\bin;C:\WINDOWS\system32;C:\WINDOWS;C:\WINDOWS\System32\Wbem;C:\WINDOWS\System32\WindowsPowerShell\v1.0\;C:\WINDOWS\System32\OpenSSH\;D:\Program Files\MySQL\MySQL Server 8.0\bin;C:\ProgramData\chocolatey\bin;D:\Program Files\Git\cmd;D:\Program Files\Amazon\AWSCLIV2\;C:\Users\sunna\OneDrive\Desktop\apache-maven-3.9.4\bin;C:\Program Files\PuTTY\;C:\Users\sunna\AppData\Local\Programs\Python\Python39\Scripts\;C:\Users\sunna\AppData\Local\Programs\Python\Python39\;C:\Users\sunna\AppData\Local\Microsoft\WindowsApps;D:\Users\sunna\AppData\Local\Programs\Microsoft VS Code\bin;D:\Program Files\heroku\bin;D:\Program Files\JetBrains\IntelliJ IDEA Community Edition 2022.2.1\bin;D:\Program Files\JetBrains\IntelliJ IDEA 2022.2.1\bin;C:\Users\sunna\AppData\Local\gitkraken\bin;C:\ProgramData\sunna\gitkraken\bin;D:\Program Files\JetBrains\IntelliJ IDEA 2022.2.2\bin;;C:\Users\sunna\AppData\Local\Microsoft\WindowsApps;C:\MinGW\bin;;D:\Program Files\JetBrains\PyCharm 2023.1.2\bin;
USERNAME=sunna
OS=Windows_NT
PROCESSOR_IDENTIFIER=Intel64 Family 6 Model 140 Stepping 1, GenuineIntel
TMP=C:\Users\sunna\AppData\Local\Temp
TEMP=C:\Users\sunna\AppData\Local\Temp



---------------  S Y S T E M  ---------------

OS:
 Windows 11 , 64 bit Build 22621 (10.0.22621.2506)
OS uptime: 0 days 2:18 hours
Hyper-V role detected

CPU: total 8 (initial active 8) (4 cores per cpu, 2 threads per core) family 6 model 140 stepping 1 microcode 0x9a, cx8, cmov, fxsr, ht, mmx, 3dnowpref, sse, sse2, sse3, ssse3, sse4.1, sse4.2, popcnt, lzcnt, tsc, tscinvbit, avx, avx2, aes, erms, clmul, bmi1, bmi2, adx, avx512f, avx512dq, avx512cd, avx512bw, avx512vl, sha, fma, vzeroupper, avx512_vpopcntdq, avx512_vpclmulqdq, avx512_vaes, avx512_vnni, clflush, clflushopt, clwb, avx512_vbmi2, avx512_vbmi, hv

Memory: 4k page, system-wide physical 16057M (2703M free)
TotalPageFile size 18070M (AvailPageFile size 131M)
current process WorkingSet (physical memory assigned to process): 11M, peak: 11M
current process commit charge ("private bytes"): 55M, peak: 307M

vm_info: OpenJDK 64-Bit Server VM (17.0.4.1+9-LTS) for windows-amd64 JRE (17.0.4.1+9-LTS), built on Aug 12 2022 17:33:36 by "Administrator" with MS VC++ 15.9 (VS2017)

END.
