#
# There is insufficient memory for the Java Runtime Environment to continue.
# Native memory allocation (mmap) failed to map 65536 bytes for Failed to commit metaspace.
# Possible reasons:
#   The system is out of physical RAM or swap space
#   The process is running with CompressedOops enabled, and the Java Heap may be blocking the growth of the native heap
# Possible solutions:
#   Reduce memory load on the system
#   Increase physical memory or swap space
#   Check if swap backing store is full
#   Decrease Java heap size (-Xmx/-Xms)
#   Decrease number of Java threads
#   Decrease Java thread stack sizes (-Xss)
#   Set larger code cache with -XX:ReservedCodeCacheSize=
#   JVM is running with Zero Based Compressed Oops mode in which the Java heap is
#     placed in the first 32GB address space. The Java Heap base address is the
#     maximum limit for the native heap growth. Please use -XX:HeapBaseMinAddress
#     to set the Java Heap base and to place the Java Heap above 32GB virtual address.
# This output file may be truncated or incomplete.
#
#  Out of Memory Error (virtualSpaceNode.cpp:110), pid=9160, tid=12384
#
# JRE version: OpenJDK Runtime Environment Corretto-17.0.4.9.1 (17.0.4.1+9) (build 17.0.4.1+9-LTS)
# Java VM: OpenJDK 64-Bit Server VM Corretto-17.0.4.9.1 (17.0.4.1+9-LTS, mixed mode, emulated-client, sharing, tiered, compressed oops, compressed class ptrs, g1 gc, windows-amd64)
# No core dump will be written. Minidumps are not enabled by default on client versions of Windows
#

---------------  S U M M A R Y ------------

Command Line: -XX:TieredStopAtLevel=1 -Dspring.output.ansi.enabled=always -Dcom.sun.management.jmxremote -Dspring.jmx.enabled=true -Dspring.liveBeansView.mbeanDomain -Dspring.application.admin.enabled=true -javaagent:D:\Program Files\JetBrains\IntelliJ IDEA 2022.2.2\lib\idea_rt.jar=61111:D:\Program Files\JetBrains\IntelliJ IDEA 2022.2.2\bin -Dfile.encoding=UTF-8 com.hit.community.CommunityApplication

Host: 11th Gen Intel(R) Core(TM) i7-1165G7 @ 2.80GHz, 8 cores, 15G,  Windows 11 , 64 bit Build 22621 (10.0.22621.2506)
Time: Fri Nov 24 15:15:14 2023  Windows 11 , 64 bit Build 22621 (10.0.22621.2506) elapsed time: 0.865964 seconds (0d 0h 0m 0s)

---------------  T H R E A D  ---------------

Current thread (0x000001246464c800):  JavaThread "restartedMain" [_thread_in_vm, id=12384, stack(0x0000000f30900000,0x0000000f30a00000)]

Stack: [0x0000000f30900000,0x0000000f30a00000]
Native frames: (J=compiled Java code, j=interpreted, Vv=VM code, C=native code)
V  [jvm.dll+0x64724a]
V  [jvm.dll+0x7f87a4]
V  [jvm.dll+0x7f9f5e]
V  [jvm.dll+0x7fa5b3]
V  [jvm.dll+0x234ed8]
V  [jvm.dll+0x7f487b]
V  [jvm.dll+0x5ee866]
V  [jvm.dll+0x1b490e]
V  [jvm.dll+0x5f10b4]
V  [jvm.dll+0x5ef21d]
V  [jvm.dll+0x1d7a73]
V  [jvm.dll+0x1d7372]
V  [jvm.dll+0x1ddd90]
V  [jvm.dll+0x1d3909]
V  [jvm.dll+0x513e90]
V  [jvm.dll+0x7766dc]
V  [jvm.dll+0x7767c4]
V  [jvm.dll+0x3ee675]
V  [jvm.dll+0x3f4251]
C  [java.dll+0x17ec]

Java frames: (J=compiled Java code, j=interpreted, Vv=VM code)
J 1158  java.lang.ClassLoader.defineClass1(Ljava/lang/ClassLoader;Ljava/lang/String;[BIILjava/security/ProtectionDomain;Ljava/lang/String;)Ljava/lang/Class; java.base@17.0.4.1 (0 bytes) @ 0x000001245433fde3 [0x000001245433fd20+0x00000000000000c3]
J 1308 c1 java.lang.ClassLoader.defineClass(Ljava/lang/String;[BIILjava/security/ProtectionDomain;)Ljava/lang/Class; java.base@17.0.4.1 (43 bytes) @ 0x00000124543806ec [0x00000124543805e0+0x000000000000010c]
J 1163 c1 jdk.internal.loader.BuiltinClassLoader.defineClass(Ljava/lang/String;Ljdk/internal/loader/Resource;)Ljava/lang/Class; java.base@17.0.4.1 (121 bytes) @ 0x0000012454348074 [0x0000012454347ba0+0x00000000000004d4]
J 1157 c1 jdk.internal.loader.BuiltinClassLoader.findClassOnClassPathOrNull(Ljava/lang/String;)Ljava/lang/Class; java.base@17.0.4.1 (64 bytes) @ 0x0000012454345644 [0x0000012454345380+0x00000000000002c4]
J 940 c1 jdk.internal.loader.BuiltinClassLoader.loadClassOrNull(Ljava/lang/String;Z)Ljava/lang/Class; java.base@17.0.4.1 (143 bytes) @ 0x00000124542e7384 [0x00000124542e6f00+0x0000000000000484]
J 1077 c1 jdk.internal.loader.ClassLoaders$AppClassLoader.loadClass(Ljava/lang/String;Z)Ljava/lang/Class; java.base@17.0.4.1 (40 bytes) @ 0x000001245432292c [0x00000124543227e0+0x000000000000014c]
J 1076 c1 java.lang.ClassLoader.loadClass(Ljava/lang/String;)Ljava/lang/Class; java.base@17.0.4.1 (7 bytes) @ 0x0000012454321d64 [0x0000012454321d20+0x0000000000000044]
v  ~StubRoutines::call_stub
j  org.springframework.format.datetime.standard.DateTimeConverters.registerConverters(Lorg/springframework/core/convert/converter/ConverterRegistry;)V+252
j  org.springframework.format.datetime.standard.DateTimeFormatterRegistrar.registerFormatters(Lorg/springframework/format/FormatterRegistry;)V+1
j  org.springframework.format.support.DefaultFormattingConversionService.addDefaultFormatters(Lorg/springframework/format/FormatterRegistry;)V+66
j  org.springframework.boot.convert.ApplicationConversionService.configure(Lorg/springframework/format/FormatterRegistry;)V+5
j  org.springframework.boot.convert.ApplicationConversionService.<init>(Lorg/springframework/util/StringValueResolver;Z)V+14
j  org.springframework.boot.convert.ApplicationConversionService.<init>(Lorg/springframework/util/StringValueResolver;)V+3
j  org.springframework.boot.convert.ApplicationConversionService.<init>()V+2
j  org.springframework.boot.SpringApplication.configureEnvironment(Lorg/springframework/core/env/ConfigurableEnvironment;[Ljava/lang/String;)V+12
j  org.springframework.boot.SpringApplication.prepareEnvironment(Lorg/springframework/boot/SpringApplicationRunListeners;Lorg/springframework/boot/DefaultBootstrapContext;Lorg/springframework/boot/ApplicationArguments;)Lorg/springframework/core/env/ConfigurableEnvironment;+15
j  org.springframework.boot.SpringApplication.run([Ljava/lang/String;)Lorg/springframework/context/ConfigurableApplicationContext;+65
j  org.springframework.boot.SpringApplication.run([Ljava/lang/Class;[Ljava/lang/String;)Lorg/springframework/context/ConfigurableApplicationContext;+9
j  org.springframework.boot.SpringApplication.run(Ljava/lang/Class;[Ljava/lang/String;)Lorg/springframework/context/ConfigurableApplicationContext;+9
j  com.hit.community.CommunityApplication.main([Ljava/lang/String;)V+3
v  ~StubRoutines::call_stub
j  jdk.internal.reflect.NativeMethodAccessorImpl.invoke0(Ljava/lang/reflect/Method;Ljava/lang/Object;[Ljava/lang/Object;)Ljava/lang/Object;+0 java.base@17.0.4.1
j  jdk.internal.reflect.NativeMethodAccessorImpl.invoke(Ljava/lang/Object;[Ljava/lang/Object;)Ljava/lang/Object;+133 java.base@17.0.4.1
j  jdk.internal.reflect.DelegatingMethodAccessorImpl.invoke(Ljava/lang/Object;[Ljava/lang/Object;)Ljava/lang/Object;+6 java.base@17.0.4.1
j  java.lang.reflect.Method.invoke(Ljava/lang/Object;[Ljava/lang/Object;)Ljava/lang/Object;+59 java.base@17.0.4.1
j  org.springframework.boot.devtools.restart.RestartLauncher.run()V+47
v  ~StubRoutines::call_stub

---------------  P R O C E S S  ---------------

Threads class SMR info:
_java_thread_list=0x00000124642f8330, length=17, elements={
0x000001244c480030, 0x00000124630a52d0, 0x00000124630a6e90, 0x0000012463c05980,
0x0000012463c06530, 0x0000012463c092f0, 0x0000012463c09ca0, 0x00000124630b8f50,
0x0000012463c1bd30, 0x0000012463092120, 0x0000012463cf3970, 0x0000012463cf3ff0,
0x0000012463ff3690, 0x0000012463ff8db0, 0x00000124642ace10, 0x000001246464a320,
0x000001246464c800
}

Java Threads: ( => current thread )
  0x000001244c480030 JavaThread "main" [_thread_blocked, id=17936, stack(0x0000000f2ea00000,0x0000000f2eb00000)]
  0x00000124630a52d0 JavaThread "Reference Handler" daemon [_thread_blocked, id=7148, stack(0x0000000f2f100000,0x0000000f2f200000)]
  0x00000124630a6e90 JavaThread "Finalizer" daemon [_thread_blocked, id=2156, stack(0x0000000f2f200000,0x0000000f2f300000)]
  0x0000012463c05980 JavaThread "Signal Dispatcher" daemon [_thread_blocked, id=19328, stack(0x0000000f2f300000,0x0000000f2f400000)]
  0x0000012463c06530 JavaThread "Attach Listener" daemon [_thread_blocked, id=12244, stack(0x0000000f2f400000,0x0000000f2f500000)]
  0x0000012463c092f0 JavaThread "Service Thread" daemon [_thread_blocked, id=19472, stack(0x0000000f2f500000,0x0000000f2f600000)]
  0x0000012463c09ca0 JavaThread "Monitor Deflation Thread" daemon [_thread_blocked, id=8624, stack(0x0000000f2f600000,0x0000000f2f700000)]
  0x00000124630b8f50 JavaThread "C1 CompilerThread0" daemon [_thread_blocked, id=19100, stack(0x0000000f2f700000,0x0000000f2f800000)]
  0x0000012463c1bd30 JavaThread "Sweeper thread" daemon [_thread_blocked, id=6568, stack(0x0000000f2f800000,0x0000000f2f900000)]
  0x0000012463092120 JavaThread "Common-Cleaner" daemon [_thread_blocked, id=5260, stack(0x0000000f2f900000,0x0000000f2fa00000)]
  0x0000012463cf3970 JavaThread "C1 CompilerThread1" daemon [_thread_blocked, id=10796, stack(0x0000000f2fa00000,0x0000000f2fb00000)]
  0x0000012463cf3ff0 JavaThread "C1 CompilerThread2" daemon [_thread_blocked, id=12648, stack(0x0000000f2fb00000,0x0000000f2fc00000)]
  0x0000012463ff3690 JavaThread "Monitor Ctrl-Break" daemon [_thread_in_native, id=19092, stack(0x0000000f2fc00000,0x0000000f2fd00000)]
  0x0000012463ff8db0 JavaThread "Notification Thread" daemon [_thread_blocked, id=9136, stack(0x0000000f2fd00000,0x0000000f2fe00000)]
  0x00000124642ace10 JavaThread "RMI TCP Accept-0" daemon [_thread_in_native, id=19636, stack(0x0000000f2fe00000,0x0000000f2ff00000)]
  0x000001246464a320 JavaThread "Thread-0" [_thread_blocked, id=17468, stack(0x0000000f30800000,0x0000000f30900000)]
=>0x000001246464c800 JavaThread "restartedMain" [_thread_in_vm, id=12384, stack(0x0000000f30900000,0x0000000f30a00000)]

Other Threads:
  0x00000124630a0830 VMThread "VM Thread" [stack: 0x0000000f2f000000,0x0000000f2f100000] [id=16648]
  0x000001244c5196d0 WatcherThread [stack: 0x0000000f2ff00000,0x0000000f30000000] [id=7936]
  0x000001244c4e9d10 GCTaskThread "GC Thread#0" [stack: 0x0000000f2eb00000,0x0000000f2ec00000] [id=2024]
  0x00000124645e7dd0 GCTaskThread "GC Thread#1" [stack: 0x0000000f30000000,0x0000000f30100000] [id=3044]
  0x00000124645e8080 GCTaskThread "GC Thread#2" [stack: 0x0000000f30100000,0x0000000f30200000] [id=20356]
  0x00000124645e8540 GCTaskThread "GC Thread#3" [stack: 0x0000000f30200000,0x0000000f30300000] [id=7284]
  0x00000124645e8c70 GCTaskThread "GC Thread#4" [stack: 0x0000000f30300000,0x0000000f30400000] [id=20228]
  0x0000012464618070 GCTaskThread "GC Thread#5" [stack: 0x0000000f30400000,0x0000000f30500000] [id=19980]
  0x000001246463ff40 GCTaskThread "GC Thread#6" [stack: 0x0000000f30500000,0x0000000f30600000] [id=17840]
  0x000001244c4fa760 ConcurrentGCThread "G1 Main Marker" [stack: 0x0000000f2ec00000,0x0000000f2ed00000] [id=13100]
  0x000001244c4fcdc0 ConcurrentGCThread "G1 Conc#0" [stack: 0x0000000f2ed00000,0x0000000f2ee00000] [id=5820]
  0x0000012462f58510 ConcurrentGCThread "G1 Refine#0" [stack: 0x0000000f2ee00000,0x0000000f2ef00000] [id=4548]
  0x0000012464623ae0 ConcurrentGCThread "G1 Refine#1" [stack: 0x0000000f30600000,0x0000000f30700000] [id=19616]
  0x00000124646212f0 ConcurrentGCThread "G1 Refine#2" [stack: 0x0000000f30700000,0x0000000f30800000] [id=12368]
  0x0000012462f58d40 ConcurrentGCThread "G1 Service" [stack: 0x0000000f2ef00000,0x0000000f2f000000] [id=17072]

Threads with active compile tasks:

VM state: not at safepoint (normal execution)

VM Mutex/Monitor currently owned by a thread:  ([mutex/lock_event])
[0x000001244c47b790] Metaspace_lock - owner thread: 0x000001246464c800

Heap address: 0x0000000705000000, size: 4016 MB, Compressed Oops mode: Zero based, Oop shift amount: 3

CDS archive(s) mapped at: [0x0000000800000000-0x0000000800bc0000-0x0000000800bc0000), size 12320768, SharedBaseAddress: 0x0000000800000000, ArchiveRelocationMode: 0.
Compressed class space mapped at: 0x0000000800c00000-0x0000000840c00000, reserved size: 1073741824
Narrow klass base: 0x0000000800000000, Narrow klass shift: 0, Narrow klass range: 0x100000000

GC Precious Log:
 CPUs: 8 total, 8 available
 Memory: 16057M
 Large Page Support: Disabled
 NUMA Support: Disabled
 Compressed Oops: Enabled (Zero based)
 Heap Region Size: 2M
 Heap Min Capacity: 8M
 Heap Initial Capacity: 252M
 Heap Max Capacity: 4016M
 Pre-touch: Disabled
 Parallel Workers: 8
 Concurrent Workers: 2
 Concurrent Refinement Workers: 8
 Periodic GC: Disabled

Heap:
 garbage-first heap   total 258048K, used 14122K [0x0000000705000000, 0x0000000800000000)
  region size 2048K, 7 young (14336K), 2 survivors (4096K)
 Metaspace       used 8058K, committed 8256K, reserved 1056768K
  class space    used 1038K, committed 1152K, reserved 1048576K

Heap Regions: E=young(eden), S=young(survivor), O=old, HS=humongous(starts), HC=humongous(continues), CS=collection set, F=free, OA=open archive, CA=closed archive, TAMS=top-at-mark-start (previous, next)
|   0|0x0000000705000000, 0x0000000705200000, 0x0000000705200000|100%| O|  |TAMS 0x0000000705000000, 0x0000000705000000| Untracked 
|   1|0x0000000705200000, 0x00000007053caa00, 0x0000000705400000| 89%| O|  |TAMS 0x0000000705200000, 0x0000000705200000| Untracked 
|   2|0x0000000705400000, 0x0000000705400000, 0x0000000705600000|  0%| F|  |TAMS 0x0000000705400000, 0x0000000705400000| Untracked 
|   3|0x0000000705600000, 0x0000000705600000, 0x0000000705800000|  0%| F|  |TAMS 0x0000000705600000, 0x0000000705600000| Untracked 
|   4|0x0000000705800000, 0x0000000705800000, 0x0000000705a00000|  0%| F|  |TAMS 0x0000000705800000, 0x0000000705800000| Untracked 
|   5|0x0000000705a00000, 0x0000000705a00000, 0x0000000705c00000|  0%| F|  |TAMS 0x0000000705a00000, 0x0000000705a00000| Untracked 
|   6|0x0000000705c00000, 0x0000000705c00000, 0x0000000705e00000|  0%| F|  |TAMS 0x0000000705c00000, 0x0000000705c00000| Untracked 
|   7|0x0000000705e00000, 0x0000000705e00000, 0x0000000706000000|  0%| F|  |TAMS 0x0000000705e00000, 0x0000000705e00000| Untracked 
|   8|0x0000000706000000, 0x0000000706000000, 0x0000000706200000|  0%| F|  |TAMS 0x0000000706000000, 0x0000000706000000| Untracked 
|   9|0x0000000706200000, 0x0000000706200000, 0x0000000706400000|  0%| F|  |TAMS 0x0000000706200000, 0x0000000706200000| Untracked 
|  10|0x0000000706400000, 0x0000000706400000, 0x0000000706600000|  0%| F|  |TAMS 0x0000000706400000, 0x0000000706400000| Untracked 
|  11|0x0000000706600000, 0x0000000706600000, 0x0000000706800000|  0%| F|  |TAMS 0x0000000706600000, 0x0000000706600000| Untracked 
|  12|0x0000000706800000, 0x0000000706800000, 0x0000000706a00000|  0%| F|  |TAMS 0x0000000706800000, 0x0000000706800000| Untracked 
|  13|0x0000000706a00000, 0x0000000706a00000, 0x0000000706c00000|  0%| F|  |TAMS 0x0000000706a00000, 0x0000000706a00000| Untracked 
|  14|0x0000000706c00000, 0x0000000706c00000, 0x0000000706e00000|  0%| F|  |TAMS 0x0000000706c00000, 0x0000000706c00000| Untracked 
|  15|0x0000000706e00000, 0x0000000706e00000, 0x0000000707000000|  0%| F|  |TAMS 0x0000000706e00000, 0x0000000706e00000| Untracked 
|  16|0x0000000707000000, 0x0000000707000000, 0x0000000707200000|  0%| F|  |TAMS 0x0000000707000000, 0x0000000707000000| Untracked 
|  17|0x0000000707200000, 0x0000000707200000, 0x0000000707400000|  0%| F|  |TAMS 0x0000000707200000, 0x0000000707200000| Untracked 
|  18|0x0000000707400000, 0x0000000707400000, 0x0000000707600000|  0%| F|  |TAMS 0x0000000707400000, 0x0000000707400000| Untracked 
|  19|0x0000000707600000, 0x0000000707600000, 0x0000000707800000|  0%| F|  |TAMS 0x0000000707600000, 0x0000000707600000| Untracked 
|  20|0x0000000707800000, 0x0000000707800000, 0x0000000707a00000|  0%| F|  |TAMS 0x0000000707800000, 0x0000000707800000| Untracked 
|  21|0x0000000707a00000, 0x0000000707a00000, 0x0000000707c00000|  0%| F|  |TAMS 0x0000000707a00000, 0x0000000707a00000| Untracked 
|  22|0x0000000707c00000, 0x0000000707c00000, 0x0000000707e00000|  0%| F|  |TAMS 0x0000000707c00000, 0x0000000707c00000| Untracked 
|  23|0x0000000707e00000, 0x0000000707e00000, 0x0000000708000000|  0%| F|  |TAMS 0x0000000707e00000, 0x0000000707e00000| Untracked 
|  24|0x0000000708000000, 0x0000000708000000, 0x0000000708200000|  0%| F|  |TAMS 0x0000000708000000, 0x0000000708000000| Untracked 
|  25|0x0000000708200000, 0x0000000708200000, 0x0000000708400000|  0%| F|  |TAMS 0x0000000708200000, 0x0000000708200000| Untracked 
|  26|0x0000000708400000, 0x0000000708400000, 0x0000000708600000|  0%| F|  |TAMS 0x0000000708400000, 0x0000000708400000| Untracked 
|  27|0x0000000708600000, 0x0000000708600000, 0x0000000708800000|  0%| F|  |TAMS 0x0000000708600000, 0x0000000708600000| Untracked 
|  28|0x0000000708800000, 0x0000000708800000, 0x0000000708a00000|  0%| F|  |TAMS 0x0000000708800000, 0x0000000708800000| Untracked 
|  29|0x0000000708a00000, 0x0000000708a00000, 0x0000000708c00000|  0%| F|  |TAMS 0x0000000708a00000, 0x0000000708a00000| Untracked 
|  30|0x0000000708c00000, 0x0000000708c00000, 0x0000000708e00000|  0%| F|  |TAMS 0x0000000708c00000, 0x0000000708c00000| Untracked 
|  31|0x0000000708e00000, 0x0000000708e00000, 0x0000000709000000|  0%| F|  |TAMS 0x0000000708e00000, 0x0000000708e00000| Untracked 
|  32|0x0000000709000000, 0x0000000709000000, 0x0000000709200000|  0%| F|  |TAMS 0x0000000709000000, 0x0000000709000000| Untracked 
|  33|0x0000000709200000, 0x0000000709200000, 0x0000000709400000|  0%| F|  |TAMS 0x0000000709200000, 0x0000000709200000| Untracked 
|  34|0x0000000709400000, 0x0000000709400000, 0x0000000709600000|  0%| F|  |TAMS 0x0000000709400000, 0x0000000709400000| Untracked 
|  35|0x0000000709600000, 0x0000000709600000, 0x0000000709800000|  0%| F|  |TAMS 0x0000000709600000, 0x0000000709600000| Untracked 
|  36|0x0000000709800000, 0x0000000709800000, 0x0000000709a00000|  0%| F|  |TAMS 0x0000000709800000, 0x0000000709800000| Untracked 
|  37|0x0000000709a00000, 0x0000000709a00000, 0x0000000709c00000|  0%| F|  |TAMS 0x0000000709a00000, 0x0000000709a00000| Untracked 
|  38|0x0000000709c00000, 0x0000000709c00000, 0x0000000709e00000|  0%| F|  |TAMS 0x0000000709c00000, 0x0000000709c00000| Untracked 
|  39|0x0000000709e00000, 0x0000000709e00000, 0x000000070a000000|  0%| F|  |TAMS 0x0000000709e00000, 0x0000000709e00000| Untracked 
|  40|0x000000070a000000, 0x000000070a000000, 0x000000070a200000|  0%| F|  |TAMS 0x000000070a000000, 0x000000070a000000| Untracked 
|  41|0x000000070a200000, 0x000000070a200000, 0x000000070a400000|  0%| F|  |TAMS 0x000000070a200000, 0x000000070a200000| Untracked 
|  42|0x000000070a400000, 0x000000070a400000, 0x000000070a600000|  0%| F|  |TAMS 0x000000070a400000, 0x000000070a400000| Untracked 
|  43|0x000000070a600000, 0x000000070a600000, 0x000000070a800000|  0%| F|  |TAMS 0x000000070a600000, 0x000000070a600000| Untracked 
|  44|0x000000070a800000, 0x000000070a800000, 0x000000070aa00000|  0%| F|  |TAMS 0x000000070a800000, 0x000000070a800000| Untracked 
|  45|0x000000070aa00000, 0x000000070aa00000, 0x000000070ac00000|  0%| F|  |TAMS 0x000000070aa00000, 0x000000070aa00000| Untracked 
|  46|0x000000070ac00000, 0x000000070ac00000, 0x000000070ae00000|  0%| F|  |TAMS 0x000000070ac00000, 0x000000070ac00000| Untracked 
|  47|0x000000070ae00000, 0x000000070ae00000, 0x000000070b000000|  0%| F|  |TAMS 0x000000070ae00000, 0x000000070ae00000| Untracked 
|  48|0x000000070b000000, 0x000000070b000000, 0x000000070b200000|  0%| F|  |TAMS 0x000000070b000000, 0x000000070b000000| Untracked 
|  49|0x000000070b200000, 0x000000070b200000, 0x000000070b400000|  0%| F|  |TAMS 0x000000070b200000, 0x000000070b200000| Untracked 
|  50|0x000000070b400000, 0x000000070b400000, 0x000000070b600000|  0%| F|  |TAMS 0x000000070b400000, 0x000000070b400000| Untracked 
|  51|0x000000070b600000, 0x000000070b600000, 0x000000070b800000|  0%| F|  |TAMS 0x000000070b600000, 0x000000070b600000| Untracked 
|  52|0x000000070b800000, 0x000000070b800000, 0x000000070ba00000|  0%| F|  |TAMS 0x000000070b800000, 0x000000070b800000| Untracked 
|  53|0x000000070ba00000, 0x000000070ba00000, 0x000000070bc00000|  0%| F|  |TAMS 0x000000070ba00000, 0x000000070ba00000| Untracked 
|  54|0x000000070bc00000, 0x000000070bc00000, 0x000000070be00000|  0%| F|  |TAMS 0x000000070bc00000, 0x000000070bc00000| Untracked 
|  55|0x000000070be00000, 0x000000070be00000, 0x000000070c000000|  0%| F|  |TAMS 0x000000070be00000, 0x000000070be00000| Untracked 
|  56|0x000000070c000000, 0x000000070c000000, 0x000000070c200000|  0%| F|  |TAMS 0x000000070c000000, 0x000000070c000000| Untracked 
|  57|0x000000070c200000, 0x000000070c200000, 0x000000070c400000|  0%| F|  |TAMS 0x000000070c200000, 0x000000070c200000| Untracked 
|  58|0x000000070c400000, 0x000000070c400000, 0x000000070c600000|  0%| F|  |TAMS 0x000000070c400000, 0x000000070c400000| Untracked 
|  59|0x000000070c600000, 0x000000070c600000, 0x000000070c800000|  0%| F|  |TAMS 0x000000070c600000, 0x000000070c600000| Untracked 
|  60|0x000000070c800000, 0x000000070c800000, 0x000000070ca00000|  0%| F|  |TAMS 0x000000070c800000, 0x000000070c800000| Untracked 
|  61|0x000000070ca00000, 0x000000070ca00000, 0x000000070cc00000|  0%| F|  |TAMS 0x000000070ca00000, 0x000000070ca00000| Untracked 
|  62|0x000000070cc00000, 0x000000070cc00000, 0x000000070ce00000|  0%| F|  |TAMS 0x000000070cc00000, 0x000000070cc00000| Untracked 
|  63|0x000000070ce00000, 0x000000070ce00000, 0x000000070d000000|  0%| F|  |TAMS 0x000000070ce00000, 0x000000070ce00000| Untracked 
|  64|0x000000070d000000, 0x000000070d000000, 0x000000070d200000|  0%| F|  |TAMS 0x000000070d000000, 0x000000070d000000| Untracked 
|  65|0x000000070d200000, 0x000000070d200000, 0x000000070d400000|  0%| F|  |TAMS 0x000000070d200000, 0x000000070d200000| Untracked 
|  66|0x000000070d400000, 0x000000070d400000, 0x000000070d600000|  0%| F|  |TAMS 0x000000070d400000, 0x000000070d400000| Untracked 
|  67|0x000000070d600000, 0x000000070d600000, 0x000000070d800000|  0%| F|  |TAMS 0x000000070d600000, 0x000000070d600000| Untracked 
|  68|0x000000070d800000, 0x000000070d800000, 0x000000070da00000|  0%| F|  |TAMS 0x000000070d800000, 0x000000070d800000| Untracked 
|  69|0x000000070da00000, 0x000000070da00000, 0x000000070dc00000|  0%| F|  |TAMS 0x000000070da00000, 0x000000070da00000| Untracked 
|  70|0x000000070dc00000, 0x000000070dc00000, 0x000000070de00000|  0%| F|  |TAMS 0x000000070dc00000, 0x000000070dc00000| Untracked 
|  71|0x000000070de00000, 0x000000070de00000, 0x000000070e000000|  0%| F|  |TAMS 0x000000070de00000, 0x000000070de00000| Untracked 
|  72|0x000000070e000000, 0x000000070e000000, 0x000000070e200000|  0%| F|  |TAMS 0x000000070e000000, 0x000000070e000000| Untracked 
|  73|0x000000070e200000, 0x000000070e200000, 0x000000070e400000|  0%| F|  |TAMS 0x000000070e200000, 0x000000070e200000| Untracked 
|  74|0x000000070e400000, 0x000000070e400000, 0x000000070e600000|  0%| F|  |TAMS 0x000000070e400000, 0x000000070e400000| Untracked 
|  75|0x000000070e600000, 0x000000070e600000, 0x000000070e800000|  0%| F|  |TAMS 0x000000070e600000, 0x000000070e600000| Untracked 
|  76|0x000000070e800000, 0x000000070e800000, 0x000000070ea00000|  0%| F|  |TAMS 0x000000070e800000, 0x000000070e800000| Untracked 
|  77|0x000000070ea00000, 0x000000070ea00000, 0x000000070ec00000|  0%| F|  |TAMS 0x000000070ea00000, 0x000000070ea00000| Untracked 
|  78|0x000000070ec00000, 0x000000070ec00000, 0x000000070ee00000|  0%| F|  |TAMS 0x000000070ec00000, 0x000000070ec00000| Untracked 
|  79|0x000000070ee00000, 0x000000070ee00000, 0x000000070f000000|  0%| F|  |TAMS 0x000000070ee00000, 0x000000070ee00000| Untracked 
|  80|0x000000070f000000, 0x000000070f000000, 0x000000070f200000|  0%| F|  |TAMS 0x000000070f000000, 0x000000070f000000| Untracked 
|  81|0x000000070f200000, 0x000000070f200000, 0x000000070f400000|  0%| F|  |TAMS 0x000000070f200000, 0x000000070f200000| Untracked 
|  82|0x000000070f400000, 0x000000070f400000, 0x000000070f600000|  0%| F|  |TAMS 0x000000070f400000, 0x000000070f400000| Untracked 
|  83|0x000000070f600000, 0x000000070f600000, 0x000000070f800000|  0%| F|  |TAMS 0x000000070f600000, 0x000000070f600000| Untracked 
|  84|0x000000070f800000, 0x000000070f800000, 0x000000070fa00000|  0%| F|  |TAMS 0x000000070f800000, 0x000000070f800000| Untracked 
|  85|0x000000070fa00000, 0x000000070fa00000, 0x000000070fc00000|  0%| F|  |TAMS 0x000000070fa00000, 0x000000070fa00000| Untracked 
|  86|0x000000070fc00000, 0x000000070fc00000, 0x000000070fe00000|  0%| F|  |TAMS 0x000000070fc00000, 0x000000070fc00000| Untracked 
|  87|0x000000070fe00000, 0x000000070fe00000, 0x0000000710000000|  0%| F|  |TAMS 0x000000070fe00000, 0x000000070fe00000| Untracked 
|  88|0x0000000710000000, 0x0000000710000000, 0x0000000710200000|  0%| F|  |TAMS 0x0000000710000000, 0x0000000710000000| Untracked 
|  89|0x0000000710200000, 0x0000000710200000, 0x0000000710400000|  0%| F|  |TAMS 0x0000000710200000, 0x0000000710200000| Untracked 
|  90|0x0000000710400000, 0x0000000710400000, 0x0000000710600000|  0%| F|  |TAMS 0x0000000710400000, 0x0000000710400000| Untracked 
|  91|0x0000000710600000, 0x0000000710600000, 0x0000000710800000|  0%| F|  |TAMS 0x0000000710600000, 0x0000000710600000| Untracked 
|  92|0x0000000710800000, 0x0000000710800000, 0x0000000710a00000|  0%| F|  |TAMS 0x0000000710800000, 0x0000000710800000| Untracked 
|  93|0x0000000710a00000, 0x0000000710a00000, 0x0000000710c00000|  0%| F|  |TAMS 0x0000000710a00000, 0x0000000710a00000| Untracked 
|  94|0x0000000710c00000, 0x0000000710c00000, 0x0000000710e00000|  0%| F|  |TAMS 0x0000000710c00000, 0x0000000710c00000| Untracked 
|  95|0x0000000710e00000, 0x0000000710e00000, 0x0000000711000000|  0%| F|  |TAMS 0x0000000710e00000, 0x0000000710e00000| Untracked 
|  96|0x0000000711000000, 0x0000000711000000, 0x0000000711200000|  0%| F|  |TAMS 0x0000000711000000, 0x0000000711000000| Untracked 
|  97|0x0000000711200000, 0x0000000711200000, 0x0000000711400000|  0%| F|  |TAMS 0x0000000711200000, 0x0000000711200000| Untracked 
|  98|0x0000000711400000, 0x0000000711400000, 0x0000000711600000|  0%| F|  |TAMS 0x0000000711400000, 0x0000000711400000| Untracked 
|  99|0x0000000711600000, 0x0000000711600000, 0x0000000711800000|  0%| F|  |TAMS 0x0000000711600000, 0x0000000711600000| Untracked 
| 100|0x0000000711800000, 0x0000000711800000, 0x0000000711a00000|  0%| F|  |TAMS 0x0000000711800000, 0x0000000711800000| Untracked 
| 101|0x0000000711a00000, 0x0000000711a00000, 0x0000000711c00000|  0%| F|  |TAMS 0x0000000711a00000, 0x0000000711a00000| Untracked 
| 102|0x0000000711c00000, 0x0000000711c00000, 0x0000000711e00000|  0%| F|  |TAMS 0x0000000711c00000, 0x0000000711c00000| Untracked 
| 103|0x0000000711e00000, 0x0000000711e00000, 0x0000000712000000|  0%| F|  |TAMS 0x0000000711e00000, 0x0000000711e00000| Untracked 
| 104|0x0000000712000000, 0x0000000712000000, 0x0000000712200000|  0%| F|  |TAMS 0x0000000712000000, 0x0000000712000000| Untracked 
| 105|0x0000000712200000, 0x0000000712200000, 0x0000000712400000|  0%| F|  |TAMS 0x0000000712200000, 0x0000000712200000| Untracked 
| 106|0x0000000712400000, 0x0000000712400000, 0x0000000712600000|  0%| F|  |TAMS 0x0000000712400000, 0x0000000712400000| Untracked 
| 107|0x0000000712600000, 0x0000000712600000, 0x0000000712800000|  0%| F|  |TAMS 0x0000000712600000, 0x0000000712600000| Untracked 
| 108|0x0000000712800000, 0x0000000712800000, 0x0000000712a00000|  0%| F|  |TAMS 0x0000000712800000, 0x0000000712800000| Untracked 
| 109|0x0000000712a00000, 0x0000000712a00000, 0x0000000712c00000|  0%| F|  |TAMS 0x0000000712a00000, 0x0000000712a00000| Untracked 
| 110|0x0000000712c00000, 0x0000000712c00000, 0x0000000712e00000|  0%| F|  |TAMS 0x0000000712c00000, 0x0000000712c00000| Untracked 
| 111|0x0000000712e00000, 0x0000000712e00000, 0x0000000713000000|  0%| F|  |TAMS 0x0000000712e00000, 0x0000000712e00000| Untracked 
| 112|0x0000000713000000, 0x0000000713000000, 0x0000000713200000|  0%| F|  |TAMS 0x0000000713000000, 0x0000000713000000| Untracked 
| 113|0x0000000713200000, 0x0000000713400000, 0x0000000713400000|100%| S|CS|TAMS 0x0000000713200000, 0x0000000713200000| Complete 
| 114|0x0000000713400000, 0x0000000713600000, 0x0000000713600000|100%| S|CS|TAMS 0x0000000713400000, 0x0000000713400000| Complete 
| 115|0x0000000713600000, 0x0000000713600000, 0x0000000713800000|  0%| F|  |TAMS 0x0000000713600000, 0x0000000713600000| Untracked 
| 116|0x0000000713800000, 0x0000000713800000, 0x0000000713a00000|  0%| F|  |TAMS 0x0000000713800000, 0x0000000713800000| Untracked 
| 117|0x0000000713a00000, 0x0000000713a00000, 0x0000000713c00000|  0%| F|  |TAMS 0x0000000713a00000, 0x0000000713a00000| Untracked 
| 118|0x0000000713c00000, 0x0000000713c00000, 0x0000000713e00000|  0%| F|  |TAMS 0x0000000713c00000, 0x0000000713c00000| Untracked 
| 119|0x0000000713e00000, 0x0000000713e00000, 0x0000000714000000|  0%| F|  |TAMS 0x0000000713e00000, 0x0000000713e00000| Untracked 
| 120|0x0000000714000000, 0x0000000714000000, 0x0000000714200000|  0%| F|  |TAMS 0x0000000714000000, 0x0000000714000000| Untracked 
| 121|0x0000000714200000, 0x00000007143c83a8, 0x0000000714400000| 89%| E|  |TAMS 0x0000000714200000, 0x0000000714200000| Complete 
| 122|0x0000000714400000, 0x0000000714600000, 0x0000000714600000|100%| E|CS|TAMS 0x0000000714400000, 0x0000000714400000| Complete 
| 123|0x0000000714600000, 0x0000000714800000, 0x0000000714800000|100%| E|CS|TAMS 0x0000000714600000, 0x0000000714600000| Complete 
| 124|0x0000000714800000, 0x0000000714a00000, 0x0000000714a00000|100%| E|CS|TAMS 0x0000000714800000, 0x0000000714800000| Complete 
| 125|0x0000000714a00000, 0x0000000714c00000, 0x0000000714c00000|100%| E|  |TAMS 0x0000000714a00000, 0x0000000714a00000| Complete 

Card table byte_map: [0x0000012457860000,0x0000012458040000] _byte_map_base: 0x0000012454038000

Marking Bits (Prev, Next): (CMBitMap*) 0x000001244c4ea330, (CMBitMap*) 0x000001244c4ea370
 Prev Bits: [0x0000012458820000, 0x000001245c6e0000)
 Next Bits: [0x000001245c6e0000, 0x00000124605a0000)

Polling page: 0x000001244a430000

Metaspace:

Usage:
  Non-class:      6.86 MB used.
      Class:      1.01 MB used.
       Both:      7.87 MB used.

Virtual space:
  Non-class space:        8.00 MB reserved,       6.94 MB ( 87%) committed,  1 nodes.
      Class space:        1.00 GB reserved,       1.13 MB ( <1%) committed,  1 nodes.
             Both:        1.01 GB reserved,       8.06 MB ( <1%) committed. 

Chunk freelists:
   Non-Class:  560.00 KB
       Class:  2.84 MB
        Both:  3.39 MB

MaxMetaspaceSize: unlimited
CompressedClassSpaceSize: 1.00 GB
Initial GC threshold: 21.00 MB
Current GC threshold: 21.00 MB
CDS: on
MetaspaceReclaimPolicy: balanced
 - commit_granule_bytes: 65536.
 - commit_granule_words: 8192.
 - virtual_space_node_default_size: 1048576.
 - enlarge_chunks_in_place: 1.
 - new_chunks_are_fully_committed: 0.
 - uncommit_free_chunks: 1.
 - use_allocation_guard: 0.
 - handle_deallocations: 1.


Internal statistics:

num_allocs_failed_limit: 0.
num_arena_births: 136.
num_arena_deaths: 0.
num_vsnodes_births: 2.
num_vsnodes_deaths: 0.
num_space_committed: 129.
num_space_uncommitted: 0.
num_chunks_returned_to_freelist: 0.
num_chunks_taken_from_freelist: 282.
num_chunk_merges: 0.
num_chunk_splits: 184.
num_chunks_enlarged: 128.
num_purges: 0.
num_inconsistent_stats: 0.

CodeCache: size=49152Kb used=4273Kb max_used=4273Kb free=44878Kb
 bounds [0x0000012453f70000, 0x00000124543a0000, 0x0000012456f70000]
 total_blobs=1832 nmethods=1376 adapters=382
 compilation: enabled
              stopped_count=0, restarted_count=0
 full_count=0

Compilation events (20 events):
Event: 0.852 Thread 0x0000012463cf3970 nmethod 1367 0x0000012454397d10 code [0x0000012454397ec0, 0x0000012454398038]
Event: 0.852 Thread 0x0000012463cf3970 1368       1       sun.reflect.generics.tree.ClassTypeSignature::make (9 bytes)
Event: 0.852 Thread 0x0000012463cf3970 nmethod 1368 0x0000012454398110 code [0x00000124543982a0, 0x00000124543983f8]
Event: 0.852 Thread 0x0000012463cf3970 1369       1       sun.reflect.generics.tree.ClassTypeSignature::<init> (10 bytes)
Event: 0.852 Thread 0x0000012463cf3970 nmethod 1369 0x0000012454398490 code [0x0000012454398620, 0x0000012454398738]
Event: 0.852 Thread 0x00000124630b8f50 nmethod 1365 0x0000012454398790 code [0x0000012454398a60, 0x0000012454399398]
Event: 0.852 Thread 0x0000012463cf3ff0 nmethod 1366 0x0000012454399910 code [0x0000012454399b80, 0x000001245439a388]
Event: 0.853 Thread 0x0000012463cf3ff0 1370       1       java.util.RegularEnumSet::add (9 bytes)
Event: 0.853 Thread 0x00000124630b8f50 1371       1       java.util.RegularEnumSet::add (40 bytes)
Event: 0.853 Thread 0x0000012463cf3970 1372       1       java.util.EnumSet::typeCheck (59 bytes)
Event: 0.853 Thread 0x0000012463cf3ff0 nmethod 1370 0x000001245439a710 code [0x000001245439a8a0, 0x000001245439a9c8]
Event: 0.854 Thread 0x00000124630b8f50 nmethod 1371 0x000001245439aa90 code [0x000001245439ac20, 0x000001245439ad68]
Event: 0.854 Thread 0x0000012463cf3970 nmethod 1372 0x000001245439ae10 code [0x000001245439b040, 0x000001245439b538]
Event: 0.855 Thread 0x0000012463cf3970 1373       1       java.util.concurrent.atomic.AtomicInteger::incrementAndGet (14 bytes)
Event: 0.855 Thread 0x0000012463cf3970 nmethod 1373 0x000001245439b810 code [0x000001245439b9a0, 0x000001245439ba78]
Event: 0.856 Thread 0x0000012463cf3970 1374       1       org.springframework.util.ConcurrentReferenceHashMap$Segment::getIndex (7 bytes)
Event: 0.856 Thread 0x0000012463cf3970 nmethod 1374 0x000001245439bb10 code [0x000001245439bca0, 0x000001245439bd78]
Event: 0.856 Thread 0x0000012463cf3970 1375       1       org.springframework.util.ConcurrentReferenceHashMap$Segment::findInChain (66 bytes)
Event: 0.856 Thread 0x00000124630b8f50 1376       1       org.springframework.util.ConcurrentReferenceHashMap$SoftEntryReference::getHash (5 bytes)
Event: 0.856 Thread 0x00000124630b8f50 nmethod 1376 0x000001245439be10 code [0x000001245439bfa0, 0x000001245439c078]

GC Heap History (2 events):
Event: 0.721 GC heap before
{Heap before GC invocations=0 (full 0):
 garbage-first heap   total 258048K, used 20480K [0x0000000705000000, 0x0000000800000000)
  region size 2048K, 11 young (22528K), 0 survivors (0K)
 Metaspace       used 6682K, committed 6848K, reserved 1056768K
  class space    used 848K, committed 896K, reserved 1048576K
}
Event: 0.725 GC heap after
{Heap after GC invocations=1 (full 0):
 garbage-first heap   total 258048K, used 7978K [0x0000000705000000, 0x0000000800000000)
  region size 2048K, 2 young (4096K), 2 survivors (4096K)
 Metaspace       used 6682K, committed 6848K, reserved 1056768K
  class space    used 848K, committed 896K, reserved 1048576K
}

Deoptimization events (0 events):
No events

Classes unloaded (0 events):
No events

Classes redefined (0 events):
No events

Internal exceptions (20 events):
Event: 0.341 Thread 0x000001244c480030 Exception <a 'java/lang/NoSuchMethodError'{0x00000007141d8dd0}: 'int java.lang.invoke.DirectMethodHandle$Holder.invokeSpecialIFC(java.lang.Object, java.lang.Object, java.lang.Object)'> (0x00000007141d8dd0) 
thrown [s\src\hotspot\share\interpreter\linkResolver.cpp, line 759]
Event: 0.360 Thread 0x000001244c480030 Exception <a 'java/lang/NoSuchMethodError'{0x0000000713e50760}: 'java.lang.Object java.lang.invoke.DirectMethodHandle$Holder.invokeStaticInit(java.lang.Object, int, int, int, int)'> (0x0000000713e50760) 
thrown [s\src\hotspot\share\interpreter\linkResolver.cpp, line 759]
Event: 0.485 Thread 0x000001244c480030 Exception <a 'java/lang/NoSuchMethodError'{0x0000000713ef9118}: 'java.lang.Object java.lang.invoke.DirectMethodHandle$Holder.invokeStaticInit(java.lang.Object, java.lang.Object, int, int, int, int)'> (0x0000000713ef9118) 
thrown [s\src\hotspot\share\interpreter\linkResolver.cpp, line 759]
Event: 0.499 Thread 0x000001244c480030 Exception <a 'java/lang/ClassNotFoundException'{0x0000000713f177a8}: javax/management/remote/rmi/RMIServerImpl_Skel> (0x0000000713f177a8) 
thrown [s\src\hotspot\share\classfile\systemDictionary.cpp, line 256]
Event: 0.575 Thread 0x000001244c480030 Exception <a 'java/lang/NoSuchMethodError'{0x0000000713dea1d0}: 'java.lang.Object java.lang.invoke.DirectMethodHandle$Holder.invokeSpecial(java.lang.Object, java.lang.Object, java.lang.Object, long, java.lang.Object)'> (0x0000000713dea1d0) 
thrown [s\src\hotspot\share\interpreter\linkResolver.cpp, line 759]
Event: 0.576 Thread 0x000001244c480030 Exception <a 'java/lang/NoSuchMethodError'{0x0000000713dedda0}: 'java.lang.Object java.lang.invoke.Invokers$Holder.linkToTargetMethod(java.lang.Object, long, java.lang.Object, java.lang.Object)'> (0x0000000713dedda0) 
thrown [s\src\hotspot\share\interpreter\linkResolver.cpp, line 759]
Event: 0.585 Thread 0x000001244c480030 Exception <a 'java/lang/ClassNotFoundException'{0x0000000713a17f28}: javax/smartcardio/CardPermission> (0x0000000713a17f28) 
thrown [s\src\hotspot\share\classfile\systemDictionary.cpp, line 256]
Event: 0.587 Thread 0x000001244c480030 Exception <a 'java/io/FileNotFoundException'{0x0000000713a26160}> (0x0000000713a26160) 
thrown [s\src\hotspot\share\prims\jni.cpp, line 516]
Event: 0.641 Thread 0x000001244c480030 Exception <a 'java/lang/NoSuchMethodError'{0x0000000713831510}: 'void java.lang.invoke.DirectMethodHandle$Holder.invokeStatic(java.lang.Object, java.lang.Object, java.lang.Object, java.lang.Object)'> (0x0000000713831510) 
thrown [s\src\hotspot\share\interpreter\linkResolver.cpp, line 759]
Event: 0.667 Thread 0x000001244c480030 Exception <a 'java/lang/NoSuchMethodError'{0x000000071395f7b8}: 'int java.lang.invoke.DirectMethodHandle$Holder.invokeStaticInit(java.lang.Object, java.lang.Object)'> (0x000000071395f7b8) 
thrown [s\src\hotspot\share\interpreter\linkResolver.cpp, line 759]
Event: 0.669 Thread 0x000001244c480030 Exception <a 'java/lang/NoSuchMethodError'{0x0000000713977ab0}: 'void java.lang.invoke.DirectMethodHandle$Holder.invokeInterface(java.lang.Object, java.lang.Object, java.lang.Object, java.lang.Object)'> (0x0000000713977ab0) 
thrown [s\src\hotspot\share\interpreter\linkResolver.cpp, line 759]
Event: 0.707 Thread 0x000001244c480030 Exception <a 'java/lang/NoSuchMethodError'{0x0000000713754b80}: 'java.lang.Object java.lang.invoke.DirectMethodHandle$Holder.invokeInterface(java.lang.Object, java.lang.Object)'> (0x0000000713754b80) 
thrown [s\src\hotspot\share\interpreter\linkResolver.cpp, line 759]
Event: 0.712 Thread 0x000001244c480030 Exception <a 'java/lang/NoSuchMethodError'{0x0000000713799ae0}: 'java.lang.Object java.lang.invoke.DirectMethodHandle$Holder.invokeSpecialIFC(java.lang.Object, java.lang.Object, java.lang.Object, java.lang.Object)'> (0x0000000713799ae0) 
thrown [s\src\hotspot\share\interpreter\linkResolver.cpp, line 759]
Event: 0.715 Thread 0x000001244c480030 Exception <a 'java/lang/NoSuchMethodError'{0x00000007137b9de0}: 'java.lang.Object java.lang.invoke.DirectMethodHandle$Holder.invokeInterface(java.lang.Object, java.lang.Object, java.lang.Object)'> (0x00000007137b9de0) 
thrown [s\src\hotspot\share\interpreter\linkResolver.cpp, line 759]
Event: 0.798 Thread 0x000001246464c800 Exception <a 'java/lang/NoSuchMethodError'{0x00000007144048e0}: 'int java.lang.invoke.DirectMethodHandle$Holder.invokeStaticInit(java.lang.Object, java.lang.Object, java.lang.Object)'> (0x00000007144048e0) 
thrown [s\src\hotspot\share\interpreter\linkResolver.cpp, line 759]
Event: 0.801 Thread 0x000001246464c800 Exception <a 'java/lang/NoSuchMethodError'{0x0000000714432610}: 'java.lang.Object java.lang.invoke.DirectMethodHandle$Holder.invokeVirtual(java.lang.Object, java.lang.Object, java.lang.Object)'> (0x0000000714432610) 
thrown [s\src\hotspot\share\interpreter\linkResolver.cpp, line 759]
Event: 0.804 Thread 0x000001246464c800 Exception <a 'java/lang/NoSuchMethodError'{0x000000071449ccb8}: 'java.lang.Object java.lang.invoke.DirectMethodHandle$Holder.newInvokeSpecial(java.lang.Object, java.lang.Object, java.lang.Object, java.lang.Object, java.lang.Object)'> (0x000000071449ccb8) 
thrown [s\src\hotspot\share\interpreter\linkResolver.cpp, line 759]
Event: 0.809 Thread 0x000001246464c800 Exception <a 'java/lang/NoSuchMethodError'{0x00000007144ebf30}: 'java.lang.Object java.lang.invoke.DirectMethodHandle$Holder.invokeStaticInit(java.lang.Object, java.lang.Object, java.lang.Object)'> (0x00000007144ebf30) 
thrown [s\src\hotspot\share\interpreter\linkResolver.cpp, line 759]
Event: 0.816 Thread 0x000001246464c800 Exception <a 'java/lang/IncompatibleClassChangeError'{0x0000000714560b08}: Found class java.lang.Object, but interface was expected> (0x0000000714560b08) 
thrown [s\src\hotspot\share\interpreter\linkResolver.cpp, line 826]
Event: 0.825 Thread 0x000001246464c800 Exception <a 'sun/nio/fs/WindowsException'{0x00000007145e2320}> (0x00000007145e2320) 
thrown [s\src\hotspot\share\prims\jni.cpp, line 516]

VM Operations (18 events):
Event: 0.132 Executing VM operation: HandshakeAllThreads
Event: 0.132 Executing VM operation: HandshakeAllThreads done
Event: 0.232 Executing VM operation: HandshakeAllThreads
Event: 0.232 Executing VM operation: HandshakeAllThreads done
Event: 0.263 Executing VM operation: HandshakeAllThreads
Event: 0.263 Executing VM operation: HandshakeAllThreads done
Event: 0.352 Executing VM operation: HandshakeAllThreads
Event: 0.352 Executing VM operation: HandshakeAllThreads done
Event: 0.512 Executing VM operation: HandshakeAllThreads
Event: 0.512 Executing VM operation: HandshakeAllThreads done
Event: 0.541 Executing VM operation: HandshakeAllThreads
Event: 0.541 Executing VM operation: HandshakeAllThreads done
Event: 0.545 Executing VM operation: HandshakeAllThreads
Event: 0.545 Executing VM operation: HandshakeAllThreads done
Event: 0.720 Executing VM operation: G1CollectForAllocation
Event: 0.725 Executing VM operation: G1CollectForAllocation done
Event: 0.826 Executing VM operation: HandshakeAllThreads
Event: 0.826 Executing VM operation: HandshakeAllThreads done

Events (20 events):
Event: 0.833 loading class java/util/concurrent/ConcurrentLinkedDeque$Node
Event: 0.833 loading class java/util/concurrent/ConcurrentLinkedDeque$Node done
Event: 0.836 loading class sun/reflect/generics/tree/BottomSignature
Event: 0.836 loading class sun/reflect/generics/tree/BottomSignature done
Event: 0.836 loading class sun/reflect/generics/tree/Wildcard
Event: 0.836 loading class sun/reflect/generics/tree/Wildcard done
Event: 0.836 loading class sun/reflect/generics/reflectiveObjects/WildcardTypeImpl
Event: 0.836 loading class sun/reflect/generics/reflectiveObjects/WildcardTypeImpl done
Event: 0.838 loading class java/util/Currency
Event: 0.838 loading class java/util/Currency done
Event: 0.839 loading class java/util/UUID
Event: 0.839 loading class java/util/UUID done
Event: 0.843 loading class java/time/ZonedDateTime
Event: 0.843 loading class java/time/chrono/ChronoZonedDateTime
Event: 0.843 loading class java/time/chrono/ChronoZonedDateTime done
Event: 0.843 loading class java/time/ZonedDateTime done
Event: 0.848 loading class java/text/ParseException
Event: 0.848 loading class java/text/ParseException done
Event: 0.853 loading class java/time/OffsetDateTime
Event: 0.853 loading class java/time/OffsetDateTime done


Dynamic libraries:
0x00007ff71a0f0000 - 0x00007ff71a0fd000 	C:\Users\sunna\.jdks\corretto-17.0.4.1\bin\java.exe
0x00007ffb18250000 - 0x00007ffb18467000 	C:\WINDOWS\SYSTEM32\ntdll.dll
0x00007ffb16bc0000 - 0x00007ffb16c84000 	C:\WINDOWS\System32\KERNEL32.DLL
0x00007ffb158d0000 - 0x00007ffb15c75000 	C:\WINDOWS\System32\KERNELBASE.dll
0x00007ffb15d50000 - 0x00007ffb15e61000 	C:\WINDOWS\System32\ucrtbase.dll
0x00007ffab8170000 - 0x00007ffab8185000 	C:\Users\sunna\.jdks\corretto-17.0.4.1\bin\VCRUNTIME140.dll
0x00007ffab4ba0000 - 0x00007ffab4bb8000 	C:\Users\sunna\.jdks\corretto-17.0.4.1\bin\jli.dll
0x00007ffb15fa0000 - 0x00007ffb1614e000 	C:\WINDOWS\System32\USER32.dll
0x00007ffb15d20000 - 0x00007ffb15d46000 	C:\WINDOWS\System32\win32u.dll
0x00007ffb16c90000 - 0x00007ffb16cb9000 	C:\WINDOWS\System32\GDI32.dll
0x00007ffafbdd0000 - 0x00007ffafc063000 	C:\WINDOWS\WinSxS\amd64_microsoft.windows.common-controls_6595b64144ccf1df_6.0.22621.2506_none_270c5ae97388e100\COMCTL32.dll
0x00007ffb15730000 - 0x00007ffb15849000 	C:\WINDOWS\System32\gdi32full.dll
0x00007ffb161b0000 - 0x00007ffb16257000 	C:\WINDOWS\System32\msvcrt.dll
0x00007ffb15c80000 - 0x00007ffb15d1a000 	C:\WINDOWS\System32\msvcp_win.dll
0x00007ffb16cc0000 - 0x00007ffb16cf1000 	C:\WINDOWS\System32\IMM32.DLL
0x00007ffab4b00000 - 0x00007ffab4b9b000 	C:\Users\sunna\.jdks\corretto-17.0.4.1\bin\msvcp140.dll
0x00007ffa973a0000 - 0x00007ffa97fb4000 	C:\Users\sunna\.jdks\corretto-17.0.4.1\bin\server\jvm.dll
0x00007ffb16280000 - 0x00007ffb16331000 	C:\WINDOWS\System32\ADVAPI32.dll
0x00007ffb16ff0000 - 0x00007ffb17096000 	C:\WINDOWS\System32\sechost.dll
0x00007ffb16d00000 - 0x00007ffb16e17000 	C:\WINDOWS\System32\RPCRT4.dll
0x00007ffb16fe0000 - 0x00007ffb16fe8000 	C:\WINDOWS\System32\PSAPI.DLL
0x00007ffb08bb0000 - 0x00007ffb08be4000 	C:\WINDOWS\SYSTEM32\WINMM.dll
0x00007ffafdf10000 - 0x00007ffafdf1a000 	C:\WINDOWS\SYSTEM32\VERSION.dll
0x00007ffb08b80000 - 0x00007ffb08b89000 	C:\WINDOWS\SYSTEM32\WSOCK32.dll
0x00007ffb180b0000 - 0x00007ffb18121000 	C:\WINDOWS\System32\WS2_32.dll
0x00007ffb14630000 - 0x00007ffb14648000 	C:\WINDOWS\SYSTEM32\kernel.appcore.dll
0x00007ffae6b10000 - 0x00007ffae6b1a000 	C:\Users\sunna\.jdks\corretto-17.0.4.1\bin\jimage.dll
0x00007ffb129f0000 - 0x00007ffb12c23000 	C:\WINDOWS\SYSTEM32\DBGHELP.DLL
0x00007ffb16340000 - 0x00007ffb166c9000 	C:\WINDOWS\System32\combase.dll
0x00007ffb18130000 - 0x00007ffb18207000 	C:\WINDOWS\System32\OLEAUT32.dll
0x00007ffaf3660000 - 0x00007ffaf3692000 	C:\WINDOWS\SYSTEM32\dbgcore.DLL
0x00007ffb15850000 - 0x00007ffb158ca000 	C:\WINDOWS\System32\bcryptPrimitives.dll
0x00007ffb0bb10000 - 0x00007ffb0bb1e000 	C:\Users\sunna\.jdks\corretto-17.0.4.1\bin\instrument.dll
0x00007ffab3ff0000 - 0x00007ffab4015000 	C:\Users\sunna\.jdks\corretto-17.0.4.1\bin\java.dll
0x00007ffa972c0000 - 0x00007ffa97396000 	C:\Users\sunna\.jdks\corretto-17.0.4.1\bin\jsvml.dll
0x00007ffb17100000 - 0x00007ffb17959000 	C:\WINDOWS\System32\SHELL32.dll
0x00007ffb13490000 - 0x00007ffb13d84000 	C:\WINDOWS\SYSTEM32\windows.storage.dll
0x00007ffb13350000 - 0x00007ffb1348e000 	C:\WINDOWS\SYSTEM32\wintypes.dll
0x00007ffb168e0000 - 0x00007ffb169d3000 	C:\WINDOWS\System32\SHCORE.dll
0x00007ffb167d0000 - 0x00007ffb1682e000 	C:\WINDOWS\System32\shlwapi.dll
0x00007ffb154f0000 - 0x00007ffb15516000 	C:\WINDOWS\SYSTEM32\profapi.dll
0x00007ffa96540000 - 0x00007ffa96558000 	C:\Users\sunna\.jdks\corretto-17.0.4.1\bin\zip.dll
0x00007ffa96580000 - 0x00007ffa96599000 	C:\Users\sunna\.jdks\corretto-17.0.4.1\bin\net.dll
0x00007ffb0b960000 - 0x00007ffb0ba97000 	C:\WINDOWS\SYSTEM32\WINHTTP.dll
0x00007ffb14b30000 - 0x00007ffb14b99000 	C:\WINDOWS\system32\mswsock.dll
0x00007ffa96560000 - 0x00007ffa96575000 	C:\Users\sunna\.jdks\corretto-17.0.4.1\bin\nio.dll
0x00007ffaecef0000 - 0x00007ffaecf0a000 	D:\Program Files\JetBrains\IntelliJ IDEA 2022.2.2\bin\breakgen64.dll
0x00007ffb14060000 - 0x00007ffb14159000 	C:\WINDOWS\SYSTEM32\DNSAPI.dll
0x00007ffb14030000 - 0x00007ffb1405d000 	C:\WINDOWS\SYSTEM32\IPHLPAPI.DLL
0x00007ffb16260000 - 0x00007ffb16269000 	C:\WINDOWS\System32\NSI.dll
0x00007ffb08c30000 - 0x00007ffb08c3a000 	C:\Windows\System32\rasadhlp.dll
0x00007ffb04f90000 - 0x00007ffb05013000 	C:\WINDOWS\System32\fwpuclnt.dll
0x00007ffb0bb00000 - 0x00007ffb0bb09000 	C:\Users\sunna\.jdks\corretto-17.0.4.1\bin\management.dll
0x00007ffb0baf0000 - 0x00007ffb0bafb000 	C:\Users\sunna\.jdks\corretto-17.0.4.1\bin\management_ext.dll
0x00007ffb14d80000 - 0x00007ffb14d9b000 	C:\WINDOWS\SYSTEM32\CRYPTSP.dll
0x00007ffb14560000 - 0x00007ffb14595000 	C:\WINDOWS\system32\rsaenh.dll
0x00007ffb14c20000 - 0x00007ffb14c4c000 	C:\WINDOWS\SYSTEM32\USERENV.dll
0x00007ffb14f50000 - 0x00007ffb14f78000 	C:\WINDOWS\SYSTEM32\bcrypt.dll
0x00007ffb14da0000 - 0x00007ffb14dac000 	C:\WINDOWS\SYSTEM32\CRYPTBASE.dll
0x00007ffb08b50000 - 0x00007ffb08b69000 	C:\WINDOWS\SYSTEM32\dhcpcsvc6.DLL
0x00007ffb089f0000 - 0x00007ffb08a0f000 	C:\WINDOWS\SYSTEM32\dhcpcsvc.DLL
0x00007ffab97f0000 - 0x00007ffab9807000 	C:\WINDOWS\system32\napinsp.dll
0x00007ffab9810000 - 0x00007ffab982b000 	C:\WINDOWS\system32\pnrpnsp.dll
0x00007ffab9830000 - 0x00007ffab9841000 	C:\WINDOWS\System32\winrnr.dll
0x00007ffb08e30000 - 0x00007ffb08e45000 	C:\WINDOWS\system32\wshbth.dll
0x00007ffab9850000 - 0x00007ffab9871000 	C:\WINDOWS\system32\nlansp_c.dll

dbghelp: loaded successfully - version: 4.0.5 - missing functions: none
symbol engine: initialized successfully - sym options: 0x614 - pdb path: .;C:\Users\sunna\.jdks\corretto-17.0.4.1\bin;C:\WINDOWS\SYSTEM32;C:\WINDOWS\WinSxS\amd64_microsoft.windows.common-controls_6595b64144ccf1df_6.0.22621.2506_none_270c5ae97388e100;C:\Users\sunna\.jdks\corretto-17.0.4.1\bin\server;D:\Program Files\JetBrains\IntelliJ IDEA 2022.2.2\bin

VM Arguments:
jvm_args: -XX:TieredStopAtLevel=1 -Dspring.output.ansi.enabled=always -Dcom.sun.management.jmxremote -Dspring.jmx.enabled=true -Dspring.liveBeansView.mbeanDomain -Dspring.application.admin.enabled=true -javaagent:D:\Program Files\JetBrains\IntelliJ IDEA 2022.2.2\lib\idea_rt.jar=61111:D:\Program Files\JetBrains\IntelliJ IDEA 2022.2.2\bin -Dfile.encoding=UTF-8 
java_command: com.hit.community.CommunityApplication
java_class_path (initial): D:\HIT-ToyProject\backend\community\out\production\classes;D:\HIT-ToyProject\backend\community\out\production\resources;C:\Users\sunna\.gradle\caches\modules-2\files-2.1\org.projectlombok\lombok\1.18.30\f195ee86e6c896ea47a1d39defbe20eb59cd149d\lombok-1.18.30.jar;C:\Users\sunna\.gradle\caches\modules-2\files-2.1\org.springframework.boot\spring-boot-starter-data-jpa\3.1.5\5fdcfab1fe9d6dddf4352d71f5ed879eb1aa92c2\spring-boot-starter-data-jpa-3.1.5.jar;C:\Users\sunna\.gradle\caches\modules-2\files-2.1\org.springframework.boot\spring-boot-starter-validation\3.1.5\f653e6661ec3da08003789f4a6583d1674e333b1\spring-boot-starter-validation-3.1.5.jar;C:\Users\sunna\.gradle\caches\modules-2\files-2.1\org.springframework.boot\spring-boot-starter-web\3.1.5\3674e5603cc25bc4dccf73b97d50234332fc3d72\spring-boot-starter-web-3.1.5.jar;C:\Users\sunna\.gradle\caches\modules-2\files-2.1\org.springframework.boot\spring-boot-starter-oauth2-client\3.1.5\937bc3e49e42cb30514308acf0ce3e2519527088\spring-boot-starter-oauth2-client-3.1.5.jar;C:\Users\sunna\.gradle\caches\modules-2\files-2.1\org.springframework.boot\spring-boot-starter-thymeleaf\3.1.5\3d5f1bff03e5e58b065ca230b7ee24b84bf7fe75\spring-boot-starter-thymeleaf-3.1.5.jar;C:\Users\sunna\.gradle\caches\modules-2\files-2.1\org.springframework.boot\spring-boot-starter-aop\3.1.5\2ac1f8bf4c2bce13b46d04abafc69a4f1523a08\spring-boot-starter-aop-3.1.5.jar;C:\Users\sunna\.gradle\caches\modules-2\files-2.1\org.springframework.boot\spring-boot-starter-jdbc\3.1.5\138c0e0ab493d8a51bb51dfc3b7144d702ff4c26\spring-boot-starter-jdbc-3.1.5.jar;C:\Users\sunna\.gradle\caches\modules-2\files-2.1\org.hibernate.orm\hibernate-core\6.2.13.Final\de458672b40154ab9ecfe7466987ad1772167af8\hibernate-core-6.2.13.Final.jar;C:\Users\sunna\.gradle\caches\modules-2\files-2.1\org.springframework.data\spring-data-jpa\3.1.5\6de79da064f0b97c6448e0bfa5d63da9fb6e1582\spring-data-jpa-3.1.5.jar;C:\Users\sunna\.gradle\caches\modules-2\files-2.1\org.spri
Launcher Type: SUN_STANDARD

[Global flags]
     intx CICompilerCount                          = 4                                         {product} {ergonomic}
     uint ConcGCThreads                            = 2                                         {product} {ergonomic}
     uint G1ConcRefinementThreads                  = 8                                         {product} {ergonomic}
   size_t G1HeapRegionSize                         = 2097152                                   {product} {ergonomic}
    uintx GCDrainStackTargetSize                   = 64                                        {product} {ergonomic}
   size_t InitialHeapSize                          = 264241152                                 {product} {ergonomic}
     bool ManagementServer                         = true                                      {product} {command line}
   size_t MarkStackSize                            = 4194304                                   {product} {ergonomic}
   size_t MaxHeapSize                              = 4211081216                                {product} {ergonomic}
   size_t MaxNewSize                               = 2524971008                                {product} {ergonomic}
   size_t MinHeapDeltaBytes                        = 2097152                                   {product} {ergonomic}
   size_t MinHeapSize                              = 8388608                                   {product} {ergonomic}
    uintx NonProfiledCodeHeapSize                  = 0                                      {pd product} {ergonomic}
     bool ProfileInterpreter                       = false                                  {pd product} {command line}
    uintx ProfiledCodeHeapSize                     = 0                                      {pd product} {ergonomic}
   size_t SoftMaxHeapSize                          = 4211081216                             {manageable} {ergonomic}
     intx TieredStopAtLevel                        = 1                                         {product} {command line}
     bool UseCompressedClassPointers               = true                           {product lp64_product} {ergonomic}
     bool UseCompressedOops                        = true                           {product lp64_product} {ergonomic}
     bool UseG1GC                                  = true                                      {product} {ergonomic}
     bool UseLargePagesIndividualAllocation        = false                                  {pd product} {ergonomic}

Logging:
Log output configuration:
 #0: stdout all=warning uptime,level,tags
 #1: stderr all=off uptime,level,tags

Environment Variables:
JAVA_HOME=C:\Program Files\Java\jdk-11.0.13
CLASSPATH=C:\Program Files\Java\jdk-11.0.13\lib
PATH=C:\Program Files (x86)\Common Files\Oracle\Java\javapath;D:\oraclexe\app\oracle\product\11.2.0\server\bin;C:\WINDOWS\system32;C:\WINDOWS;C:\WINDOWS\System32\Wbem;C:\WINDOWS\System32\WindowsPowerShell\v1.0\;C:\WINDOWS\System32\OpenSSH\;C:\Python;C:\Python\Scripts;C:\Users\sunna\anaconda3;C:\Program Files\Bandizip\;D:\Ruby30-x64\bin;C:\Users\sunna\AppData\Local\Microsoft\WindowsApps;C:\Users\sunna\AppData\Roaming\npm;D:\Users\sunna\AppData\Local\Programs\Microsoft VS Code\bin;D:\Program Files\heroku\bin;D:\Program Files\JetBrains\IntelliJ IDEA Community Edition 2022.2.1\bin;D:\Program Files\JetBrains\Intel;C:\Users\sunna\anaconda3\Library\bin;C:\Program Files\MySQL\MySQL Server 8.0\bin;C:\WINDOWS\system32;C:\WINDOWS;C:\WINDOWS\System32\Wbem;C:\WINDOWS\System32\WindowsPowerShell\v1.0\;C:\WINDOWS\System32\OpenSSH\;D:\Program Files\MySQL\MySQL Server 8.0\bin;C:\ProgramData\chocolatey\bin;D:\Program Files\Git\cmd;D:\Program Files\Amazon\AWSCLIV2\;C:\Users\sunna\OneDrive\Desktop\apache-maven-3.9.4\bin;C:\Program Files\PuTTY\;C:\Users\sunna\AppData\Local\Programs\Python\Python39\Scripts\;C:\Users\sunna\AppData\Local\Programs\Python\Python39\;C:\Users\sunna\AppData\Local\Microsoft\WindowsApps;D:\Users\sunna\AppData\Local\Programs\Microsoft VS Code\bin;D:\Program Files\heroku\bin;D:\Program Files\JetBrains\IntelliJ IDEA Community Edition 2022.2.1\bin;D:\Program Files\JetBrains\IntelliJ IDEA 2022.2.1\bin;C:\Users\sunna\AppData\Local\gitkraken\bin;C:\ProgramData\sunna\gitkraken\bin;D:\Program Files\JetBrains\IntelliJ IDEA 2022.2.2\bin;;C:\Users\sunna\AppData\Local\Microsoft\WindowsApps;C:\MinGW\bin;;D:\Program Files\JetBrains\PyCharm 2023.1.2\bin;
USERNAME=sunna
OS=Windows_NT
PROCESSOR_IDENTIFIER=Intel64 Family 6 Model 140 Stepping 1, GenuineIntel
TMP=C:\Users\sunna\AppData\Local\Temp
TEMP=C:\Users\sunna\AppData\Local\Temp



---------------  S Y S T E M  ---------------

OS:
 Windows 11 , 64 bit Build 22621 (10.0.22621.2506)
OS uptime: 0 days 3:13 hours
Hyper-V role detected

CPU: total 8 (initial active 8) (4 cores per cpu, 2 threads per core) family 6 model 140 stepping 1 microcode 0x9a, cx8, cmov, fxsr, ht, mmx, 3dnowpref, sse, sse2, sse3, ssse3, sse4.1, sse4.2, popcnt, lzcnt, tsc, tscinvbit, avx, avx2, aes, erms, clmul, bmi1, bmi2, adx, avx512f, avx512dq, avx512cd, avx512bw, avx512vl, sha, fma, vzeroupper, avx512_vpopcntdq, avx512_vpclmulqdq, avx512_vaes, avx512_vnni, clflush, clflushopt, clwb, avx512_vbmi2, avx512_vbmi, hv

Memory: 4k page, system-wide physical 16057M (2566M free)
TotalPageFile size 18105M (AvailPageFile size 5M)
current process WorkingSet (physical memory assigned to process): 82M, peak: 82M
current process commit charge ("private bytes"): 354M, peak: 354M

vm_info: OpenJDK 64-Bit Server VM (17.0.4.1+9-LTS) for windows-amd64 JRE (17.0.4.1+9-LTS), built on Aug 12 2022 17:33:36 by "Administrator" with MS VC++ 15.9 (VS2017)

END.
