#
# There is insufficient memory for the Java Runtime Environment to continue.
# Native memory allocation (mmap) failed to map 65536 bytes for Failed to commit metaspace.
# Possible reasons:
#   The system is out of physical RAM or swap space
#   The process is running with CompressedOops enabled, and the Java Heap may be blocking the growth of the native heap
# Possible solutions:
#   Reduce memory load on the system
#   Increase physical memory or swap space
#   Check if swap backing store is full
#   Decrease Java heap size (-Xmx/-Xms)
#   Decrease number of Java threads
#   Decrease Java thread stack sizes (-Xss)
#   Set larger code cache with -XX:ReservedCodeCacheSize=
#   JVM is running with Zero Based Compressed Oops mode in which the Java heap is
#     placed in the first 32GB address space. The Java Heap base address is the
#     maximum limit for the native heap growth. Please use -XX:HeapBaseMinAddress
#     to set the Java Heap base and to place the Java Heap above 32GB virtual address.
# This output file may be truncated or incomplete.
#
#  Out of Memory Error (virtualSpaceNode.cpp:110), pid=20148, tid=156
#
# JRE version: OpenJDK Runtime Environment Corretto-17.0.4.9.1 (17.0.4.1+9) (build 17.0.4.1+9-LTS)
# Java VM: OpenJDK 64-Bit Server VM Corretto-17.0.4.9.1 (17.0.4.1+9-LTS, mixed mode, emulated-client, sharing, tiered, compressed oops, compressed class ptrs, g1 gc, windows-amd64)
# No core dump will be written. Minidumps are not enabled by default on client versions of Windows
#

---------------  S U M M A R Y ------------

Command Line: -XX:TieredStopAtLevel=1 -Dspring.output.ansi.enabled=always -Dcom.sun.management.jmxremote -Dspring.jmx.enabled=true -Dspring.liveBeansView.mbeanDomain -Dspring.application.admin.enabled=true -javaagent:D:\Program Files\JetBrains\IntelliJ IDEA 2022.2.2\lib\idea_rt.jar=55741:D:\Program Files\JetBrains\IntelliJ IDEA 2022.2.2\bin -Dfile.encoding=UTF-8 com.hit.community.CommunityApplication

Host: 11th Gen Intel(R) Core(TM) i7-1165G7 @ 2.80GHz, 8 cores, 15G,  Windows 11 , 64 bit Build 22621 (10.0.22621.2506)
Time: Sat Nov 25 18:43:10 2023  Windows 11 , 64 bit Build 22621 (10.0.22621.2506) elapsed time: 1.501305 seconds (0d 0h 0m 1s)

---------------  T H R E A D  ---------------

Current thread (0x000002087a7f93f0):  JavaThread "RMI TCP Connection(idle)" daemon [_thread_in_vm, id=156, stack(0x00000056a8200000,0x00000056a8300000)]

Stack: [0x00000056a8200000,0x00000056a8300000]
Native frames: (J=compiled Java code, j=interpreted, Vv=VM code, C=native code)
V  [jvm.dll+0x64724a]
V  [jvm.dll+0x7f87a4]
V  [jvm.dll+0x7f9f5e]
V  [jvm.dll+0x7fa5b3]
V  [jvm.dll+0x234ed8]
V  [jvm.dll+0x7f487b]
V  [jvm.dll+0x5ee866]
V  [jvm.dll+0x1b490e]
V  [jvm.dll+0x5f10b4]
V  [jvm.dll+0x5ef21d]
V  [jvm.dll+0x22aba8]
V  [jvm.dll+0x1dd79e]
V  [jvm.dll+0x1d3909]
V  [jvm.dll+0x513e90]
V  [jvm.dll+0x77685d]
V  [jvm.dll+0x7767ba]
V  [jvm.dll+0x3eeccf]
V  [jvm.dll+0x40235e]
C  [java.dll+0x1657]

Java frames: (J=compiled Java code, j=interpreted, Vv=VM code)
J 1569  java.lang.ClassLoader.defineClass0(Ljava/lang/ClassLoader;Ljava/lang/Class;Ljava/lang/String;[BIILjava/security/ProtectionDomain;ZILjava/lang/Object;)Ljava/lang/Class; java.base@17.0.4.1 (0 bytes) @ 0x000002086a3a4f91 [0x000002086a3a4ea0+0x00000000000000f1]
J 1568 c1 java.lang.System$2.defineClass(Ljava/lang/ClassLoader;Ljava/lang/Class;Ljava/lang/String;[BLjava/security/ProtectionDomain;ZILjava/lang/Object;)Ljava/lang/Class; java.base@17.0.4.1 (21 bytes) @ 0x000002086a3a610c [0x000002086a3a60a0+0x000000000000006c]
J 1567 c1 java.lang.invoke.MethodHandles$Lookup$ClassDefiner.defineClass(ZLjava/lang/Object;)Ljava/lang/Class; java.base@17.0.4.1 (97 bytes) @ 0x000002086a3a77cc [0x000002086a3a7480+0x000000000000034c]
j  java.lang.invoke.InvokerBytecodeGenerator.loadMethod([B)Ljava/lang/invoke/MemberName;+16 java.base@17.0.4.1
j  java.lang.invoke.InvokerBytecodeGenerator.generateCustomizedCode(Ljava/lang/invoke/LambdaForm;Ljava/lang/invoke/MethodType;)Ljava/lang/invoke/MemberName;+30 java.base@17.0.4.1
j  java.lang.invoke.LambdaForm.compileToBytecode()V+69 java.base@17.0.4.1
J 598 c1 java.lang.invoke.LambdaForm.prepare()V java.base@17.0.4.1 (112 bytes) @ 0x000002086a21eef4 [0x000002086a21ee80+0x0000000000000074]
J 597 c1 java.lang.invoke.MethodHandle.<init>(Ljava/lang/invoke/MethodType;Ljava/lang/invoke/LambdaForm;)V java.base@17.0.4.1 (37 bytes) @ 0x000002086a21d624 [0x000002086a21d560+0x00000000000000c4]
J 934 c1 java.lang.invoke.BoundMethodHandle.<init>(Ljava/lang/invoke/MethodType;Ljava/lang/invoke/LambdaForm;)V java.base@17.0.4.1 (32 bytes) @ 0x000002086a2a426c [0x000002086a2a4220+0x000000000000004c]
j  java.lang.invoke.BoundMethodHandle$Species_LLLLL.<init>(Ljava/lang/invoke/MethodType;Ljava/lang/invoke/LambdaForm;Ljava/lang/Object;Ljava/lang/Object;Ljava/lang/Object;Ljava/lang/Object;Ljava/lang/Object;)V+3 java.base@17.0.4.1
j  java.lang.invoke.BoundMethodHandle$Species_LLLLL.make(Ljava/lang/invoke/MethodType;Ljava/lang/invoke/LambdaForm;Ljava/lang/Object;Ljava/lang/Object;Ljava/lang/Object;Ljava/lang/Object;Ljava/lang/Object;)Ljava/lang/invoke/BoundMethodHandle;+14 java.base@17.0.4.1
j  java.lang.invoke.DirectMethodHandle$Holder.invokeStatic(Ljava/lang/Object;Ljava/lang/Object;Ljava/lang/Object;Ljava/lang/Object;Ljava/lang/Object;Ljava/lang/Object;Ljava/lang/Object;Ljava/lang/Object;)Ljava/lang/Object;+22 java.base@17.0.4.1
j  java.lang.invoke.BoundMethodHandle$Species_LLLL.copyWithExtendL(Ljava/lang/invoke/MethodType;Ljava/lang/invoke/LambdaForm;Ljava/lang/Object;)Ljava/lang/invoke/BoundMethodHandle;+26 java.base@17.0.4.1
j  java.lang.invoke.MethodHandles.argumentsWithCombiner(ZLjava/lang/invoke/MethodHandle;ILjava/lang/invoke/MethodHandle;[I)Ljava/lang/invoke/MethodHandle;+122 java.base@17.0.4.1
j  java.lang.invoke.MethodHandles.filterArgumentsWithCombiner(Ljava/lang/invoke/MethodHandle;ILjava/lang/invoke/MethodHandle;[I)Ljava/lang/invoke/MethodHandle;+5 java.base@17.0.4.1
j  java.lang.invoke.StringConcatFactory.generateMHInlineCopy(Ljava/lang/invoke/MethodType;Ljava/util/List;)Ljava/lang/invoke/MethodHandle;+514 java.base@17.0.4.1
j  java.lang.invoke.StringConcatFactory.makeConcatWithConstants(Ljava/lang/invoke/MethodHandles$Lookup;Ljava/lang/String;Ljava/lang/invoke/MethodType;Ljava/lang/String;[Ljava/lang/Object;)Ljava/lang/invoke/CallSite;+220 java.base@17.0.4.1
j  java.lang.invoke.DirectMethodHandle$Holder.invokeStatic(Ljava/lang/Object;Ljava/lang/Object;Ljava/lang/Object;Ljava/lang/Object;Ljava/lang/Object;Ljava/lang/Object;)Ljava/lang/Object;+18 java.base@17.0.4.1
j  java.lang.invoke.DelegatingMethodHandle$Holder.delegate(Ljava/lang/Object;Ljava/lang/Object;Ljava/lang/Object;Ljava/lang/Object;Ljava/lang/Object;Ljava/lang/Object;)Ljava/lang/Object;+21 java.base@17.0.4.1
J 1553 c1 java.lang.invoke.BootstrapMethodInvoker.invoke(Ljava/lang/Class;Ljava/lang/invoke/MethodHandle;Ljava/lang/String;Ljava/lang/Object;Ljava/lang/Object;Ljava/lang/Class;)Ljava/lang/Object; java.base@17.0.4.1 (974 bytes) @ 0x000002086a3a0abc [0x000002086a39f160+0x000000000000195c]
J 1552 c1 java.lang.invoke.CallSite.makeSite(Ljava/lang/invoke/MethodHandle;Ljava/lang/String;Ljava/lang/invoke/MethodType;Ljava/lang/Object;Ljava/lang/Class;)Ljava/lang/invoke/CallSite; java.base@17.0.4.1 (91 bytes) @ 0x000002086a39b564 [0x000002086a39b520+0x0000000000000044]
J 1551 c1 java.lang.invoke.MethodHandleNatives.linkCallSiteImpl(Ljava/lang/Class;Ljava/lang/invoke/MethodHandle;Ljava/lang/String;Ljava/lang/invoke/MethodType;Ljava/lang/Object;[Ljava/lang/Object;)Ljava/lang/invoke/MemberName; java.base@17.0.4.1 (44 bytes) @ 0x000002086a39abb4 [0x000002086a39ab80+0x0000000000000034]
J 1550 c1 java.lang.invoke.MethodHandleNatives.linkCallSite(Ljava/lang/Object;ILjava/lang/Object;Ljava/lang/Object;Ljava/lang/Object;Ljava/lang/Object;[Ljava/lang/Object;)Ljava/lang/invoke/MemberName; java.base@17.0.4.1 (66 bytes) @ 0x000002086a39a74c [0x000002086a39a640+0x000000000000010c]
v  ~StubRoutines::call_stub
j  sun.rmi.transport.tcp.TCPTransport$ConnectionHandler.run()V+20 java.rmi@17.0.4.1
j  java.util.concurrent.ThreadPoolExecutor.runWorker(Ljava/util/concurrent/ThreadPoolExecutor$Worker;)V+92 java.base@17.0.4.1
j  java.util.concurrent.ThreadPoolExecutor$Worker.run()V+5 java.base@17.0.4.1
j  java.lang.Thread.run()V+11 java.base@17.0.4.1
v  ~StubRoutines::call_stub

---------------  P R O C E S S  ---------------

Threads class SMR info:
_java_thread_list=0x000002087a7c6a00, length=18, elements={
0x0000020862441190, 0x0000020879050520, 0x0000020879051cf0, 0x0000020879c062b0,
0x0000020879c06a70, 0x0000020879c07230, 0x0000020879c09800, 0x0000020879c09dc0,
0x0000020879c0de90, 0x000002087903c990, 0x0000020879ced3a0, 0x0000020879ced8b0,
0x000002087a1829d0, 0x000002087a182ea0, 0x000002087a2e3240, 0x000002087a657670,
0x000002087a69f3d0, 0x000002087a7f93f0
}

Java Threads: ( => current thread )
  0x0000020862441190 JavaThread "main" [_thread_blocked, id=9268, stack(0x00000056a6100000,0x00000056a6200000)]
  0x0000020879050520 JavaThread "Reference Handler" daemon [_thread_blocked, id=12376, stack(0x00000056a6800000,0x00000056a6900000)]
  0x0000020879051cf0 JavaThread "Finalizer" daemon [_thread_blocked, id=13600, stack(0x00000056a6900000,0x00000056a6a00000)]
  0x0000020879c062b0 JavaThread "Signal Dispatcher" daemon [_thread_blocked, id=8492, stack(0x00000056a6a00000,0x00000056a6b00000)]
  0x0000020879c06a70 JavaThread "Attach Listener" daemon [_thread_blocked, id=19356, stack(0x00000056a6b00000,0x00000056a6c00000)]
  0x0000020879c07230 JavaThread "Service Thread" daemon [_thread_blocked, id=17572, stack(0x00000056a6c00000,0x00000056a6d00000)]
  0x0000020879c09800 JavaThread "Monitor Deflation Thread" daemon [_thread_blocked, id=12204, stack(0x00000056a6d00000,0x00000056a6e00000)]
  0x0000020879c09dc0 JavaThread "C1 CompilerThread0" daemon [_thread_blocked, id=21248, stack(0x00000056a6e00000,0x00000056a6f00000)]
  0x0000020879c0de90 JavaThread "Sweeper thread" daemon [_thread_blocked, id=17204, stack(0x00000056a6f00000,0x00000056a7000000)]
  0x000002087903c990 JavaThread "Common-Cleaner" daemon [_thread_blocked, id=6008, stack(0x00000056a7000000,0x00000056a7100000)]
  0x0000020879ced3a0 JavaThread "C1 CompilerThread1" daemon [_thread_blocked, id=5984, stack(0x00000056a7100000,0x00000056a7200000)]
  0x0000020879ced8b0 JavaThread "C1 CompilerThread2" daemon [_thread_blocked, id=8476, stack(0x00000056a7200000,0x00000056a7300000)]
  0x000002087a1829d0 JavaThread "Monitor Ctrl-Break" daemon [_thread_in_native, id=7636, stack(0x00000056a7300000,0x00000056a7400000)]
  0x000002087a182ea0 JavaThread "Notification Thread" daemon [_thread_blocked, id=20604, stack(0x00000056a7400000,0x00000056a7500000)]
  0x000002087a2e3240 JavaThread "RMI TCP Accept-0" daemon [_thread_in_native, id=21320, stack(0x00000056a7500000,0x00000056a7600000)]
  0x000002087a657670 JavaThread "Thread-0" [_thread_blocked, id=12908, stack(0x00000056a8000000,0x00000056a8100000)]
  0x000002087a69f3d0 JavaThread "restartedMain" [_thread_in_vm, id=19476, stack(0x00000056a8100000,0x00000056a8200000)]
=>0x000002087a7f93f0 JavaThread "RMI TCP Connection(idle)" daemon [_thread_in_vm, id=156, stack(0x00000056a8200000,0x00000056a8300000)]

Other Threads:
  0x000002087904bef0 VMThread "VM Thread" [stack: 0x00000056a6700000,0x00000056a6800000] [id=20396]
  0x000002087a2e3710 WatcherThread [stack: 0x00000056a7600000,0x00000056a7700000] [id=10248]
  0x00000208624ab270 GCTaskThread "GC Thread#0" [stack: 0x00000056a6200000,0x00000056a6300000] [id=19196]
  0x000002087a6468c0 GCTaskThread "GC Thread#1" [stack: 0x00000056a7700000,0x00000056a7800000] [id=1220]
  0x000002087a648b00 GCTaskThread "GC Thread#2" [stack: 0x00000056a7800000,0x00000056a7900000] [id=10656]
  0x000002087a63c050 GCTaskThread "GC Thread#3" [stack: 0x00000056a7900000,0x00000056a7a00000] [id=17064]
  0x000002087a63c300 GCTaskThread "GC Thread#4" [stack: 0x00000056a7a00000,0x00000056a7b00000] [id=9568]
  0x000002087a63cdc0 GCTaskThread "GC Thread#5" [stack: 0x00000056a7b00000,0x00000056a7c00000] [id=4516]
  0x000002087a651e70 GCTaskThread "GC Thread#6" [stack: 0x00000056a7c00000,0x00000056a7d00000] [id=18988]
  0x000002087a677b80 GCTaskThread "GC Thread#7" [stack: 0x00000056a7d00000,0x00000056a7e00000] [id=6136]
  0x00000208624bbcb0 ConcurrentGCThread "G1 Main Marker" [stack: 0x00000056a6300000,0x00000056a6400000] [id=7364]
  0x00000208624bd6d0 ConcurrentGCThread "G1 Conc#0" [stack: 0x00000056a6400000,0x00000056a6500000] [id=2844]
  0x00000208624fea70 ConcurrentGCThread "G1 Refine#0" [stack: 0x00000056a6500000,0x00000056a6600000] [id=20536]
  0x000002087a67ca60 ConcurrentGCThread "G1 Refine#1" [stack: 0x00000056a7e00000,0x00000056a7f00000] [id=708]
  0x000002087a67d760 ConcurrentGCThread "G1 Refine#2" [stack: 0x00000056a7f00000,0x00000056a8000000] [id=15760]
  0x0000020878f06650 ConcurrentGCThread "G1 Service" [stack: 0x00000056a6600000,0x00000056a6700000] [id=18668]

Threads with active compile tasks:

VM state: not at safepoint (normal execution)

VM Mutex/Monitor currently owned by a thread:  ([mutex/lock_event])
[0x000002086243c6c0] Metaspace_lock - owner thread: 0x000002087a7f93f0

Heap address: 0x0000000705000000, size: 4016 MB, Compressed Oops mode: Zero based, Oop shift amount: 3

CDS archive(s) mapped at: [0x0000000800000000-0x0000000800bc0000-0x0000000800bc0000), size 12320768, SharedBaseAddress: 0x0000000800000000, ArchiveRelocationMode: 0.
Compressed class space mapped at: 0x0000000800c00000-0x0000000840c00000, reserved size: 1073741824
Narrow klass base: 0x0000000800000000, Narrow klass shift: 0, Narrow klass range: 0x100000000

GC Precious Log:
 CPUs: 8 total, 8 available
 Memory: 16057M
 Large Page Support: Disabled
 NUMA Support: Disabled
 Compressed Oops: Enabled (Zero based)
 Heap Region Size: 2M
 Heap Min Capacity: 8M
 Heap Initial Capacity: 252M
 Heap Max Capacity: 4016M
 Pre-touch: Disabled
 Parallel Workers: 8
 Concurrent Workers: 2
 Concurrent Refinement Workers: 8
 Periodic GC: Disabled

Heap:
 garbage-first heap   total 258048K, used 11202K [0x0000000705000000, 0x0000000800000000)
  region size 2048K, 3 young (6144K), 1 survivors (2048K)
 Metaspace       used 10106K, committed 10304K, reserved 1064960K
  class space    used 1343K, committed 1472K, reserved 1048576K

Heap Regions: E=young(eden), S=young(survivor), O=old, HS=humongous(starts), HC=humongous(continues), CS=collection set, F=free, OA=open archive, CA=closed archive, TAMS=top-at-mark-start (previous, next)
|   0|0x0000000705000000, 0x0000000705200000, 0x0000000705200000|100%| O|  |TAMS 0x0000000705000000, 0x0000000705000000| Untracked 
|   1|0x0000000705200000, 0x0000000705400000, 0x0000000705400000|100%| O|  |TAMS 0x0000000705200000, 0x0000000705200000| Untracked 
|   2|0x0000000705400000, 0x0000000705600000, 0x0000000705600000|100%| O|  |TAMS 0x0000000705400000, 0x0000000705400000| Untracked 
|   3|0x0000000705600000, 0x00000007057e8400, 0x0000000705800000| 95%| O|  |TAMS 0x0000000705600000, 0x0000000705600000| Untracked 
|   4|0x0000000705800000, 0x0000000705800000, 0x0000000705a00000|  0%| F|  |TAMS 0x0000000705800000, 0x0000000705800000| Untracked 
|   5|0x0000000705a00000, 0x0000000705a00000, 0x0000000705c00000|  0%| F|  |TAMS 0x0000000705a00000, 0x0000000705a00000| Untracked 
|   6|0x0000000705c00000, 0x0000000705c00000, 0x0000000705e00000|  0%| F|  |TAMS 0x0000000705c00000, 0x0000000705c00000| Untracked 
|   7|0x0000000705e00000, 0x0000000705e00000, 0x0000000706000000|  0%| F|  |TAMS 0x0000000705e00000, 0x0000000705e00000| Untracked 
|   8|0x0000000706000000, 0x0000000706000000, 0x0000000706200000|  0%| F|  |TAMS 0x0000000706000000, 0x0000000706000000| Untracked 
|   9|0x0000000706200000, 0x0000000706200000, 0x0000000706400000|  0%| F|  |TAMS 0x0000000706200000, 0x0000000706200000| Untracked 
|  10|0x0000000706400000, 0x0000000706400000, 0x0000000706600000|  0%| F|  |TAMS 0x0000000706400000, 0x0000000706400000| Untracked 
|  11|0x0000000706600000, 0x0000000706600000, 0x0000000706800000|  0%| F|  |TAMS 0x0000000706600000, 0x0000000706600000| Untracked 
|  12|0x0000000706800000, 0x0000000706800000, 0x0000000706a00000|  0%| F|  |TAMS 0x0000000706800000, 0x0000000706800000| Untracked 
|  13|0x0000000706a00000, 0x0000000706a00000, 0x0000000706c00000|  0%| F|  |TAMS 0x0000000706a00000, 0x0000000706a00000| Untracked 
|  14|0x0000000706c00000, 0x0000000706c00000, 0x0000000706e00000|  0%| F|  |TAMS 0x0000000706c00000, 0x0000000706c00000| Untracked 
|  15|0x0000000706e00000, 0x0000000706e00000, 0x0000000707000000|  0%| F|  |TAMS 0x0000000706e00000, 0x0000000706e00000| Untracked 
|  16|0x0000000707000000, 0x0000000707000000, 0x0000000707200000|  0%| F|  |TAMS 0x0000000707000000, 0x0000000707000000| Untracked 
|  17|0x0000000707200000, 0x0000000707200000, 0x0000000707400000|  0%| F|  |TAMS 0x0000000707200000, 0x0000000707200000| Untracked 
|  18|0x0000000707400000, 0x0000000707400000, 0x0000000707600000|  0%| F|  |TAMS 0x0000000707400000, 0x0000000707400000| Untracked 
|  19|0x0000000707600000, 0x0000000707600000, 0x0000000707800000|  0%| F|  |TAMS 0x0000000707600000, 0x0000000707600000| Untracked 
|  20|0x0000000707800000, 0x0000000707800000, 0x0000000707a00000|  0%| F|  |TAMS 0x0000000707800000, 0x0000000707800000| Untracked 
|  21|0x0000000707a00000, 0x0000000707a00000, 0x0000000707c00000|  0%| F|  |TAMS 0x0000000707a00000, 0x0000000707a00000| Untracked 
|  22|0x0000000707c00000, 0x0000000707c00000, 0x0000000707e00000|  0%| F|  |TAMS 0x0000000707c00000, 0x0000000707c00000| Untracked 
|  23|0x0000000707e00000, 0x0000000707e00000, 0x0000000708000000|  0%| F|  |TAMS 0x0000000707e00000, 0x0000000707e00000| Untracked 
|  24|0x0000000708000000, 0x0000000708000000, 0x0000000708200000|  0%| F|  |TAMS 0x0000000708000000, 0x0000000708000000| Untracked 
|  25|0x0000000708200000, 0x0000000708200000, 0x0000000708400000|  0%| F|  |TAMS 0x0000000708200000, 0x0000000708200000| Untracked 
|  26|0x0000000708400000, 0x0000000708400000, 0x0000000708600000|  0%| F|  |TAMS 0x0000000708400000, 0x0000000708400000| Untracked 
|  27|0x0000000708600000, 0x0000000708600000, 0x0000000708800000|  0%| F|  |TAMS 0x0000000708600000, 0x0000000708600000| Untracked 
|  28|0x0000000708800000, 0x0000000708800000, 0x0000000708a00000|  0%| F|  |TAMS 0x0000000708800000, 0x0000000708800000| Untracked 
|  29|0x0000000708a00000, 0x0000000708a00000, 0x0000000708c00000|  0%| F|  |TAMS 0x0000000708a00000, 0x0000000708a00000| Untracked 
|  30|0x0000000708c00000, 0x0000000708c00000, 0x0000000708e00000|  0%| F|  |TAMS 0x0000000708c00000, 0x0000000708c00000| Untracked 
|  31|0x0000000708e00000, 0x0000000708e00000, 0x0000000709000000|  0%| F|  |TAMS 0x0000000708e00000, 0x0000000708e00000| Untracked 
|  32|0x0000000709000000, 0x0000000709000000, 0x0000000709200000|  0%| F|  |TAMS 0x0000000709000000, 0x0000000709000000| Untracked 
|  33|0x0000000709200000, 0x0000000709200000, 0x0000000709400000|  0%| F|  |TAMS 0x0000000709200000, 0x0000000709200000| Untracked 
|  34|0x0000000709400000, 0x0000000709400000, 0x0000000709600000|  0%| F|  |TAMS 0x0000000709400000, 0x0000000709400000| Untracked 
|  35|0x0000000709600000, 0x0000000709600000, 0x0000000709800000|  0%| F|  |TAMS 0x0000000709600000, 0x0000000709600000| Untracked 
|  36|0x0000000709800000, 0x0000000709800000, 0x0000000709a00000|  0%| F|  |TAMS 0x0000000709800000, 0x0000000709800000| Untracked 
|  37|0x0000000709a00000, 0x0000000709a00000, 0x0000000709c00000|  0%| F|  |TAMS 0x0000000709a00000, 0x0000000709a00000| Untracked 
|  38|0x0000000709c00000, 0x0000000709c00000, 0x0000000709e00000|  0%| F|  |TAMS 0x0000000709c00000, 0x0000000709c00000| Untracked 
|  39|0x0000000709e00000, 0x0000000709e00000, 0x000000070a000000|  0%| F|  |TAMS 0x0000000709e00000, 0x0000000709e00000| Untracked 
|  40|0x000000070a000000, 0x000000070a000000, 0x000000070a200000|  0%| F|  |TAMS 0x000000070a000000, 0x000000070a000000| Untracked 
|  41|0x000000070a200000, 0x000000070a200000, 0x000000070a400000|  0%| F|  |TAMS 0x000000070a200000, 0x000000070a200000| Untracked 
|  42|0x000000070a400000, 0x000000070a400000, 0x000000070a600000|  0%| F|  |TAMS 0x000000070a400000, 0x000000070a400000| Untracked 
|  43|0x000000070a600000, 0x000000070a600000, 0x000000070a800000|  0%| F|  |TAMS 0x000000070a600000, 0x000000070a600000| Untracked 
|  44|0x000000070a800000, 0x000000070a800000, 0x000000070aa00000|  0%| F|  |TAMS 0x000000070a800000, 0x000000070a800000| Untracked 
|  45|0x000000070aa00000, 0x000000070aa00000, 0x000000070ac00000|  0%| F|  |TAMS 0x000000070aa00000, 0x000000070aa00000| Untracked 
|  46|0x000000070ac00000, 0x000000070ac00000, 0x000000070ae00000|  0%| F|  |TAMS 0x000000070ac00000, 0x000000070ac00000| Untracked 
|  47|0x000000070ae00000, 0x000000070ae00000, 0x000000070b000000|  0%| F|  |TAMS 0x000000070ae00000, 0x000000070ae00000| Untracked 
|  48|0x000000070b000000, 0x000000070b000000, 0x000000070b200000|  0%| F|  |TAMS 0x000000070b000000, 0x000000070b000000| Untracked 
|  49|0x000000070b200000, 0x000000070b200000, 0x000000070b400000|  0%| F|  |TAMS 0x000000070b200000, 0x000000070b200000| Untracked 
|  50|0x000000070b400000, 0x000000070b400000, 0x000000070b600000|  0%| F|  |TAMS 0x000000070b400000, 0x000000070b400000| Untracked 
|  51|0x000000070b600000, 0x000000070b600000, 0x000000070b800000|  0%| F|  |TAMS 0x000000070b600000, 0x000000070b600000| Untracked 
|  52|0x000000070b800000, 0x000000070b800000, 0x000000070ba00000|  0%| F|  |TAMS 0x000000070b800000, 0x000000070b800000| Untracked 
|  53|0x000000070ba00000, 0x000000070ba00000, 0x000000070bc00000|  0%| F|  |TAMS 0x000000070ba00000, 0x000000070ba00000| Untracked 
|  54|0x000000070bc00000, 0x000000070bc00000, 0x000000070be00000|  0%| F|  |TAMS 0x000000070bc00000, 0x000000070bc00000| Untracked 
|  55|0x000000070be00000, 0x000000070be00000, 0x000000070c000000|  0%| F|  |TAMS 0x000000070be00000, 0x000000070be00000| Untracked 
|  56|0x000000070c000000, 0x000000070c000000, 0x000000070c200000|  0%| F|  |TAMS 0x000000070c000000, 0x000000070c000000| Untracked 
|  57|0x000000070c200000, 0x000000070c200000, 0x000000070c400000|  0%| F|  |TAMS 0x000000070c200000, 0x000000070c200000| Untracked 
|  58|0x000000070c400000, 0x000000070c400000, 0x000000070c600000|  0%| F|  |TAMS 0x000000070c400000, 0x000000070c400000| Untracked 
|  59|0x000000070c600000, 0x000000070c600000, 0x000000070c800000|  0%| F|  |TAMS 0x000000070c600000, 0x000000070c600000| Untracked 
|  60|0x000000070c800000, 0x000000070c800000, 0x000000070ca00000|  0%| F|  |TAMS 0x000000070c800000, 0x000000070c800000| Untracked 
|  61|0x000000070ca00000, 0x000000070ca00000, 0x000000070cc00000|  0%| F|  |TAMS 0x000000070ca00000, 0x000000070ca00000| Untracked 
|  62|0x000000070cc00000, 0x000000070cc00000, 0x000000070ce00000|  0%| F|  |TAMS 0x000000070cc00000, 0x000000070cc00000| Untracked 
|  63|0x000000070ce00000, 0x000000070ce00000, 0x000000070d000000|  0%| F|  |TAMS 0x000000070ce00000, 0x000000070ce00000| Untracked 
|  64|0x000000070d000000, 0x000000070d000000, 0x000000070d200000|  0%| F|  |TAMS 0x000000070d000000, 0x000000070d000000| Untracked 
|  65|0x000000070d200000, 0x000000070d200000, 0x000000070d400000|  0%| F|  |TAMS 0x000000070d200000, 0x000000070d200000| Untracked 
|  66|0x000000070d400000, 0x000000070d400000, 0x000000070d600000|  0%| F|  |TAMS 0x000000070d400000, 0x000000070d400000| Untracked 
|  67|0x000000070d600000, 0x000000070d600000, 0x000000070d800000|  0%| F|  |TAMS 0x000000070d600000, 0x000000070d600000| Untracked 
|  68|0x000000070d800000, 0x000000070d800000, 0x000000070da00000|  0%| F|  |TAMS 0x000000070d800000, 0x000000070d800000| Untracked 
|  69|0x000000070da00000, 0x000000070da00000, 0x000000070dc00000|  0%| F|  |TAMS 0x000000070da00000, 0x000000070da00000| Untracked 
|  70|0x000000070dc00000, 0x000000070dc00000, 0x000000070de00000|  0%| F|  |TAMS 0x000000070dc00000, 0x000000070dc00000| Untracked 
|  71|0x000000070de00000, 0x000000070de00000, 0x000000070e000000|  0%| F|  |TAMS 0x000000070de00000, 0x000000070de00000| Untracked 
|  72|0x000000070e000000, 0x000000070e000000, 0x000000070e200000|  0%| F|  |TAMS 0x000000070e000000, 0x000000070e000000| Untracked 
|  73|0x000000070e200000, 0x000000070e200000, 0x000000070e400000|  0%| F|  |TAMS 0x000000070e200000, 0x000000070e200000| Untracked 
|  74|0x000000070e400000, 0x000000070e400000, 0x000000070e600000|  0%| F|  |TAMS 0x000000070e400000, 0x000000070e400000| Untracked 
|  75|0x000000070e600000, 0x000000070e600000, 0x000000070e800000|  0%| F|  |TAMS 0x000000070e600000, 0x000000070e600000| Untracked 
|  76|0x000000070e800000, 0x000000070e800000, 0x000000070ea00000|  0%| F|  |TAMS 0x000000070e800000, 0x000000070e800000| Untracked 
|  77|0x000000070ea00000, 0x000000070ea00000, 0x000000070ec00000|  0%| F|  |TAMS 0x000000070ea00000, 0x000000070ea00000| Untracked 
|  78|0x000000070ec00000, 0x000000070ec00000, 0x000000070ee00000|  0%| F|  |TAMS 0x000000070ec00000, 0x000000070ec00000| Untracked 
|  79|0x000000070ee00000, 0x000000070ee00000, 0x000000070f000000|  0%| F|  |TAMS 0x000000070ee00000, 0x000000070ee00000| Untracked 
|  80|0x000000070f000000, 0x000000070f000000, 0x000000070f200000|  0%| F|  |TAMS 0x000000070f000000, 0x000000070f000000| Untracked 
|  81|0x000000070f200000, 0x000000070f200000, 0x000000070f400000|  0%| F|  |TAMS 0x000000070f200000, 0x000000070f200000| Untracked 
|  82|0x000000070f400000, 0x000000070f400000, 0x000000070f600000|  0%| F|  |TAMS 0x000000070f400000, 0x000000070f400000| Untracked 
|  83|0x000000070f600000, 0x000000070f600000, 0x000000070f800000|  0%| F|  |TAMS 0x000000070f600000, 0x000000070f600000| Untracked 
|  84|0x000000070f800000, 0x000000070f800000, 0x000000070fa00000|  0%| F|  |TAMS 0x000000070f800000, 0x000000070f800000| Untracked 
|  85|0x000000070fa00000, 0x000000070fa00000, 0x000000070fc00000|  0%| F|  |TAMS 0x000000070fa00000, 0x000000070fa00000| Untracked 
|  86|0x000000070fc00000, 0x000000070fc00000, 0x000000070fe00000|  0%| F|  |TAMS 0x000000070fc00000, 0x000000070fc00000| Untracked 
|  87|0x000000070fe00000, 0x000000070fe00000, 0x0000000710000000|  0%| F|  |TAMS 0x000000070fe00000, 0x000000070fe00000| Untracked 
|  88|0x0000000710000000, 0x0000000710000000, 0x0000000710200000|  0%| F|  |TAMS 0x0000000710000000, 0x0000000710000000| Untracked 
|  89|0x0000000710200000, 0x0000000710200000, 0x0000000710400000|  0%| F|  |TAMS 0x0000000710200000, 0x0000000710200000| Untracked 
|  90|0x0000000710400000, 0x0000000710400000, 0x0000000710600000|  0%| F|  |TAMS 0x0000000710400000, 0x0000000710400000| Untracked 
|  91|0x0000000710600000, 0x0000000710600000, 0x0000000710800000|  0%| F|  |TAMS 0x0000000710600000, 0x0000000710600000| Untracked 
|  92|0x0000000710800000, 0x0000000710800000, 0x0000000710a00000|  0%| F|  |TAMS 0x0000000710800000, 0x0000000710800000| Untracked 
|  93|0x0000000710a00000, 0x0000000710a00000, 0x0000000710c00000|  0%| F|  |TAMS 0x0000000710a00000, 0x0000000710a00000| Untracked 
|  94|0x0000000710c00000, 0x0000000710c00000, 0x0000000710e00000|  0%| F|  |TAMS 0x0000000710c00000, 0x0000000710c00000| Untracked 
|  95|0x0000000710e00000, 0x0000000710e00000, 0x0000000711000000|  0%| F|  |TAMS 0x0000000710e00000, 0x0000000710e00000| Untracked 
|  96|0x0000000711000000, 0x0000000711000000, 0x0000000711200000|  0%| F|  |TAMS 0x0000000711000000, 0x0000000711000000| Untracked 
|  97|0x0000000711200000, 0x0000000711200000, 0x0000000711400000|  0%| F|  |TAMS 0x0000000711200000, 0x0000000711200000| Untracked 
|  98|0x0000000711400000, 0x0000000711400000, 0x0000000711600000|  0%| F|  |TAMS 0x0000000711400000, 0x0000000711400000| Untracked 
|  99|0x0000000711600000, 0x0000000711600000, 0x0000000711800000|  0%| F|  |TAMS 0x0000000711600000, 0x0000000711600000| Untracked 
| 100|0x0000000711800000, 0x0000000711800000, 0x0000000711a00000|  0%| F|  |TAMS 0x0000000711800000, 0x0000000711800000| Untracked 
| 101|0x0000000711a00000, 0x0000000711a00000, 0x0000000711c00000|  0%| F|  |TAMS 0x0000000711a00000, 0x0000000711a00000| Untracked 
| 102|0x0000000711c00000, 0x0000000711c00000, 0x0000000711e00000|  0%| F|  |TAMS 0x0000000711c00000, 0x0000000711c00000| Untracked 
| 103|0x0000000711e00000, 0x0000000711e00000, 0x0000000712000000|  0%| F|  |TAMS 0x0000000711e00000, 0x0000000711e00000| Untracked 
| 104|0x0000000712000000, 0x0000000712000000, 0x0000000712200000|  0%| F|  |TAMS 0x0000000712000000, 0x0000000712000000| Untracked 
| 105|0x0000000712200000, 0x0000000712200000, 0x0000000712400000|  0%| F|  |TAMS 0x0000000712200000, 0x0000000712200000| Untracked 
| 106|0x0000000712400000, 0x0000000712400000, 0x0000000712600000|  0%| F|  |TAMS 0x0000000712400000, 0x0000000712400000| Untracked 
| 107|0x0000000712600000, 0x0000000712600000, 0x0000000712800000|  0%| F|  |TAMS 0x0000000712600000, 0x0000000712600000| Untracked 
| 108|0x0000000712800000, 0x0000000712800000, 0x0000000712a00000|  0%| F|  |TAMS 0x0000000712800000, 0x0000000712800000| Untracked 
| 109|0x0000000712a00000, 0x0000000712a00000, 0x0000000712c00000|  0%| F|  |TAMS 0x0000000712a00000, 0x0000000712a00000| Untracked 
| 110|0x0000000712c00000, 0x0000000712c00000, 0x0000000712e00000|  0%| F|  |TAMS 0x0000000712c00000, 0x0000000712c00000| Untracked 
| 111|0x0000000712e00000, 0x0000000712e00000, 0x0000000713000000|  0%| F|  |TAMS 0x0000000712e00000, 0x0000000712e00000| Untracked 
| 112|0x0000000713000000, 0x0000000713000000, 0x0000000713200000|  0%| F|  |TAMS 0x0000000713000000, 0x0000000713000000| Untracked 
| 113|0x0000000713200000, 0x0000000713200000, 0x0000000713400000|  0%| F|  |TAMS 0x0000000713200000, 0x0000000713200000| Untracked 
| 114|0x0000000713400000, 0x0000000713400000, 0x0000000713600000|  0%| F|  |TAMS 0x0000000713400000, 0x0000000713400000| Untracked 
| 115|0x0000000713600000, 0x0000000713600000, 0x0000000713800000|  0%| F|  |TAMS 0x0000000713600000, 0x0000000713600000| Untracked 
| 116|0x0000000713800000, 0x0000000713908700, 0x0000000713a00000| 51%| S|CS|TAMS 0x0000000713800000, 0x0000000713800000| Complete 
| 117|0x0000000713a00000, 0x0000000713a00000, 0x0000000713c00000|  0%| F|  |TAMS 0x0000000713a00000, 0x0000000713a00000| Untracked 
| 118|0x0000000713c00000, 0x0000000713c00000, 0x0000000713e00000|  0%| F|  |TAMS 0x0000000713c00000, 0x0000000713c00000| Untracked 
| 119|0x0000000713e00000, 0x0000000713e00000, 0x0000000714000000|  0%| F|  |TAMS 0x0000000713e00000, 0x0000000713e00000| Untracked 
| 120|0x0000000714000000, 0x0000000714000000, 0x0000000714200000|  0%| F|  |TAMS 0x0000000714000000, 0x0000000714000000| Untracked 
| 121|0x0000000714200000, 0x0000000714200000, 0x0000000714400000|  0%| F|  |TAMS 0x0000000714200000, 0x0000000714200000| Untracked 
| 122|0x0000000714400000, 0x0000000714400000, 0x0000000714600000|  0%| F|  |TAMS 0x0000000714400000, 0x0000000714400000| Untracked 
| 123|0x0000000714600000, 0x0000000714600000, 0x0000000714800000|  0%| F|  |TAMS 0x0000000714600000, 0x0000000714600000| Untracked 
| 124|0x0000000714800000, 0x00000007148eab18, 0x0000000714a00000| 45%| E|  |TAMS 0x0000000714800000, 0x0000000714800000| Complete 
| 125|0x0000000714a00000, 0x0000000714c00000, 0x0000000714c00000|100%| E|CS|TAMS 0x0000000714a00000, 0x0000000714a00000| Complete 

Card table byte_map: [0x000002086d820000,0x000002086e000000] _byte_map_base: 0x0000020869ff8000

Marking Bits (Prev, Next): (CMBitMap*) 0x00000208624ab880, (CMBitMap*) 0x00000208624ab8c0
 Prev Bits: [0x000002086e7e0000, 0x00000208726a0000)
 Next Bits: [0x00000208726a0000, 0x0000020876560000)

Polling page: 0x0000020861c00000

Metaspace:

Usage:
  Non-class:      8.56 MB used.
      Class:      1.31 MB used.
       Both:      9.87 MB used.

Virtual space:
  Non-class space:       16.00 MB reserved,       8.63 MB ( 54%) committed,  2 nodes.
      Class space:        1.00 GB reserved,       1.44 MB ( <1%) committed,  1 nodes.
             Both:        1.02 GB reserved,      10.06 MB ( <1%) committed. 

Chunk freelists:
   Non-Class:  3.25 MB
       Class:  2.59 MB
        Both:  5.84 MB

MaxMetaspaceSize: unlimited
CompressedClassSpaceSize: 1.00 GB
Initial GC threshold: 21.00 MB
Current GC threshold: 21.00 MB
CDS: on
MetaspaceReclaimPolicy: balanced
 - commit_granule_bytes: 65536.
 - commit_granule_words: 8192.
 - virtual_space_node_default_size: 1048576.
 - enlarge_chunks_in_place: 1.
 - new_chunks_are_fully_committed: 0.
 - uncommit_free_chunks: 1.
 - use_allocation_guard: 0.
 - handle_deallocations: 1.


Internal statistics:

num_allocs_failed_limit: 0.
num_arena_births: 190.
num_arena_deaths: 0.
num_vsnodes_births: 3.
num_vsnodes_deaths: 0.
num_space_committed: 161.
num_space_uncommitted: 0.
num_chunks_returned_to_freelist: 0.
num_chunks_taken_from_freelist: 422.
num_chunk_merges: 0.
num_chunk_splits: 266.
num_chunks_enlarged: 187.
num_purges: 0.
num_inconsistent_stats: 0.

CodeCache: size=49152Kb used=4668Kb max_used=4668Kb free=44483Kb
 bounds [0x0000020869f30000, 0x000002086a3c0000, 0x000002086cf30000]
 total_blobs=2093 nmethods=1632 adapters=386
 compilation: enabled
              stopped_count=0, restarted_count=0
 full_count=0

Compilation events (20 events):
Event: 1.496 Thread 0x0000020879c09dc0 1621       1       jdk.internal.org.objectweb.asm.FieldWriter::<init> (69 bytes)
Event: 1.497 Thread 0x0000020879ced8b0 nmethod 1620 0x000002086a3b8e10 code [0x000002086a3b8fc0, 0x000002086a3b92a8]
Event: 1.497 Thread 0x0000020879ced8b0 1622       1       jdk.internal.org.objectweb.asm.FieldVisitor::<init> (7 bytes)
Event: 1.497 Thread 0x0000020879c09dc0 nmethod 1621 0x000002086a3b9390 code [0x000002086a3b9560, 0x000002086a3b97c8]
Event: 1.497 Thread 0x0000020879c09dc0 1623       1       jdk.internal.org.objectweb.asm.FieldVisitor::<init> (88 bytes)
Event: 1.497 Thread 0x0000020879ced8b0 nmethod 1622 0x000002086a3b9990 code [0x000002086a3b9b20, 0x000002086a3b9c08]
Event: 1.497 Thread 0x0000020879ced8b0 1624       1       jdk.internal.org.objectweb.asm.FieldWriter::computeFieldInfoSize (86 bytes)
Event: 1.497 Thread 0x0000020879ced3a0 nmethod 1619 0x000002086a3b9c90 code [0x000002086a3b9ec0, 0x000002086a3ba468]
Event: 1.497 Thread 0x0000020879ced3a0 1625       1       jdk.internal.org.objectweb.asm.FieldWriter::putFieldInfo (269 bytes)
Event: 1.497 Thread 0x0000020879ced8b0 nmethod 1624 0x000002086a3ba710 code [0x000002086a3ba8e0, 0x000002086a3baad8]
Event: 1.497 Thread 0x0000020879ced8b0 1626       1       jdk.internal.org.objectweb.asm.MethodWriter::visitAnnotation (40 bytes)
Event: 1.498 Thread 0x0000020879ced8b0 nmethod 1626 0x000002086a3bb510 code [0x000002086a3bb740, 0x000002086a3bbe98]
Event: 1.498 Thread 0x0000020879c09dc0 nmethod 1623 0x000002086a3bac10 code [0x000002086a3bae00, 0x000002086a3bb2e8]
Event: 1.498 Thread 0x0000020879ced8b0 1631       1       java.lang.invoke.InvokerBytecodeGenerator::isStaticallyNameable (148 bytes)
Event: 1.498 Thread 0x0000020879c09dc0 1627       1       jdk.internal.org.objectweb.asm.AnnotationWriter::create (34 bytes)
Event: 1.498 Thread 0x0000020879ced3a0 nmethod 1625 0x000002086a3bc110 code [0x000002086a3bc340, 0x000002086a3bc788]
Event: 1.498 Thread 0x0000020879ced3a0 1628       1       jdk.internal.org.objectweb.asm.AnnotationWriter::<init> (60 bytes)
Event: 1.498 Thread 0x0000020879c09dc0 nmethod 1627 0x000002086a3bca90 code [0x000002086a3bcc60, 0x000002086a3bcf98]
Event: 1.498 Thread 0x0000020879c09dc0 1629       1       jdk.internal.org.objectweb.asm.AnnotationVisitor::<init> (7 bytes)
Event: 1.499 Thread 0x0000020879c09dc0 nmethod 1629 0x000002086a3bd110 code [0x000002086a3bd2a0, 0x000002086a3bd388]

GC Heap History (4 events):
Event: 1.095 GC heap before
{Heap before GC invocations=0 (full 0):
 garbage-first heap   total 258048K, used 20480K [0x0000000705000000, 0x0000000800000000)
  region size 2048K, 11 young (22528K), 0 survivors (0K)
 Metaspace       used 6722K, committed 6976K, reserved 1056768K
  class space    used 837K, committed 960K, reserved 1048576K
}
Event: 1.100 GC heap after
{Heap after GC invocations=1 (full 0):
 garbage-first heap   total 258048K, used 8427K [0x0000000705000000, 0x0000000800000000)
  region size 2048K, 2 young (4096K), 2 survivors (4096K)
 Metaspace       used 6722K, committed 6976K, reserved 1056768K
  class space    used 837K, committed 960K, reserved 1048576K
}
Event: 1.465 GC heap before
{Heap before GC invocations=1 (full 0):
 garbage-first heap   total 258048K, used 26859K [0x0000000705000000, 0x0000000800000000)
  region size 2048K, 11 young (22528K), 2 survivors (4096K)
 Metaspace       used 9693K, committed 9984K, reserved 1064960K
  class space    used 1280K, committed 1408K, reserved 1048576K
}
Event: 1.468 GC heap after
{Heap after GC invocations=2 (full 0):
 garbage-first heap   total 258048K, used 9154K [0x0000000705000000, 0x0000000800000000)
  region size 2048K, 1 young (2048K), 1 survivors (2048K)
 Metaspace       used 9693K, committed 9984K, reserved 1064960K
  class space    used 1280K, committed 1408K, reserved 1048576K
}

Deoptimization events (0 events):
No events

Classes unloaded (0 events):
No events

Classes redefined (0 events):
No events

Internal exceptions (20 events):
Event: 1.012 Thread 0x0000020862441190 Exception <a 'java/lang/NoSuchMethodError'{0x00000007138270a0}: 'void java.lang.invoke.DirectMethodHandle$Holder.invokeStatic(java.lang.Object, java.lang.Object, java.lang.Object, java.lang.Object)'> (0x00000007138270a0) 
thrown [s\src\hotspot\share\interpreter\linkResolver.cpp, line 759]
Event: 1.045 Thread 0x0000020862441190 Exception <a 'java/lang/NoSuchMethodError'{0x00000007139546d8}: 'int java.lang.invoke.DirectMethodHandle$Holder.invokeStaticInit(java.lang.Object, java.lang.Object)'> (0x00000007139546d8) 
thrown [s\src\hotspot\share\interpreter\linkResolver.cpp, line 759]
Event: 1.048 Thread 0x0000020862441190 Exception <a 'java/lang/NoSuchMethodError'{0x000000071396c9d0}: 'void java.lang.invoke.DirectMethodHandle$Holder.invokeInterface(java.lang.Object, java.lang.Object, java.lang.Object, java.lang.Object)'> (0x000000071396c9d0) 
thrown [s\src\hotspot\share\interpreter\linkResolver.cpp, line 759]
Event: 1.094 Thread 0x0000020862441190 Exception <a 'java/lang/NoSuchMethodError'{0x00000007137f6df0}: 'java.lang.Object java.lang.invoke.DirectMethodHandle$Holder.invokeInterface(java.lang.Object, java.lang.Object)'> (0x00000007137f6df0) 
thrown [s\src\hotspot\share\interpreter\linkResolver.cpp, line 759]
Event: 1.105 Thread 0x0000020862441190 Exception <a 'java/lang/NoSuchMethodError'{0x0000000714a3dde8}: 'java.lang.Object java.lang.invoke.DirectMethodHandle$Holder.invokeSpecialIFC(java.lang.Object, java.lang.Object, java.lang.Object, java.lang.Object)'> (0x0000000714a3dde8) 
thrown [s\src\hotspot\share\interpreter\linkResolver.cpp, line 759]
Event: 1.108 Thread 0x0000020862441190 Exception <a 'java/lang/NoSuchMethodError'{0x0000000714a5e0e8}: 'java.lang.Object java.lang.invoke.DirectMethodHandle$Holder.invokeInterface(java.lang.Object, java.lang.Object, java.lang.Object)'> (0x0000000714a5e0e8) 
thrown [s\src\hotspot\share\interpreter\linkResolver.cpp, line 759]
Event: 1.226 Thread 0x000002087a69f3d0 Exception <a 'java/lang/NoSuchMethodError'{0x0000000714510a90}: 'int java.lang.invoke.DirectMethodHandle$Holder.invokeStaticInit(java.lang.Object, java.lang.Object, java.lang.Object)'> (0x0000000714510a90) 
thrown [s\src\hotspot\share\interpreter\linkResolver.cpp, line 759]
Event: 1.230 Thread 0x000002087a69f3d0 Exception <a 'java/lang/NoSuchMethodError'{0x000000071453a298}: 'java.lang.Object java.lang.invoke.DirectMethodHandle$Holder.invokeVirtual(java.lang.Object, java.lang.Object, java.lang.Object)'> (0x000000071453a298) 
thrown [s\src\hotspot\share\interpreter\linkResolver.cpp, line 759]
Event: 1.235 Thread 0x000002087a69f3d0 Exception <a 'java/lang/NoSuchMethodError'{0x000000071456c048}: 'java.lang.Object java.lang.invoke.DirectMethodHandle$Holder.newInvokeSpecial(java.lang.Object, java.lang.Object, java.lang.Object, java.lang.Object, java.lang.Object)'> (0x000000071456c048) 
thrown [s\src\hotspot\share\interpreter\linkResolver.cpp, line 759]
Event: 1.242 Thread 0x000002087a69f3d0 Exception <a 'java/lang/NoSuchMethodError'{0x00000007145b3f38}: 'java.lang.Object java.lang.invoke.DirectMethodHandle$Holder.invokeStaticInit(java.lang.Object, java.lang.Object, java.lang.Object)'> (0x00000007145b3f38) 
thrown [s\src\hotspot\share\interpreter\linkResolver.cpp, line 759]
Event: 1.253 Thread 0x000002087a69f3d0 Exception <a 'java/lang/IncompatibleClassChangeError'{0x000000071422f8c0}: Found class java.lang.Object, but interface was expected> (0x000000071422f8c0) 
thrown [s\src\hotspot\share\interpreter\linkResolver.cpp, line 826]
Event: 1.267 Thread 0x000002087a69f3d0 Exception <a 'sun/nio/fs/WindowsException'{0x00000007142b12c0}> (0x00000007142b12c0) 
thrown [s\src\hotspot\share\prims\jni.cpp, line 516]
Event: 1.389 Thread 0x000002087a69f3d0 Exception <a 'java/lang/NoSuchMethodError'{0x0000000713ff4b48}: 'java.lang.Object java.lang.invoke.DirectMethodHandle$Holder.newInvokeSpecial(java.lang.Object, java.lang.Object, java.lang.Object, java.lang.Object, java.lang.Object, java.lang.Object, java.lang.Object)'> (0x0000000713ff4b48) 
thrown [s\src\hotspot\share\interpreter\linkResolver.cpp, line 759]
Event: 1.391 Thread 0x000002087a69f3d0 Exception <a 'java/lang/NoSuchMethodError'{0x0000000713ff9458}: 'java.lang.Object java.lang.invoke.Invokers$Holder.linkToTargetMethod(java.lang.Object, java.lang.Object, java.lang.Object, java.lang.Object, java.lang.Object, java.lang.Object, java.lang.Object)'> (0x0000000713ff9458) 
thrown [s\src\hotspot\share\interpreter\linkResolver.cpp, line 759]
Event: 1.398 Thread 0x000002087a69f3d0 Exception <a 'java/lang/NoSuchMethodError'{0x0000000713c43a80}: 'int java.lang.invoke.DirectMethodHandle$Holder.invokeStatic(java.lang.Object, java.lang.Object, java.lang.Object, java.lang.Object)'> (0x0000000713c43a80) 
thrown [s\src\hotspot\share\interpreter\linkResolver.cpp, line 759]
Event: 1.398 Thread 0x000002087a69f3d0 Exception <a 'java/lang/NoSuchMethodError'{0x0000000713c474a8}: 'java.lang.Object java.lang.invoke.Invokers$Holder.invokeExact_MT(java.lang.Object, java.lang.Object, java.lang.Object, java.lang.Object, java.lang.Object, java.lang.Object)'> (0x0000000713c474a8) 
thrown [s\src\hotspot\share\interpreter\linkResolver.cpp, line 759]
Event: 1.409 Thread 0x000002087a69f3d0 Exception <a 'java/lang/NoSuchMethodError'{0x0000000713ca4da8}: 'java.lang.Object java.lang.invoke.DirectMethodHandle$Holder.invokeSpecial(java.lang.Object, java.lang.Object, java.lang.Object, java.lang.Object, java.lang.Object, java.lang.Object, int)'> (0x0000000713ca4da8) 
thrown [s\src\hotspot\share\interpreter\linkResolver.cpp, line 759]
Event: 1.409 Thread 0x000002087a69f3d0 Exception <a 'java/lang/NoSuchMethodError'{0x0000000713caf350}: 'java.lang.Object java.lang.invoke.DirectMethodHandle$Holder.newInvokeSpecial(java.lang.Object, java.lang.Object, java.lang.Object, java.lang.Object, java.lang.Object, java.lang.Object, int)'> (0x0000000713caf350) 
thrown [s\src\hotspot\share\interpreter\linkResolver.cpp, line 759]
Event: 1.410 Thread 0x000002087a69f3d0 Exception <a 'java/lang/NoSuchMethodError'{0x0000000713cb4390}: 'java.lang.Object java.lang.invoke.DirectMethodHandle$Holder.invokeSpecial(java.lang.Object, java.lang.Object, java.lang.Object, java.lang.Object, java.lang.Object, java.lang.Object, java.lang.Object, int)'> (0x0000000713cb4390) 
thrown [s\src\hotspot\share\interpreter\linkResolver.cpp, line 759]
Event: 1.447 Thread 0x000002087a69f3d0 Exception <a 'java/lang/NoSuchMethodError'{0x0000000713b029c0}: 'void java.lang.invoke.DirectMethodHandle$Holder.invokeSpecial(java.lang.Object, java.lang.Object, java.lang.Object, java.lang.Object, java.lang.Object)'> (0x0000000713b029c0) 
thrown [s\src\hotspot\share\interpreter\linkResolver.cpp, line 759]

VM Operations (20 events):
Event: 0.248 Executing VM operation: HandshakeAllThreads
Event: 0.248 Executing VM operation: HandshakeAllThreads done
Event: 0.445 Executing VM operation: HandshakeAllThreads
Event: 0.445 Executing VM operation: HandshakeAllThreads done
Event: 0.511 Executing VM operation: HandshakeAllThreads
Event: 0.511 Executing VM operation: HandshakeAllThreads done
Event: 0.643 Executing VM operation: HandshakeAllThreads
Event: 0.643 Executing VM operation: HandshakeAllThreads done
Event: 0.873 Executing VM operation: HandshakeAllThreads
Event: 0.873 Executing VM operation: HandshakeAllThreads done
Event: 0.905 Executing VM operation: HandshakeAllThreads
Event: 0.905 Executing VM operation: HandshakeAllThreads done
Event: 0.909 Executing VM operation: HandshakeAllThreads
Event: 0.909 Executing VM operation: HandshakeAllThreads done
Event: 1.094 Executing VM operation: G1CollectForAllocation
Event: 1.100 Executing VM operation: G1CollectForAllocation done
Event: 1.268 Executing VM operation: HandshakeAllThreads
Event: 1.268 Executing VM operation: HandshakeAllThreads done
Event: 1.465 Executing VM operation: G1CollectForAllocation
Event: 1.469 Executing VM operation: G1CollectForAllocation done

Events (20 events):
Event: 1.473 loading class sun/net/DefaultProgressMeteringPolicy done
Event: 1.482 loading class java/nio/charset/CharacterCodingException
Event: 1.482 loading class java/nio/charset/CharacterCodingException done
Event: 1.492 loading class java/util/regex/Pattern$1
Event: 1.492 loading class java/util/regex/Pattern$1 done
Event: 1.495 loading class sun/rmi/transport/tcp/TCPTransport$ConnectionHandler
Event: 1.495 loading class sun/rmi/transport/tcp/TCPTransport$ConnectionHandler done
Event: 1.495 loading class java/util/concurrent/ThreadPoolExecutor$Worker
Event: 1.495 loading class java/util/concurrent/ThreadPoolExecutor$Worker done
Event: 1.496 Thread 0x000002087a7f93f0 Thread added: 0x000002087a7f93f0
Event: 1.496 loading class java/util/TreeMap$DescendingSubMap
Event: 1.496 loading class java/util/TreeMap$NavigableSubMap
Event: 1.496 loading class java/util/TreeMap$NavigableSubMap done
Event: 1.496 loading class java/util/TreeMap$DescendingSubMap done
Event: 1.496 loading class java/util/Collections$ReverseComparator
Event: 1.496 loading class java/util/Collections$ReverseComparator done
Event: 1.496 loading class java/util/TreeMap$NavigableSubMap$DescendingSubMapKeyIterator
Event: 1.496 loading class java/util/TreeMap$NavigableSubMap$SubMapIterator
Event: 1.496 loading class java/util/TreeMap$NavigableSubMap$SubMapIterator done
Event: 1.496 loading class java/util/TreeMap$NavigableSubMap$DescendingSubMapKeyIterator done


Dynamic libraries:
0x00007ff7e9170000 - 0x00007ff7e917d000 	C:\Users\sunna\.jdks\corretto-17.0.4.1\bin\java.exe
0x00007ffddcc90000 - 0x00007ffddcea7000 	C:\WINDOWS\SYSTEM32\ntdll.dll
0x00007ffddb9d0000 - 0x00007ffddba94000 	C:\WINDOWS\System32\KERNEL32.DLL
0x00007ffdda190000 - 0x00007ffdda535000 	C:\WINDOWS\System32\KERNELBASE.dll
0x00007ffdda070000 - 0x00007ffdda181000 	C:\WINDOWS\System32\ucrtbase.dll
0x00007ffdbd230000 - 0x00007ffdbd245000 	C:\Users\sunna\.jdks\corretto-17.0.4.1\bin\VCRUNTIME140.dll
0x00007ffdbe7d0000 - 0x00007ffdbe7e8000 	C:\Users\sunna\.jdks\corretto-17.0.4.1\bin\jli.dll
0x00007ffddaf80000 - 0x00007ffddb12e000 	C:\WINDOWS\System32\USER32.dll
0x00007ffdda870000 - 0x00007ffdda896000 	C:\WINDOWS\System32\win32u.dll
0x00007ffddcae0000 - 0x00007ffddcb09000 	C:\WINDOWS\System32\GDI32.dll
0x00007ffdda540000 - 0x00007ffdda659000 	C:\WINDOWS\System32\gdi32full.dll
0x00007ffdc0c40000 - 0x00007ffdc0ed3000 	C:\WINDOWS\WinSxS\amd64_microsoft.windows.common-controls_6595b64144ccf1df_6.0.22621.2506_none_270c5ae97388e100\COMCTL32.dll
0x00007ffdda7d0000 - 0x00007ffdda86a000 	C:\WINDOWS\System32\msvcp_win.dll
0x00007ffddb1f0000 - 0x00007ffddb297000 	C:\WINDOWS\System32\msvcrt.dll
0x00007ffddcb10000 - 0x00007ffddcb41000 	C:\WINDOWS\System32\IMM32.DLL
0x00007ffd7ed60000 - 0x00007ffd7edfb000 	C:\Users\sunna\.jdks\corretto-17.0.4.1\bin\msvcp140.dll
0x00007ffd291b0000 - 0x00007ffd29dc4000 	C:\Users\sunna\.jdks\corretto-17.0.4.1\bin\server\jvm.dll
0x00007ffddb5d0000 - 0x00007ffddb681000 	C:\WINDOWS\System32\ADVAPI32.dll
0x00007ffddc590000 - 0x00007ffddc636000 	C:\WINDOWS\System32\sechost.dll
0x00007ffddb2f0000 - 0x00007ffddb407000 	C:\WINDOWS\System32\RPCRT4.dll
0x00007ffddbb10000 - 0x00007ffddbb18000 	C:\WINDOWS\System32\PSAPI.DLL
0x00007ffdca380000 - 0x00007ffdca389000 	C:\WINDOWS\SYSTEM32\WSOCK32.dll
0x00007ffdce740000 - 0x00007ffdce774000 	C:\WINDOWS\SYSTEM32\WINMM.dll
0x00007ffdbe250000 - 0x00007ffdbe25a000 	C:\WINDOWS\SYSTEM32\VERSION.dll
0x00007ffddbc20000 - 0x00007ffddbc91000 	C:\WINDOWS\System32\WS2_32.dll
0x00007ffdd90d0000 - 0x00007ffdd90e8000 	C:\WINDOWS\SYSTEM32\kernel.appcore.dll
0x00007ffdbfb40000 - 0x00007ffdbfb4a000 	C:\Users\sunna\.jdks\corretto-17.0.4.1\bin\jimage.dll
0x00007ffdd77a0000 - 0x00007ffdd79d3000 	C:\WINDOWS\SYSTEM32\DBGHELP.DLL
0x00007ffdda9e0000 - 0x00007ffddad69000 	C:\WINDOWS\System32\combase.dll
0x00007ffddcb50000 - 0x00007ffddcc27000 	C:\WINDOWS\System32\OLEAUT32.dll
0x00007ffdbd890000 - 0x00007ffdbd8c2000 	C:\WINDOWS\SYSTEM32\dbgcore.DLL
0x00007ffdda960000 - 0x00007ffdda9da000 	C:\WINDOWS\System32\bcryptPrimitives.dll
0x00007ffdd2310000 - 0x00007ffdd231e000 	C:\Users\sunna\.jdks\corretto-17.0.4.1\bin\instrument.dll
0x00007ffdba320000 - 0x00007ffdba345000 	C:\Users\sunna\.jdks\corretto-17.0.4.1\bin\java.dll
0x00007ffd7df00000 - 0x00007ffd7dfd6000 	C:\Users\sunna\.jdks\corretto-17.0.4.1\bin\jsvml.dll
0x00007ffddbd30000 - 0x00007ffddc589000 	C:\WINDOWS\System32\SHELL32.dll
0x00007ffdd7ed0000 - 0x00007ffdd87c4000 	C:\WINDOWS\SYSTEM32\windows.storage.dll
0x00007ffdd7d90000 - 0x00007ffdd7ece000 	C:\WINDOWS\SYSTEM32\wintypes.dll
0x00007ffddbb20000 - 0x00007ffddbc13000 	C:\WINDOWS\System32\SHCORE.dll
0x00007ffddaf20000 - 0x00007ffddaf7e000 	C:\WINDOWS\System32\shlwapi.dll
0x00007ffdd9f30000 - 0x00007ffdd9f56000 	C:\WINDOWS\SYSTEM32\profapi.dll
0x00007ffdacae0000 - 0x00007ffdacaf8000 	C:\Users\sunna\.jdks\corretto-17.0.4.1\bin\zip.dll
0x00007ffdb2da0000 - 0x00007ffdb2db9000 	C:\Users\sunna\.jdks\corretto-17.0.4.1\bin\net.dll
0x00007ffdd0380000 - 0x00007ffdd04b7000 	C:\WINDOWS\SYSTEM32\WINHTTP.dll
0x00007ffdd9570000 - 0x00007ffdd95d9000 	C:\WINDOWS\system32\mswsock.dll
0x00007ffdad4c0000 - 0x00007ffdad4d5000 	C:\Users\sunna\.jdks\corretto-17.0.4.1\bin\nio.dll
0x00007ffdca5d0000 - 0x00007ffdca5ea000 	D:\Program Files\JetBrains\IntelliJ IDEA 2022.2.2\bin\breakgen64.dll
0x00007ffdd8aa0000 - 0x00007ffdd8b99000 	C:\WINDOWS\SYSTEM32\DNSAPI.dll
0x00007ffdd8a70000 - 0x00007ffdd8a9d000 	C:\WINDOWS\SYSTEM32\IPHLPAPI.DLL
0x00007ffddad70000 - 0x00007ffddad79000 	C:\WINDOWS\System32\NSI.dll
0x00007ffdcbc40000 - 0x00007ffdcbc4a000 	C:\Windows\System32\rasadhlp.dll
0x00007ffdce600000 - 0x00007ffdce683000 	C:\WINDOWS\System32\fwpuclnt.dll
0x00007ffdd5a70000 - 0x00007ffdd5a79000 	C:\Users\sunna\.jdks\corretto-17.0.4.1\bin\management.dll
0x00007ffdd5220000 - 0x00007ffdd522b000 	C:\Users\sunna\.jdks\corretto-17.0.4.1\bin\management_ext.dll
0x00007ffdd97c0000 - 0x00007ffdd97db000 	C:\WINDOWS\SYSTEM32\CRYPTSP.dll
0x00007ffdd9020000 - 0x00007ffdd9055000 	C:\WINDOWS\system32\rsaenh.dll
0x00007ffdd9660000 - 0x00007ffdd968c000 	C:\WINDOWS\SYSTEM32\USERENV.dll
0x00007ffdd9990000 - 0x00007ffdd99b8000 	C:\WINDOWS\SYSTEM32\bcrypt.dll
0x00007ffdd97e0000 - 0x00007ffdd97ec000 	C:\WINDOWS\SYSTEM32\CRYPTBASE.dll
0x00007ffdcfd60000 - 0x00007ffdcfd79000 	C:\WINDOWS\SYSTEM32\dhcpcsvc6.DLL
0x00007ffdcfac0000 - 0x00007ffdcfadf000 	C:\WINDOWS\SYSTEM32\dhcpcsvc.DLL
0x00007ffdba4b0000 - 0x00007ffdba4c7000 	C:\WINDOWS\system32\napinsp.dll
0x00007ffdb9480000 - 0x00007ffdb949b000 	C:\WINDOWS\system32\pnrpnsp.dll
0x00007ffdb9460000 - 0x00007ffdb9471000 	C:\WINDOWS\System32\winrnr.dll
0x00007ffdce5e0000 - 0x00007ffdce5f5000 	C:\WINDOWS\system32\wshbth.dll
0x00007ffdb9a30000 - 0x00007ffdb9a51000 	C:\WINDOWS\system32\nlansp_c.dll

dbghelp: loaded successfully - version: 4.0.5 - missing functions: none
symbol engine: initialized successfully - sym options: 0x614 - pdb path: .;C:\Users\sunna\.jdks\corretto-17.0.4.1\bin;C:\WINDOWS\SYSTEM32;C:\WINDOWS\WinSxS\amd64_microsoft.windows.common-controls_6595b64144ccf1df_6.0.22621.2506_none_270c5ae97388e100;C:\Users\sunna\.jdks\corretto-17.0.4.1\bin\server;D:\Program Files\JetBrains\IntelliJ IDEA 2022.2.2\bin

VM Arguments:
jvm_args: -XX:TieredStopAtLevel=1 -Dspring.output.ansi.enabled=always -Dcom.sun.management.jmxremote -Dspring.jmx.enabled=true -Dspring.liveBeansView.mbeanDomain -Dspring.application.admin.enabled=true -javaagent:D:\Program Files\JetBrains\IntelliJ IDEA 2022.2.2\lib\idea_rt.jar=55741:D:\Program Files\JetBrains\IntelliJ IDEA 2022.2.2\bin -Dfile.encoding=UTF-8 
java_command: com.hit.community.CommunityApplication
java_class_path (initial): D:\HIT-ToyProject\backend\community\out\production\classes;D:\HIT-ToyProject\backend\community\out\production\resources;C:\Users\sunna\.gradle\caches\modules-2\files-2.1\org.projectlombok\lombok\1.18.30\f195ee86e6c896ea47a1d39defbe20eb59cd149d\lombok-1.18.30.jar;C:\Users\sunna\.gradle\caches\modules-2\files-2.1\org.springframework.boot\spring-boot-starter-data-jpa\3.1.5\5fdcfab1fe9d6dddf4352d71f5ed879eb1aa92c2\spring-boot-starter-data-jpa-3.1.5.jar;C:\Users\sunna\.gradle\caches\modules-2\files-2.1\org.springframework.boot\spring-boot-starter-validation\3.1.5\f653e6661ec3da08003789f4a6583d1674e333b1\spring-boot-starter-validation-3.1.5.jar;C:\Users\sunna\.gradle\caches\modules-2\files-2.1\org.springframework.boot\spring-boot-starter-web\3.1.5\3674e5603cc25bc4dccf73b97d50234332fc3d72\spring-boot-starter-web-3.1.5.jar;C:\Users\sunna\.gradle\caches\modules-2\files-2.1\org.springframework.boot\spring-boot-starter-oauth2-client\3.1.5\937bc3e49e42cb30514308acf0ce3e2519527088\spring-boot-starter-oauth2-client-3.1.5.jar;C:\Users\sunna\.gradle\caches\modules-2\files-2.1\org.springframework.boot\spring-boot-starter-thymeleaf\3.1.5\3d5f1bff03e5e58b065ca230b7ee24b84bf7fe75\spring-boot-starter-thymeleaf-3.1.5.jar;C:\Users\sunna\.gradle\caches\modules-2\files-2.1\org.springframework.boot\spring-boot-starter-aop\3.1.5\2ac1f8bf4c2bce13b46d04abafc69a4f1523a08\spring-boot-starter-aop-3.1.5.jar;C:\Users\sunna\.gradle\caches\modules-2\files-2.1\org.springframework.boot\spring-boot-starter-jdbc\3.1.5\138c0e0ab493d8a51bb51dfc3b7144d702ff4c26\spring-boot-starter-jdbc-3.1.5.jar;C:\Users\sunna\.gradle\caches\modules-2\files-2.1\org.hibernate.orm\hibernate-core\6.2.13.Final\de458672b40154ab9ecfe7466987ad1772167af8\hibernate-core-6.2.13.Final.jar;C:\Users\sunna\.gradle\caches\modules-2\files-2.1\org.springframework.data\spring-data-jpa\3.1.5\6de79da064f0b97c6448e0bfa5d63da9fb6e1582\spring-data-jpa-3.1.5.jar;C:\Users\sunna\.gradle\caches\modules-2\files-2.1\org.spri
Launcher Type: SUN_STANDARD

[Global flags]
     intx CICompilerCount                          = 4                                         {product} {ergonomic}
     uint ConcGCThreads                            = 2                                         {product} {ergonomic}
     uint G1ConcRefinementThreads                  = 8                                         {product} {ergonomic}
   size_t G1HeapRegionSize                         = 2097152                                   {product} {ergonomic}
    uintx GCDrainStackTargetSize                   = 64                                        {product} {ergonomic}
   size_t InitialHeapSize                          = 264241152                                 {product} {ergonomic}
     bool ManagementServer                         = true                                      {product} {command line}
   size_t MarkStackSize                            = 4194304                                   {product} {ergonomic}
   size_t MaxHeapSize                              = 4211081216                                {product} {ergonomic}
   size_t MaxNewSize                               = 2524971008                                {product} {ergonomic}
   size_t MinHeapDeltaBytes                        = 2097152                                   {product} {ergonomic}
   size_t MinHeapSize                              = 8388608                                   {product} {ergonomic}
    uintx NonProfiledCodeHeapSize                  = 0                                      {pd product} {ergonomic}
     bool ProfileInterpreter                       = false                                  {pd product} {command line}
    uintx ProfiledCodeHeapSize                     = 0                                      {pd product} {ergonomic}
   size_t SoftMaxHeapSize                          = 4211081216                             {manageable} {ergonomic}
     intx TieredStopAtLevel                        = 1                                         {product} {command line}
     bool UseCompressedClassPointers               = true                           {product lp64_product} {ergonomic}
     bool UseCompressedOops                        = true                           {product lp64_product} {ergonomic}
     bool UseG1GC                                  = true                                      {product} {ergonomic}
     bool UseLargePagesIndividualAllocation        = false                                  {pd product} {ergonomic}

Logging:
Log output configuration:
 #0: stdout all=warning uptime,level,tags
 #1: stderr all=off uptime,level,tags

Environment Variables:
JAVA_HOME=C:\Program Files\Java\jdk-11.0.13
CLASSPATH=C:\Program Files\Java\jdk-11.0.13\lib
PATH=C:\Program Files (x86)\Common Files\Oracle\Java\javapath;D:\oraclexe\app\oracle\product\11.2.0\server\bin;C:\WINDOWS\system32;C:\WINDOWS;C:\WINDOWS\System32\Wbem;C:\WINDOWS\System32\WindowsPowerShell\v1.0\;C:\WINDOWS\System32\OpenSSH\;C:\Python;C:\Python\Scripts;C:\Users\sunna\anaconda3;C:\Program Files\Bandizip\;D:\Ruby30-x64\bin;C:\Users\sunna\AppData\Local\Microsoft\WindowsApps;C:\Users\sunna\AppData\Roaming\npm;D:\Users\sunna\AppData\Local\Programs\Microsoft VS Code\bin;D:\Program Files\heroku\bin;D:\Program Files\JetBrains\IntelliJ IDEA Community Edition 2022.2.1\bin;D:\Program Files\JetBrains\Intel;C:\Users\sunna\anaconda3\Library\bin;C:\Program Files\MySQL\MySQL Server 8.0\bin;C:\WINDOWS\system32;C:\WINDOWS;C:\WINDOWS\System32\Wbem;C:\WINDOWS\System32\WindowsPowerShell\v1.0\;C:\WINDOWS\System32\OpenSSH\;D:\Program Files\MySQL\MySQL Server 8.0\bin;C:\ProgramData\chocolatey\bin;D:\Program Files\Git\cmd;D:\Program Files\Amazon\AWSCLIV2\;C:\Users\sunna\OneDrive\Desktop\apache-maven-3.9.4\bin;C:\Program Files\PuTTY\;C:\Users\sunna\AppData\Local\Programs\Python\Python39\Scripts\;C:\Users\sunna\AppData\Local\Programs\Python\Python39\;C:\Users\sunna\AppData\Local\Microsoft\WindowsApps;D:\Users\sunna\AppData\Local\Programs\Microsoft VS Code\bin;D:\Program Files\heroku\bin;D:\Program Files\JetBrains\IntelliJ IDEA Community Edition 2022.2.1\bin;D:\Program Files\JetBrains\IntelliJ IDEA 2022.2.1\bin;C:\Users\sunna\AppData\Local\gitkraken\bin;C:\ProgramData\sunna\gitkraken\bin;D:\Program Files\JetBrains\IntelliJ IDEA 2022.2.2\bin;;C:\Users\sunna\AppData\Local\Microsoft\WindowsApps;C:\MinGW\bin;;D:\Program Files\JetBrains\PyCharm 2023.1.2\bin;
USERNAME=sunna
OS=Windows_NT
PROCESSOR_IDENTIFIER=Intel64 Family 6 Model 140 Stepping 1, GenuineIntel
TMP=C:\Users\sunna\AppData\Local\Temp
TEMP=C:\Users\sunna\AppData\Local\Temp



---------------  S Y S T E M  ---------------

OS:
 Windows 11 , 64 bit Build 22621 (10.0.22621.2506)
OS uptime: 1 days 2:34 hours
Hyper-V role detected

CPU: total 8 (initial active 8) (4 cores per cpu, 2 threads per core) family 6 model 140 stepping 1 microcode 0x9a, cx8, cmov, fxsr, ht, mmx, 3dnowpref, sse, sse2, sse3, ssse3, sse4.1, sse4.2, popcnt, lzcnt, tsc, tscinvbit, avx, avx2, aes, erms, clmul, bmi1, bmi2, adx, avx512f, avx512dq, avx512cd, avx512bw, avx512vl, sha, fma, vzeroupper, avx512_vpopcntdq, avx512_vpclmulqdq, avx512_vaes, avx512_vnni, clflush, clflushopt, clwb, avx512_vbmi2, avx512_vbmi, hv

Memory: 4k page, system-wide physical 16057M (1618M free)
TotalPageFile size 18105M (AvailPageFile size 397M)
current process WorkingSet (physical memory assigned to process): 90M, peak: 90M
current process commit charge ("private bytes"): 357M, peak: 358M

vm_info: OpenJDK 64-Bit Server VM (17.0.4.1+9-LTS) for windows-amd64 JRE (17.0.4.1+9-LTS), built on Aug 12 2022 17:33:36 by "Administrator" with MS VC++ 15.9 (VS2017)

END.
