#
# There is insufficient memory for the Java Runtime Environment to continue.
# Native memory allocation (mmap) failed to map 65536 bytes for Failed to commit metaspace.
# Possible reasons:
#   The system is out of physical RAM or swap space
#   The process is running with CompressedOops enabled, and the Java Heap may be blocking the growth of the native heap
# Possible solutions:
#   Reduce memory load on the system
#   Increase physical memory or swap space
#   Check if swap backing store is full
#   Decrease Java heap size (-Xmx/-Xms)
#   Decrease number of Java threads
#   Decrease Java thread stack sizes (-Xss)
#   Set larger code cache with -XX:ReservedCodeCacheSize=
#   JVM is running with Zero Based Compressed Oops mode in which the Java heap is
#     placed in the first 32GB address space. The Java Heap base address is the
#     maximum limit for the native heap growth. Please use -XX:HeapBaseMinAddress
#     to set the Java Heap base and to place the Java Heap above 32GB virtual address.
# This output file may be truncated or incomplete.
#
#  Out of Memory Error (virtualSpaceNode.cpp:110), pid=7668, tid=3528
#
# JRE version: OpenJDK Runtime Environment Corretto-17.0.4.9.1 (17.0.4.1+9) (build 17.0.4.1+9-LTS)
# Java VM: OpenJDK 64-Bit Server VM Corretto-17.0.4.9.1 (17.0.4.1+9-LTS, mixed mode, emulated-client, sharing, tiered, compressed oops, compressed class ptrs, g1 gc, windows-amd64)
# No core dump will be written. Minidumps are not enabled by default on client versions of Windows
#

---------------  S U M M A R Y ------------

Command Line: -XX:TieredStopAtLevel=1 -Dspring.output.ansi.enabled=always -Dcom.sun.management.jmxremote -Dspring.jmx.enabled=true -Dspring.liveBeansView.mbeanDomain -Dspring.application.admin.enabled=true -javaagent:D:\Program Files\JetBrains\IntelliJ IDEA 2022.2.2\lib\idea_rt.jar=56708:D:\Program Files\JetBrains\IntelliJ IDEA 2022.2.2\bin -Dfile.encoding=UTF-8 com.hit.community.CommunityApplication

Host: 11th Gen Intel(R) Core(TM) i7-1165G7 @ 2.80GHz, 8 cores, 15G,  Windows 11 , 64 bit Build 22621 (10.0.22621.2506)
Time: Fri Nov 24 14:55:00 2023  Windows 11 , 64 bit Build 22621 (10.0.22621.2506) elapsed time: 1.377420 seconds (0d 0h 0m 1s)

---------------  T H R E A D  ---------------

Current thread (0x000002848f43ae80):  JavaThread "background-preinit" [_thread_in_vm, id=3528, stack(0x000000dd58700000,0x000000dd58800000)]

Stack: [0x000000dd58700000,0x000000dd58800000]
Native frames: (J=compiled Java code, j=interpreted, Vv=VM code, C=native code)
V  [jvm.dll+0x64724a]
V  [jvm.dll+0x7f87a4]
V  [jvm.dll+0x7f9f5e]
V  [jvm.dll+0x7fa5b3]
V  [jvm.dll+0x234ed8]
V  [jvm.dll+0x7f487b]
V  [jvm.dll+0x5ee866]
V  [jvm.dll+0x1b490e]
V  [jvm.dll+0x5f10b4]
V  [jvm.dll+0x5ef21d]
V  [jvm.dll+0x22993f]
V  [jvm.dll+0x5f8595]
V  [jvm.dll+0x1dce66]
V  [jvm.dll+0x1dd2f5]
V  [jvm.dll+0x1ddd31]
V  [jvm.dll+0x1d3909]
V  [jvm.dll+0x513e90]
V  [jvm.dll+0x7766dc]
V  [jvm.dll+0x7767c4]
V  [jvm.dll+0x3ee675]
V  [jvm.dll+0x3f4251]
C  [java.dll+0x17ec]

Java frames: (J=compiled Java code, j=interpreted, Vv=VM code)
J 1158  java.lang.ClassLoader.defineClass1(Ljava/lang/ClassLoader;Ljava/lang/String;[BIILjava/security/ProtectionDomain;Ljava/lang/String;)Ljava/lang/Class; java.base@17.0.4.1 (0 bytes) @ 0x000002848045c363 [0x000002848045c2a0+0x00000000000000c3]
J 1309 c1 java.lang.ClassLoader.defineClass(Ljava/lang/String;[BIILjava/security/ProtectionDomain;)Ljava/lang/Class; java.base@17.0.4.1 (43 bytes) @ 0x000002848049dbec [0x000002848049dae0+0x000000000000010c]
J 1163 c1 jdk.internal.loader.BuiltinClassLoader.defineClass(Ljava/lang/String;Ljdk/internal/loader/Resource;)Ljava/lang/Class; java.base@17.0.4.1 (121 bytes) @ 0x00000284804650f4 [0x0000028480464c20+0x00000000000004d4]
J 1157 c1 jdk.internal.loader.BuiltinClassLoader.findClassOnClassPathOrNull(Ljava/lang/String;)Ljava/lang/Class; java.base@17.0.4.1 (64 bytes) @ 0x0000028480462cc4 [0x0000028480462a00+0x00000000000002c4]
J 941 c1 jdk.internal.loader.BuiltinClassLoader.loadClassOrNull(Ljava/lang/String;Z)Ljava/lang/Class; java.base@17.0.4.1 (143 bytes) @ 0x0000028480404104 [0x0000028480403c80+0x0000000000000484]
J 1078 c1 jdk.internal.loader.ClassLoaders$AppClassLoader.loadClass(Ljava/lang/String;Z)Ljava/lang/Class; java.base@17.0.4.1 (40 bytes) @ 0x00000284804416ac [0x0000028480441560+0x000000000000014c]
J 1077 c1 java.lang.ClassLoader.loadClass(Ljava/lang/String;)Ljava/lang/Class; java.base@17.0.4.1 (7 bytes) @ 0x0000028480440ae4 [0x0000028480440aa0+0x0000000000000044]
v  ~StubRoutines::call_stub
J 1158  java.lang.ClassLoader.defineClass1(Ljava/lang/ClassLoader;Ljava/lang/String;[BIILjava/security/ProtectionDomain;Ljava/lang/String;)Ljava/lang/Class; java.base@17.0.4.1 (0 bytes) @ 0x000002848045c363 [0x000002848045c2a0+0x00000000000000c3]
J 1309 c1 java.lang.ClassLoader.defineClass(Ljava/lang/String;[BIILjava/security/ProtectionDomain;)Ljava/lang/Class; java.base@17.0.4.1 (43 bytes) @ 0x000002848049dbec [0x000002848049dae0+0x000000000000010c]
J 1163 c1 jdk.internal.loader.BuiltinClassLoader.defineClass(Ljava/lang/String;Ljdk/internal/loader/Resource;)Ljava/lang/Class; java.base@17.0.4.1 (121 bytes) @ 0x00000284804650f4 [0x0000028480464c20+0x00000000000004d4]
J 1157 c1 jdk.internal.loader.BuiltinClassLoader.findClassOnClassPathOrNull(Ljava/lang/String;)Ljava/lang/Class; java.base@17.0.4.1 (64 bytes) @ 0x0000028480462cc4 [0x0000028480462a00+0x00000000000002c4]
J 941 c1 jdk.internal.loader.BuiltinClassLoader.loadClassOrNull(Ljava/lang/String;Z)Ljava/lang/Class; java.base@17.0.4.1 (143 bytes) @ 0x0000028480404104 [0x0000028480403c80+0x0000000000000484]
J 1078 c1 jdk.internal.loader.ClassLoaders$AppClassLoader.loadClass(Ljava/lang/String;Z)Ljava/lang/Class; java.base@17.0.4.1 (40 bytes) @ 0x00000284804416ac [0x0000028480441560+0x000000000000014c]
J 1077 c1 java.lang.ClassLoader.loadClass(Ljava/lang/String;)Ljava/lang/Class; java.base@17.0.4.1 (7 bytes) @ 0x0000028480440ae4 [0x0000028480440aa0+0x0000000000000044]
v  ~StubRoutines::call_stub
j  com.fasterxml.jackson.databind.ObjectMapper.<init>(Lcom/fasterxml/jackson/core/JsonFactory;Lcom/fasterxml/jackson/databind/ser/DefaultSerializerProvider;Lcom/fasterxml/jackson/databind/deser/DefaultDeserializationContext;)V+25
j  com.fasterxml.jackson.databind.ObjectMapper.<init>()V+4
j  org.springframework.http.converter.json.Jackson2ObjectMapperBuilder.build()Lcom/fasterxml/jackson/databind/ObjectMapper;+81
j  org.springframework.http.converter.json.MappingJackson2HttpMessageConverter.<init>()V+4
j  org.springframework.http.converter.support.AllEncompassingFormHttpMessageConverter.<init>()V+55
j  org.springframework.boot.autoconfigure.BackgroundPreinitializer$MessageConverterInitializer.run()V+4
j  org.springframework.boot.autoconfigure.BackgroundPreinitializer$1.runSafely(Ljava/lang/Runnable;)Z+1
j  org.springframework.boot.autoconfigure.BackgroundPreinitializer$1.run()V+32
j  java.lang.Thread.run()V+11 java.base@17.0.4.1
v  ~StubRoutines::call_stub

---------------  P R O C E S S  ---------------

Threads class SMR info:
_java_thread_list=0x000002848f467530, length=19, elements={
0x00000284f60618e0, 0x00000284ffe751a0, 0x00000284ffe76d60, 0x000002848d805860,
0x000002848d806320, 0x000002848d8091e0, 0x000002848d809b90, 0x000002848d80c550,
0x000002848d80cf40, 0x00000284ffe61720, 0x000002848d8f39a0, 0x00000284ffe61bf0,
0x000002848d8f5ec0, 0x000002848dda6510, 0x000002848ddac580, 0x000002848deb9860,
0x000002848e29fd20, 0x000002848e2b0c10, 0x000002848f43ae80
}

Java Threads: ( => current thread )
  0x00000284f60618e0 JavaThread "main" [_thread_blocked, id=10520, stack(0x000000dd56600000,0x000000dd56700000)]
  0x00000284ffe751a0 JavaThread "Reference Handler" daemon [_thread_blocked, id=7732, stack(0x000000dd56d00000,0x000000dd56e00000)]
  0x00000284ffe76d60 JavaThread "Finalizer" daemon [_thread_blocked, id=20444, stack(0x000000dd56e00000,0x000000dd56f00000)]
  0x000002848d805860 JavaThread "Signal Dispatcher" daemon [_thread_blocked, id=7580, stack(0x000000dd56f00000,0x000000dd57000000)]
  0x000002848d806320 JavaThread "Attach Listener" daemon [_thread_blocked, id=19640, stack(0x000000dd57000000,0x000000dd57100000)]
  0x000002848d8091e0 JavaThread "Service Thread" daemon [_thread_blocked, id=1672, stack(0x000000dd57100000,0x000000dd57200000)]
  0x000002848d809b90 JavaThread "Monitor Deflation Thread" daemon [_thread_blocked, id=20396, stack(0x000000dd57200000,0x000000dd57300000)]
  0x000002848d80c550 JavaThread "C1 CompilerThread0" daemon [_thread_blocked, id=20432, stack(0x000000dd57300000,0x000000dd57400000)]
  0x000002848d80cf40 JavaThread "Sweeper thread" daemon [_thread_blocked, id=19472, stack(0x000000dd57400000,0x000000dd57500000)]
  0x00000284ffe61720 JavaThread "Common-Cleaner" daemon [_thread_blocked, id=13784, stack(0x000000dd57500000,0x000000dd57600000)]
  0x000002848d8f39a0 JavaThread "C1 CompilerThread1" daemon [_thread_blocked, id=7568, stack(0x000000dd57600000,0x000000dd57700000)]
  0x00000284ffe61bf0 JavaThread "C1 CompilerThread2" daemon [_thread_blocked, id=20148, stack(0x000000dd57700000,0x000000dd57800000)]
  0x000002848d8f5ec0 JavaThread "C1 CompilerThread3" daemon [_thread_blocked, id=19480, stack(0x000000dd57800000,0x000000dd57900000)]
  0x000002848dda6510 JavaThread "Monitor Ctrl-Break" daemon [_thread_in_native, id=15756, stack(0x000000dd57900000,0x000000dd57a00000)]
  0x000002848ddac580 JavaThread "Notification Thread" daemon [_thread_blocked, id=8612, stack(0x000000dd57a00000,0x000000dd57b00000)]
  0x000002848deb9860 JavaThread "RMI TCP Accept-0" daemon [_thread_in_native, id=18684, stack(0x000000dd57b00000,0x000000dd57c00000)]
  0x000002848e29fd20 JavaThread "Thread-0" [_thread_blocked, id=19276, stack(0x000000dd58500000,0x000000dd58600000)]
  0x000002848e2b0c10 JavaThread "restartedMain" [_thread_in_vm, id=17972, stack(0x000000dd58600000,0x000000dd58700000)]
=>0x000002848f43ae80 JavaThread "background-preinit" [_thread_in_vm, id=3528, stack(0x000000dd58700000,0x000000dd58800000)]

Other Threads:
  0x00000284ffe6f2f0 VMThread "VM Thread" [stack: 0x000000dd56c00000,0x000000dd56d00000] [id=4388]
  0x00000284f60f2490 WatcherThread [stack: 0x000000dd57c00000,0x000000dd57d00000] [id=8168]
  0x00000284f60cb9c0 GCTaskThread "GC Thread#0" [stack: 0x000000dd56700000,0x000000dd56800000] [id=8760]
  0x000002848e215450 GCTaskThread "GC Thread#1" [stack: 0x000000dd57d00000,0x000000dd57e00000] [id=13644]
  0x000002848e229930 GCTaskThread "GC Thread#2" [stack: 0x000000dd57e00000,0x000000dd57f00000] [id=19656]
  0x000002848e229be0 GCTaskThread "GC Thread#3" [stack: 0x000000dd57f00000,0x000000dd58000000] [id=3904]
  0x000002848e22a310 GCTaskThread "GC Thread#4" [stack: 0x000000dd58000000,0x000000dd58100000] [id=6676]
  0x000002848e240160 GCTaskThread "GC Thread#5" [stack: 0x000000dd58100000,0x000000dd58200000] [id=6412]
  0x000002848e22f940 GCTaskThread "GC Thread#6" [stack: 0x000000dd58200000,0x000000dd58300000] [id=16948]
  0x000002848f425b80 GCTaskThread "GC Thread#7" [stack: 0x000000dd58800000,0x000000dd58900000] [id=18732]
  0x00000284f60dc410 ConcurrentGCThread "G1 Main Marker" [stack: 0x000000dd56800000,0x000000dd56900000] [id=1376]
  0x00000284f60de670 ConcurrentGCThread "G1 Conc#0" [stack: 0x000000dd56900000,0x000000dd56a00000] [id=18652]
  0x00000284f611e010 ConcurrentGCThread "G1 Refine#0" [stack: 0x000000dd56a00000,0x000000dd56b00000] [id=15856]
  0x000002848e22f4c0 ConcurrentGCThread "G1 Refine#1" [stack: 0x000000dd58300000,0x000000dd58400000] [id=3400]
  0x000002848e29cc00 ConcurrentGCThread "G1 Refine#2" [stack: 0x000000dd58400000,0x000000dd58500000] [id=1504]
  0x00000284f611ea30 ConcurrentGCThread "G1 Service" [stack: 0x000000dd56b00000,0x000000dd56c00000] [id=15640]

Threads with active compile tasks:

VM state: not at safepoint (normal execution)

VM Mutex/Monitor currently owned by a thread:  ([mutex/lock_event])
[0x00000284f605c990] Metaspace_lock - owner thread: 0x000002848f43ae80

Heap address: 0x0000000705000000, size: 4016 MB, Compressed Oops mode: Zero based, Oop shift amount: 3

CDS archive(s) mapped at: [0x0000000800000000-0x0000000800bc0000-0x0000000800bc0000), size 12320768, SharedBaseAddress: 0x0000000800000000, ArchiveRelocationMode: 0.
Compressed class space mapped at: 0x0000000800c00000-0x0000000840c00000, reserved size: 1073741824
Narrow klass base: 0x0000000800000000, Narrow klass shift: 0, Narrow klass range: 0x100000000

GC Precious Log:
 CPUs: 8 total, 8 available
 Memory: 16057M
 Large Page Support: Disabled
 NUMA Support: Disabled
 Compressed Oops: Enabled (Zero based)
 Heap Region Size: 2M
 Heap Min Capacity: 8M
 Heap Initial Capacity: 252M
 Heap Max Capacity: 4016M
 Pre-touch: Disabled
 Parallel Workers: 8
 Concurrent Workers: 2
 Concurrent Refinement Workers: 8
 Periodic GC: Disabled

Heap:
 garbage-first heap   total 258048K, used 48813K [0x0000000705000000, 0x0000000800000000)
  region size 2048K, 21 young (43008K), 1 survivors (2048K)
 Metaspace       used 18009K, committed 18240K, reserved 1064960K
  class space    used 2481K, committed 2624K, reserved 1048576K

Heap Regions: E=young(eden), S=young(survivor), O=old, HS=humongous(starts), HC=humongous(continues), CS=collection set, F=free, OA=open archive, CA=closed archive, TAMS=top-at-mark-start (previous, next)
|   0|0x0000000705000000, 0x0000000705200000, 0x0000000705200000|100%| O|  |TAMS 0x0000000705000000, 0x0000000705000000| Untracked 
|   1|0x0000000705200000, 0x0000000705400000, 0x0000000705400000|100%| O|  |TAMS 0x0000000705200000, 0x0000000705200000| Untracked 
|   2|0x0000000705400000, 0x0000000705600000, 0x0000000705600000|100%| O|  |TAMS 0x0000000705400000, 0x0000000705400000| Untracked 
|   3|0x0000000705600000, 0x00000007057f1a00, 0x0000000705800000| 97%| O|  |TAMS 0x0000000705600000, 0x0000000705600000| Untracked 
|   4|0x0000000705800000, 0x0000000705800000, 0x0000000705a00000|  0%| F|  |TAMS 0x0000000705800000, 0x0000000705800000| Untracked 
|   5|0x0000000705a00000, 0x0000000705a00000, 0x0000000705c00000|  0%| F|  |TAMS 0x0000000705a00000, 0x0000000705a00000| Untracked 
|   6|0x0000000705c00000, 0x0000000705c00000, 0x0000000705e00000|  0%| F|  |TAMS 0x0000000705c00000, 0x0000000705c00000| Untracked 
|   7|0x0000000705e00000, 0x0000000705e00000, 0x0000000706000000|  0%| F|  |TAMS 0x0000000705e00000, 0x0000000705e00000| Untracked 
|   8|0x0000000706000000, 0x0000000706000000, 0x0000000706200000|  0%| F|  |TAMS 0x0000000706000000, 0x0000000706000000| Untracked 
|   9|0x0000000706200000, 0x0000000706200000, 0x0000000706400000|  0%| F|  |TAMS 0x0000000706200000, 0x0000000706200000| Untracked 
|  10|0x0000000706400000, 0x0000000706400000, 0x0000000706600000|  0%| F|  |TAMS 0x0000000706400000, 0x0000000706400000| Untracked 
|  11|0x0000000706600000, 0x0000000706600000, 0x0000000706800000|  0%| F|  |TAMS 0x0000000706600000, 0x0000000706600000| Untracked 
|  12|0x0000000706800000, 0x0000000706800000, 0x0000000706a00000|  0%| F|  |TAMS 0x0000000706800000, 0x0000000706800000| Untracked 
|  13|0x0000000706a00000, 0x0000000706a00000, 0x0000000706c00000|  0%| F|  |TAMS 0x0000000706a00000, 0x0000000706a00000| Untracked 
|  14|0x0000000706c00000, 0x0000000706c00000, 0x0000000706e00000|  0%| F|  |TAMS 0x0000000706c00000, 0x0000000706c00000| Untracked 
|  15|0x0000000706e00000, 0x0000000706e00000, 0x0000000707000000|  0%| F|  |TAMS 0x0000000706e00000, 0x0000000706e00000| Untracked 
|  16|0x0000000707000000, 0x0000000707000000, 0x0000000707200000|  0%| F|  |TAMS 0x0000000707000000, 0x0000000707000000| Untracked 
|  17|0x0000000707200000, 0x0000000707200000, 0x0000000707400000|  0%| F|  |TAMS 0x0000000707200000, 0x0000000707200000| Untracked 
|  18|0x0000000707400000, 0x0000000707400000, 0x0000000707600000|  0%| F|  |TAMS 0x0000000707400000, 0x0000000707400000| Untracked 
|  19|0x0000000707600000, 0x0000000707600000, 0x0000000707800000|  0%| F|  |TAMS 0x0000000707600000, 0x0000000707600000| Untracked 
|  20|0x0000000707800000, 0x0000000707800000, 0x0000000707a00000|  0%| F|  |TAMS 0x0000000707800000, 0x0000000707800000| Untracked 
|  21|0x0000000707a00000, 0x0000000707a00000, 0x0000000707c00000|  0%| F|  |TAMS 0x0000000707a00000, 0x0000000707a00000| Untracked 
|  22|0x0000000707c00000, 0x0000000707c00000, 0x0000000707e00000|  0%| F|  |TAMS 0x0000000707c00000, 0x0000000707c00000| Untracked 
|  23|0x0000000707e00000, 0x0000000707e00000, 0x0000000708000000|  0%| F|  |TAMS 0x0000000707e00000, 0x0000000707e00000| Untracked 
|  24|0x0000000708000000, 0x0000000708000000, 0x0000000708200000|  0%| F|  |TAMS 0x0000000708000000, 0x0000000708000000| Untracked 
|  25|0x0000000708200000, 0x0000000708200000, 0x0000000708400000|  0%| F|  |TAMS 0x0000000708200000, 0x0000000708200000| Untracked 
|  26|0x0000000708400000, 0x0000000708400000, 0x0000000708600000|  0%| F|  |TAMS 0x0000000708400000, 0x0000000708400000| Untracked 
|  27|0x0000000708600000, 0x0000000708600000, 0x0000000708800000|  0%| F|  |TAMS 0x0000000708600000, 0x0000000708600000| Untracked 
|  28|0x0000000708800000, 0x0000000708800000, 0x0000000708a00000|  0%| F|  |TAMS 0x0000000708800000, 0x0000000708800000| Untracked 
|  29|0x0000000708a00000, 0x0000000708a00000, 0x0000000708c00000|  0%| F|  |TAMS 0x0000000708a00000, 0x0000000708a00000| Untracked 
|  30|0x0000000708c00000, 0x0000000708c00000, 0x0000000708e00000|  0%| F|  |TAMS 0x0000000708c00000, 0x0000000708c00000| Untracked 
|  31|0x0000000708e00000, 0x0000000708e00000, 0x0000000709000000|  0%| F|  |TAMS 0x0000000708e00000, 0x0000000708e00000| Untracked 
|  32|0x0000000709000000, 0x0000000709000000, 0x0000000709200000|  0%| F|  |TAMS 0x0000000709000000, 0x0000000709000000| Untracked 
|  33|0x0000000709200000, 0x0000000709200000, 0x0000000709400000|  0%| F|  |TAMS 0x0000000709200000, 0x0000000709200000| Untracked 
|  34|0x0000000709400000, 0x0000000709400000, 0x0000000709600000|  0%| F|  |TAMS 0x0000000709400000, 0x0000000709400000| Untracked 
|  35|0x0000000709600000, 0x0000000709600000, 0x0000000709800000|  0%| F|  |TAMS 0x0000000709600000, 0x0000000709600000| Untracked 
|  36|0x0000000709800000, 0x0000000709800000, 0x0000000709a00000|  0%| F|  |TAMS 0x0000000709800000, 0x0000000709800000| Untracked 
|  37|0x0000000709a00000, 0x0000000709a00000, 0x0000000709c00000|  0%| F|  |TAMS 0x0000000709a00000, 0x0000000709a00000| Untracked 
|  38|0x0000000709c00000, 0x0000000709c00000, 0x0000000709e00000|  0%| F|  |TAMS 0x0000000709c00000, 0x0000000709c00000| Untracked 
|  39|0x0000000709e00000, 0x0000000709e00000, 0x000000070a000000|  0%| F|  |TAMS 0x0000000709e00000, 0x0000000709e00000| Untracked 
|  40|0x000000070a000000, 0x000000070a000000, 0x000000070a200000|  0%| F|  |TAMS 0x000000070a000000, 0x000000070a000000| Untracked 
|  41|0x000000070a200000, 0x000000070a200000, 0x000000070a400000|  0%| F|  |TAMS 0x000000070a200000, 0x000000070a200000| Untracked 
|  42|0x000000070a400000, 0x000000070a400000, 0x000000070a600000|  0%| F|  |TAMS 0x000000070a400000, 0x000000070a400000| Untracked 
|  43|0x000000070a600000, 0x000000070a600000, 0x000000070a800000|  0%| F|  |TAMS 0x000000070a600000, 0x000000070a600000| Untracked 
|  44|0x000000070a800000, 0x000000070a800000, 0x000000070aa00000|  0%| F|  |TAMS 0x000000070a800000, 0x000000070a800000| Untracked 
|  45|0x000000070aa00000, 0x000000070aa00000, 0x000000070ac00000|  0%| F|  |TAMS 0x000000070aa00000, 0x000000070aa00000| Untracked 
|  46|0x000000070ac00000, 0x000000070ac00000, 0x000000070ae00000|  0%| F|  |TAMS 0x000000070ac00000, 0x000000070ac00000| Untracked 
|  47|0x000000070ae00000, 0x000000070ae00000, 0x000000070b000000|  0%| F|  |TAMS 0x000000070ae00000, 0x000000070ae00000| Untracked 
|  48|0x000000070b000000, 0x000000070b000000, 0x000000070b200000|  0%| F|  |TAMS 0x000000070b000000, 0x000000070b000000| Untracked 
|  49|0x000000070b200000, 0x000000070b200000, 0x000000070b400000|  0%| F|  |TAMS 0x000000070b200000, 0x000000070b200000| Untracked 
|  50|0x000000070b400000, 0x000000070b400000, 0x000000070b600000|  0%| F|  |TAMS 0x000000070b400000, 0x000000070b400000| Untracked 
|  51|0x000000070b600000, 0x000000070b600000, 0x000000070b800000|  0%| F|  |TAMS 0x000000070b600000, 0x000000070b600000| Untracked 
|  52|0x000000070b800000, 0x000000070b800000, 0x000000070ba00000|  0%| F|  |TAMS 0x000000070b800000, 0x000000070b800000| Untracked 
|  53|0x000000070ba00000, 0x000000070ba00000, 0x000000070bc00000|  0%| F|  |TAMS 0x000000070ba00000, 0x000000070ba00000| Untracked 
|  54|0x000000070bc00000, 0x000000070bc00000, 0x000000070be00000|  0%| F|  |TAMS 0x000000070bc00000, 0x000000070bc00000| Untracked 
|  55|0x000000070be00000, 0x000000070be00000, 0x000000070c000000|  0%| F|  |TAMS 0x000000070be00000, 0x000000070be00000| Untracked 
|  56|0x000000070c000000, 0x000000070c000000, 0x000000070c200000|  0%| F|  |TAMS 0x000000070c000000, 0x000000070c000000| Untracked 
|  57|0x000000070c200000, 0x000000070c200000, 0x000000070c400000|  0%| F|  |TAMS 0x000000070c200000, 0x000000070c200000| Untracked 
|  58|0x000000070c400000, 0x000000070c400000, 0x000000070c600000|  0%| F|  |TAMS 0x000000070c400000, 0x000000070c400000| Untracked 
|  59|0x000000070c600000, 0x000000070c600000, 0x000000070c800000|  0%| F|  |TAMS 0x000000070c600000, 0x000000070c600000| Untracked 
|  60|0x000000070c800000, 0x000000070c800000, 0x000000070ca00000|  0%| F|  |TAMS 0x000000070c800000, 0x000000070c800000| Untracked 
|  61|0x000000070ca00000, 0x000000070ca00000, 0x000000070cc00000|  0%| F|  |TAMS 0x000000070ca00000, 0x000000070ca00000| Untracked 
|  62|0x000000070cc00000, 0x000000070cc00000, 0x000000070ce00000|  0%| F|  |TAMS 0x000000070cc00000, 0x000000070cc00000| Untracked 
|  63|0x000000070ce00000, 0x000000070ce00000, 0x000000070d000000|  0%| F|  |TAMS 0x000000070ce00000, 0x000000070ce00000| Untracked 
|  64|0x000000070d000000, 0x000000070d000000, 0x000000070d200000|  0%| F|  |TAMS 0x000000070d000000, 0x000000070d000000| Untracked 
|  65|0x000000070d200000, 0x000000070d200000, 0x000000070d400000|  0%| F|  |TAMS 0x000000070d200000, 0x000000070d200000| Untracked 
|  66|0x000000070d400000, 0x000000070d400000, 0x000000070d600000|  0%| F|  |TAMS 0x000000070d400000, 0x000000070d400000| Untracked 
|  67|0x000000070d600000, 0x000000070d600000, 0x000000070d800000|  0%| F|  |TAMS 0x000000070d600000, 0x000000070d600000| Untracked 
|  68|0x000000070d800000, 0x000000070d800000, 0x000000070da00000|  0%| F|  |TAMS 0x000000070d800000, 0x000000070d800000| Untracked 
|  69|0x000000070da00000, 0x000000070da00000, 0x000000070dc00000|  0%| F|  |TAMS 0x000000070da00000, 0x000000070da00000| Untracked 
|  70|0x000000070dc00000, 0x000000070dc00000, 0x000000070de00000|  0%| F|  |TAMS 0x000000070dc00000, 0x000000070dc00000| Untracked 
|  71|0x000000070de00000, 0x000000070de00000, 0x000000070e000000|  0%| F|  |TAMS 0x000000070de00000, 0x000000070de00000| Untracked 
|  72|0x000000070e000000, 0x000000070e000000, 0x000000070e200000|  0%| F|  |TAMS 0x000000070e000000, 0x000000070e000000| Untracked 
|  73|0x000000070e200000, 0x000000070e200000, 0x000000070e400000|  0%| F|  |TAMS 0x000000070e200000, 0x000000070e200000| Untracked 
|  74|0x000000070e400000, 0x000000070e400000, 0x000000070e600000|  0%| F|  |TAMS 0x000000070e400000, 0x000000070e400000| Untracked 
|  75|0x000000070e600000, 0x000000070e600000, 0x000000070e800000|  0%| F|  |TAMS 0x000000070e600000, 0x000000070e600000| Untracked 
|  76|0x000000070e800000, 0x000000070e800000, 0x000000070ea00000|  0%| F|  |TAMS 0x000000070e800000, 0x000000070e800000| Untracked 
|  77|0x000000070ea00000, 0x000000070ea00000, 0x000000070ec00000|  0%| F|  |TAMS 0x000000070ea00000, 0x000000070ea00000| Untracked 
|  78|0x000000070ec00000, 0x000000070ec00000, 0x000000070ee00000|  0%| F|  |TAMS 0x000000070ec00000, 0x000000070ec00000| Untracked 
|  79|0x000000070ee00000, 0x000000070ee00000, 0x000000070f000000|  0%| F|  |TAMS 0x000000070ee00000, 0x000000070ee00000| Untracked 
|  80|0x000000070f000000, 0x000000070f000000, 0x000000070f200000|  0%| F|  |TAMS 0x000000070f000000, 0x000000070f000000| Untracked 
|  81|0x000000070f200000, 0x000000070f200000, 0x000000070f400000|  0%| F|  |TAMS 0x000000070f200000, 0x000000070f200000| Untracked 
|  82|0x000000070f400000, 0x000000070f400000, 0x000000070f600000|  0%| F|  |TAMS 0x000000070f400000, 0x000000070f400000| Untracked 
|  83|0x000000070f600000, 0x000000070f600000, 0x000000070f800000|  0%| F|  |TAMS 0x000000070f600000, 0x000000070f600000| Untracked 
|  84|0x000000070f800000, 0x000000070f800000, 0x000000070fa00000|  0%| F|  |TAMS 0x000000070f800000, 0x000000070f800000| Untracked 
|  85|0x000000070fa00000, 0x000000070fa00000, 0x000000070fc00000|  0%| F|  |TAMS 0x000000070fa00000, 0x000000070fa00000| Untracked 
|  86|0x000000070fc00000, 0x000000070fc00000, 0x000000070fe00000|  0%| F|  |TAMS 0x000000070fc00000, 0x000000070fc00000| Untracked 
|  87|0x000000070fe00000, 0x000000070fe00000, 0x0000000710000000|  0%| F|  |TAMS 0x000000070fe00000, 0x000000070fe00000| Untracked 
|  88|0x0000000710000000, 0x0000000710000000, 0x0000000710200000|  0%| F|  |TAMS 0x0000000710000000, 0x0000000710000000| Untracked 
|  89|0x0000000710200000, 0x0000000710200000, 0x0000000710400000|  0%| F|  |TAMS 0x0000000710200000, 0x0000000710200000| Untracked 
|  90|0x0000000710400000, 0x0000000710400000, 0x0000000710600000|  0%| F|  |TAMS 0x0000000710400000, 0x0000000710400000| Untracked 
|  91|0x0000000710600000, 0x0000000710600000, 0x0000000710800000|  0%| F|  |TAMS 0x0000000710600000, 0x0000000710600000| Untracked 
|  92|0x0000000710800000, 0x0000000710800000, 0x0000000710a00000|  0%| F|  |TAMS 0x0000000710800000, 0x0000000710800000| Untracked 
|  93|0x0000000710a00000, 0x0000000710a00000, 0x0000000710c00000|  0%| F|  |TAMS 0x0000000710a00000, 0x0000000710a00000| Untracked 
|  94|0x0000000710c00000, 0x0000000710c00000, 0x0000000710e00000|  0%| F|  |TAMS 0x0000000710c00000, 0x0000000710c00000| Untracked 
|  95|0x0000000710e00000, 0x0000000710e00000, 0x0000000711000000|  0%| F|  |TAMS 0x0000000710e00000, 0x0000000710e00000| Untracked 
|  96|0x0000000711000000, 0x0000000711000000, 0x0000000711200000|  0%| F|  |TAMS 0x0000000711000000, 0x0000000711000000| Untracked 
|  97|0x0000000711200000, 0x0000000711200000, 0x0000000711400000|  0%| F|  |TAMS 0x0000000711200000, 0x0000000711200000| Untracked 
|  98|0x0000000711400000, 0x0000000711400000, 0x0000000711600000|  0%| F|  |TAMS 0x0000000711400000, 0x0000000711400000| Untracked 
|  99|0x0000000711600000, 0x0000000711600000, 0x0000000711800000|  0%| F|  |TAMS 0x0000000711600000, 0x0000000711600000| Untracked 
| 100|0x0000000711800000, 0x0000000711800000, 0x0000000711a00000|  0%| F|  |TAMS 0x0000000711800000, 0x0000000711800000| Untracked 
| 101|0x0000000711a00000, 0x0000000711a00000, 0x0000000711c00000|  0%| F|  |TAMS 0x0000000711a00000, 0x0000000711a00000| Untracked 
| 102|0x0000000711c00000, 0x0000000711c00000, 0x0000000711e00000|  0%| F|  |TAMS 0x0000000711c00000, 0x0000000711c00000| Untracked 
| 103|0x0000000711e00000, 0x0000000711e00000, 0x0000000712000000|  0%| F|  |TAMS 0x0000000711e00000, 0x0000000711e00000| Untracked 
| 104|0x0000000712000000, 0x0000000712000000, 0x0000000712200000|  0%| F|  |TAMS 0x0000000712000000, 0x0000000712000000| Untracked 
| 105|0x0000000712200000, 0x0000000712395c38, 0x0000000712400000| 79%| E|  |TAMS 0x0000000712200000, 0x0000000712200000| Complete 
| 106|0x0000000712400000, 0x0000000712600000, 0x0000000712600000|100%| E|CS|TAMS 0x0000000712400000, 0x0000000712400000| Complete 
| 107|0x0000000712600000, 0x0000000712800000, 0x0000000712800000|100%| E|CS|TAMS 0x0000000712600000, 0x0000000712600000| Complete 
| 108|0x0000000712800000, 0x0000000712a00000, 0x0000000712a00000|100%| E|CS|TAMS 0x0000000712800000, 0x0000000712800000| Complete 
| 109|0x0000000712a00000, 0x0000000712c00000, 0x0000000712c00000|100%| E|CS|TAMS 0x0000000712a00000, 0x0000000712a00000| Complete 
| 110|0x0000000712c00000, 0x0000000712e00000, 0x0000000712e00000|100%| E|CS|TAMS 0x0000000712c00000, 0x0000000712c00000| Complete 
| 111|0x0000000712e00000, 0x0000000713000000, 0x0000000713000000|100%| E|CS|TAMS 0x0000000712e00000, 0x0000000712e00000| Complete 
| 112|0x0000000713000000, 0x00000007131b9a40, 0x0000000713200000| 86%| S|CS|TAMS 0x0000000713000000, 0x0000000713000000| Complete 
| 113|0x0000000713200000, 0x0000000713400000, 0x0000000713400000|100%| E|CS|TAMS 0x0000000713200000, 0x0000000713200000| Complete 
| 114|0x0000000713400000, 0x0000000713600000, 0x0000000713600000|100%| E|CS|TAMS 0x0000000713400000, 0x0000000713400000| Complete 
| 115|0x0000000713600000, 0x0000000713800000, 0x0000000713800000|100%| E|CS|TAMS 0x0000000713600000, 0x0000000713600000| Complete 
| 116|0x0000000713800000, 0x0000000713a00000, 0x0000000713a00000|100%| E|CS|TAMS 0x0000000713800000, 0x0000000713800000| Complete 
| 117|0x0000000713a00000, 0x0000000713c00000, 0x0000000713c00000|100%| E|CS|TAMS 0x0000000713a00000, 0x0000000713a00000| Complete 
| 118|0x0000000713c00000, 0x0000000713e00000, 0x0000000713e00000|100%| E|CS|TAMS 0x0000000713c00000, 0x0000000713c00000| Complete 
| 119|0x0000000713e00000, 0x0000000714000000, 0x0000000714000000|100%| E|CS|TAMS 0x0000000713e00000, 0x0000000713e00000| Complete 
| 120|0x0000000714000000, 0x0000000714200000, 0x0000000714200000|100%| E|CS|TAMS 0x0000000714000000, 0x0000000714000000| Complete 
| 121|0x0000000714200000, 0x0000000714400000, 0x0000000714400000|100%| E|CS|TAMS 0x0000000714200000, 0x0000000714200000| Complete 
| 122|0x0000000714400000, 0x0000000714600000, 0x0000000714600000|100%| E|CS|TAMS 0x0000000714400000, 0x0000000714400000| Complete 
| 123|0x0000000714600000, 0x0000000714800000, 0x0000000714800000|100%| E|CS|TAMS 0x0000000714600000, 0x0000000714600000| Complete 
| 124|0x0000000714800000, 0x0000000714a00000, 0x0000000714a00000|100%| E|CS|TAMS 0x0000000714800000, 0x0000000714800000| Complete 
| 125|0x0000000714a00000, 0x0000000714c00000, 0x0000000714c00000|100%| E|CS|TAMS 0x0000000714a00000, 0x0000000714a00000| Complete 

Card table byte_map: [0x00000284fe440000,0x00000284fec20000] _byte_map_base: 0x00000284fac18000

Marking Bits (Prev, Next): (CMBitMap*) 0x00000284f60cbfe0, (CMBitMap*) 0x00000284f60cc020
 Prev Bits: [0x0000028483000000, 0x0000028486ec0000)
 Next Bits: [0x0000028486ec0000, 0x000002848ad80000)

Polling page: 0x00000284f3fc0000

Metaspace:

Usage:
  Non-class:     15.16 MB used.
      Class:      2.42 MB used.
       Both:     17.59 MB used.

Virtual space:
  Non-class space:       16.00 MB reserved,      15.25 MB ( 95%) committed,  2 nodes.
      Class space:        1.00 GB reserved,       2.56 MB ( <1%) committed,  1 nodes.
             Both:        1.02 GB reserved,      17.81 MB (  2%) committed. 

Chunk freelists:
   Non-Class:  752.00 KB
       Class:  1.33 MB
        Both:  2.06 MB

MaxMetaspaceSize: unlimited
CompressedClassSpaceSize: 1.00 GB
Initial GC threshold: 21.00 MB
Current GC threshold: 21.00 MB
CDS: on
MetaspaceReclaimPolicy: balanced
 - commit_granule_bytes: 65536.
 - commit_granule_words: 8192.
 - virtual_space_node_default_size: 1048576.
 - enlarge_chunks_in_place: 1.
 - new_chunks_are_fully_committed: 0.
 - uncommit_free_chunks: 1.
 - use_allocation_guard: 0.
 - handle_deallocations: 1.


Internal statistics:

num_allocs_failed_limit: 0.
num_arena_births: 230.
num_arena_deaths: 0.
num_vsnodes_births: 3.
num_vsnodes_deaths: 0.
num_space_committed: 285.
num_space_uncommitted: 0.
num_chunks_returned_to_freelist: 0.
num_chunks_taken_from_freelist: 748.
num_chunk_merges: 0.
num_chunk_splits: 520.
num_chunks_enlarged: 408.
num_purges: 0.
num_inconsistent_stats: 0.

CodeCache: size=49152Kb used=6433Kb max_used=6433Kb free=42718Kb
 bounds [0x0000028480000000, 0x0000028480650000, 0x0000028483000000]
 total_blobs=2857 nmethods=2350 adapters=431
 compilation: enabled
              stopped_count=0, restarted_count=0
 full_count=0

Compilation events (20 events):
Event: 1.352 Thread 0x00000284ffe61bf0 nmethod 2339 0x0000028480640690 code [0x0000028480640820, 0x00000284806408f8]
Event: 1.352 Thread 0x000002848d8f39a0 nmethod 2340 0x0000028480640990 code [0x0000028480640b20, 0x0000028480640c08]
Event: 1.352 Thread 0x00000284ffe61bf0 2341       1       java.util.Locale$Cache::createObject (41 bytes)
Event: 1.352 Thread 0x000002848d80c550 nmethod 2333 0x0000028480640c90 code [0x0000028480640fa0, 0x0000028480641b78]
Event: 1.352 Thread 0x00000284ffe61bf0 nmethod 2341 0x0000028480642010 code [0x00000284806421e0, 0x0000028480642638]
Event: 1.352 Thread 0x000002848d8f5ec0 nmethod 2336 0x0000028480642790 code [0x00000284806429c0, 0x0000028480643268]
Event: 1.354 Thread 0x000002848d80c550 2342       1       java.util.Locale::equals (75 bytes)
Event: 1.354 Thread 0x00000284ffe61bf0 2343       1       sun.util.locale.BaseLocale::equals (71 bytes)
Event: 1.355 Thread 0x00000284ffe61bf0 nmethod 2343 0x0000028480643790 code [0x0000028480643940, 0x0000028480643b78]
Event: 1.355 Thread 0x000002848d80c550 nmethod 2342 0x0000028480643c10 code [0x0000028480643de0, 0x0000028480644118]
Event: 1.355 Thread 0x00000284ffe61bf0 2344       1       org.springframework.boot.context.annotation.ImportCandidates::stripComment (21 bytes)
Event: 1.355 Thread 0x000002848d8f39a0 2345       1       java.util.Locale::hasExtensions (13 bytes)
Event: 1.355 Thread 0x00000284ffe61bf0 nmethod 2344 0x0000028480644290 code [0x0000028480644440, 0x0000028480644578]
Event: 1.355 Thread 0x00000284ffe61bf0 2346       1       java.util.Locale::stripExtensions (20 bytes)
Event: 1.355 Thread 0x000002848d8f39a0 nmethod 2345 0x0000028480644690 code [0x0000028480644820, 0x00000284806448f8]
Event: 1.355 Thread 0x00000284ffe61bf0 nmethod 2346 0x0000028480644990 code [0x0000028480644b40, 0x0000028480644c88]
Event: 1.360 Thread 0x000002848d8f39a0 2347   !   1       java.util.concurrent.CopyOnWriteArrayList::add (46 bytes)
Event: 1.361 Thread 0x000002848d8f39a0 nmethod 2347 0x0000028480646210 code [0x00000284806463c0, 0x0000028480646748]
Event: 1.362 Thread 0x000002848d8f39a0 2348       1       org.springframework.util.ClassUtils::resolvePrimitiveIfNecessary (37 bytes)
Event: 1.362 Thread 0x000002848d8f39a0 nmethod 2348 0x0000028480646c90 code [0x0000028480646e40, 0x0000028480647038]

GC Heap History (4 events):
Event: 0.764 GC heap before
{Heap before GC invocations=0 (full 0):
 garbage-first heap   total 258048K, used 20480K [0x0000000705000000, 0x0000000800000000)
  region size 2048K, 11 young (22528K), 0 survivors (0K)
 Metaspace       used 6657K, committed 6848K, reserved 1056768K
  class space    used 844K, committed 896K, reserved 1048576K
}
Event: 0.768 GC heap after
{Heap after GC invocations=1 (full 0):
 garbage-first heap   total 258048K, used 8064K [0x0000000705000000, 0x0000000800000000)
  region size 2048K, 2 young (4096K), 2 survivors (4096K)
 Metaspace       used 6657K, committed 6848K, reserved 1056768K
  class space    used 844K, committed 896K, reserved 1048576K
}
Event: 1.080 GC heap before
{Heap before GC invocations=1 (full 0):
 garbage-first heap   total 258048K, used 28544K [0x0000000705000000, 0x0000000800000000)
  region size 2048K, 13 young (26624K), 2 survivors (4096K)
 Metaspace       used 10525K, committed 10816K, reserved 1064960K
  class space    used 1418K, committed 1536K, reserved 1048576K
}
Event: 1.083 GC heap after
{Heap after GC invocations=2 (full 0):
 garbage-first heap   total 258048K, used 9901K [0x0000000705000000, 0x0000000800000000)
  region size 2048K, 1 young (2048K), 1 survivors (2048K)
 Metaspace       used 10525K, committed 10816K, reserved 1064960K
  class space    used 1418K, committed 1536K, reserved 1048576K
}

Deoptimization events (4 events):
Event: 1.202 Thread 0x000002848e2b0c10 DEOPT PACKING pc=0x00000284805bc3f9 sp=0x000000dd586fca90
Event: 1.202 Thread 0x000002848e2b0c10 DEOPT UNPACKING pc=0x0000028480056763 sp=0x000000dd586fbf70 mode 3
Event: 1.292 Thread 0x000002848e2b0c10 DEOPT PACKING pc=0x00000284805e28d5 sp=0x000000dd586fd0c0
Event: 1.292 Thread 0x000002848e2b0c10 DEOPT UNPACKING pc=0x0000028480056763 sp=0x000000dd586fc568 mode 3

Classes unloaded (0 events):
No events

Classes redefined (0 events):
No events

Internal exceptions (20 events):
Event: 1.025 Thread 0x000002848e2b0c10 Exception <a 'java/lang/NoSuchMethodError'{0x0000000713811638}: 'void java.lang.invoke.DirectMethodHandle$Holder.invokeSpecial(java.lang.Object, java.lang.Object, java.lang.Object, java.lang.Object, java.lang.Object, java.lang.Object)'> (0x0000000713811638) 
thrown [s\src\hotspot\share\interpreter\linkResolver.cpp, line 759]
Event: 1.037 Thread 0x000002848e2b0c10 Exception <a 'java/lang/NoSuchMethodError'{0x00000007138cabe0}: 'java.lang.Object java.lang.invoke.DirectMethodHandle$Holder.invokeSpecial(java.lang.Object, java.lang.Object, java.lang.Object, int, java.lang.Object)'> (0x00000007138cabe0) 
thrown [s\src\hotspot\share\interpreter\linkResolver.cpp, line 759]
Event: 1.038 Thread 0x000002848e2b0c10 Exception <a 'java/lang/NoSuchMethodError'{0x00000007138d3240}: 'java.lang.Object java.lang.invoke.DirectMethodHandle$Holder.newInvokeSpecial(java.lang.Object, java.lang.Object, java.lang.Object, int, java.lang.Object)'> (0x00000007138d3240) 
thrown [s\src\hotspot\share\interpreter\linkResolver.cpp, line 759]
Event: 1.038 Thread 0x000002848e2b0c10 Exception <a 'java/lang/NoSuchMethodError'{0x00000007138dac50}: 'java.lang.Object java.lang.invoke.Invokers$Holder.linkToTargetMethod(java.lang.Object, java.lang.Object, int, java.lang.Object, java.lang.Object)'> (0x00000007138dac50) 
thrown [s\src\hotspot\share\interpreter\linkResolver.cpp, line 759]
Event: 1.039 Thread 0x000002848e2b0c10 Exception <a 'java/lang/NoSuchMethodError'{0x00000007138ea520}: 'java.lang.Object java.lang.invoke.DirectMethodHandle$Holder.newInvokeSpecial(java.lang.Object, int, java.lang.Object)'> (0x00000007138ea520) 
thrown [s\src\hotspot\share\interpreter\linkResolver.cpp, line 759]
Event: 1.039 Thread 0x000002848e2b0c10 Exception <a 'java/lang/NoSuchMethodError'{0x00000007138eef60}: 'int java.lang.invoke.DirectMethodHandle$Holder.invokeSpecialIFC(java.lang.Object, java.lang.Object, java.lang.Object, java.lang.Object)'> (0x00000007138eef60) 
thrown [s\src\hotspot\share\interpreter\linkResolver.cpp, line 759]
Event: 1.066 Thread 0x000002848e2b0c10 Exception <a 'java/lang/NoSuchMethodError'{0x000000071367e850}: 'void java.lang.invoke.DirectMethodHandle$Holder.invokeInterface(java.lang.Object, java.lang.Object, java.lang.Object)'> (0x000000071367e850) 
thrown [s\src\hotspot\share\interpreter\linkResolver.cpp, line 759]
Event: 1.090 Thread 0x000002848e2b0c10 Exception <a 'java/lang/NoSuchMethodError'{0x0000000714a639c8}: 'void java.lang.invoke.DirectMethodHandle$Holder.invokeStatic(java.lang.Object, java.lang.Object, int)'> (0x0000000714a639c8) 
thrown [s\src\hotspot\share\interpreter\linkResolver.cpp, line 759]
Event: 1.091 Thread 0x000002848e2b0c10 Exception <a 'java/lang/NoSuchMethodError'{0x0000000714a6b870}: 'void java.lang.invoke.DirectMethodHandle$Holder.invokeStaticInit(java.lang.Object, java.lang.Object)'> (0x0000000714a6b870) 
thrown [s\src\hotspot\share\interpreter\linkResolver.cpp, line 759]
Event: 1.092 Thread 0x000002848e2b0c10 Exception <a 'java/lang/NoSuchMethodError'{0x0000000714a79448}: 'void java.lang.invoke.DirectMethodHandle$Holder.invokeStaticInit(java.lang.Object, java.lang.Object, java.lang.Object)'> (0x0000000714a79448) 
thrown [s\src\hotspot\share\interpreter\linkResolver.cpp, line 759]
Event: 1.094 Thread 0x000002848e2b0c10 Exception <a 'java/lang/NoSuchMethodError'{0x0000000714b9e038}: 'java.lang.Object java.lang.invoke.DirectMethodHandle$Holder.invokeStatic(java.lang.Object, java.lang.Object, long, java.lang.Object)'> (0x0000000714b9e038) 
thrown [s\src\hotspot\share\interpreter\linkResolver.cpp, line 759]
Event: 1.095 Thread 0x000002848e2b0c10 Exception <a 'java/lang/NoSuchMethodError'{0x0000000714ba1ad0}: 'java.lang.Object java.lang.invoke.DirectMethodHandle$Holder.invokeStaticInit(java.lang.Object, java.lang.Object, long, java.lang.Object)'> (0x0000000714ba1ad0) 
thrown [s\src\hotspot\share\interpreter\linkResolver.cpp, line 759]
Event: 1.095 Thread 0x000002848e2b0c10 Exception <a 'java/lang/NoSuchMethodError'{0x0000000714ba80e0}: 'java.lang.Object java.lang.invoke.DirectMethodHandle$Holder.newInvokeSpecial(java.lang.Object, java.lang.Object, long)'> (0x0000000714ba80e0) 
thrown [s\src\hotspot\share\interpreter\linkResolver.cpp, line 759]
Event: 1.095 Thread 0x000002848e2b0c10 Exception <a 'java/lang/NoSuchMethodError'{0x0000000714babc50}: 'java.lang.Object java.lang.invoke.Invokers$Holder.linkToTargetMethod(java.lang.Object, long, java.lang.Object)'> (0x0000000714babc50) 
thrown [s\src\hotspot\share\interpreter\linkResolver.cpp, line 759]
Event: 1.101 Thread 0x000002848e2b0c10 Exception <a 'java/lang/NoSuchMethodError'{0x000000071480daf8}: 'void java.lang.invoke.DirectMethodHandle$Holder.invokeVirtual(java.lang.Object, java.lang.Object, java.lang.Object, java.lang.Object)'> (0x000000071480daf8) 
thrown [s\src\hotspot\share\interpreter\linkResolver.cpp, line 759]
Event: 1.123 Thread 0x000002848e2b0c10 Exception <a 'java/lang/NoSuchMethodError'{0x0000000714628a58}: 'void java.lang.invoke.DirectMethodHandle$Holder.invokeSpecial(java.lang.Object, java.lang.Object, java.lang.Object)'> (0x0000000714628a58) 
thrown [s\src\hotspot\share\interpreter\linkResolver.cpp, line 759]
Event: 1.127 Thread 0x000002848e2b0c10 Exception <a 'java/lang/IncompatibleClassChangeError'{0x000000071465a6f8}: Found class java.lang.Object, but interface was expected> (0x000000071465a6f8) 
thrown [s\src\hotspot\share\interpreter\linkResolver.cpp, line 826]
Event: 1.266 Thread 0x000002848e2b0c10 Exception <a 'sun/nio/fs/WindowsException'{0x00000007133f3ab8}> (0x00000007133f3ab8) 
thrown [s\src\hotspot\share\prims\jni.cpp, line 516]
Event: 1.266 Thread 0x000002848e2b0c10 Exception <a 'java/lang/NoSuchMethodError'{0x00000007133f50e0}: 'int java.lang.invoke.DirectMethodHandle$Holder.invokeSpecial(java.lang.Object, java.lang.Object, java.lang.Object, java.lang.Object, java.lang.Object)'> (0x00000007133f50e0) 
thrown [s\src\hotspot\share\interpreter\linkResolver.cpp, line 759]
Event: 1.267 Thread 0x000002848e2b0c10 Exception <a 'java/lang/NoSuchMethodError'{0x00000007133fdbd0}: 'void java.lang.invoke.DirectMethodHandle$Holder.invokeVirtual(java.lang.Object, java.lang.Object)'> (0x00000007133fdbd0) 
thrown [s\src\hotspot\share\interpreter\linkResolver.cpp, line 759]

VM Operations (20 events):
Event: 0.643 Executing VM operation: HandshakeAllThreads
Event: 0.643 Executing VM operation: HandshakeAllThreads done
Event: 0.764 Executing VM operation: G1CollectForAllocation
Event: 0.768 Executing VM operation: G1CollectForAllocation done
Event: 0.869 Executing VM operation: HandshakeAllThreads
Event: 0.869 Executing VM operation: HandshakeAllThreads done
Event: 1.062 Executing VM operation: ICBufferFull
Event: 1.062 Executing VM operation: ICBufferFull done
Event: 1.080 Executing VM operation: G1CollectForAllocation
Event: 1.083 Executing VM operation: G1CollectForAllocation done
Event: 1.118 Executing VM operation: HandshakeAllThreads
Event: 1.118 Executing VM operation: HandshakeAllThreads done
Event: 1.121 Executing VM operation: HandshakeAllThreads
Event: 1.121 Executing VM operation: HandshakeAllThreads done
Event: 1.176 Executing VM operation: HandshakeAllThreads
Event: 1.176 Executing VM operation: HandshakeAllThreads done
Event: 1.234 Executing VM operation: HandshakeAllThreads
Event: 1.235 Executing VM operation: HandshakeAllThreads done
Event: 1.258 Executing VM operation: HandshakeAllThreads
Event: 1.258 Executing VM operation: HandshakeAllThreads done

Events (20 events):
Event: 1.325 loading class java/beans/Transient
Event: 1.325 loading class java/beans/Transient done
Event: 1.325 loading class java/beans/ConstructorProperties
Event: 1.325 loading class java/beans/ConstructorProperties done
Event: 1.326 loading class java/io/InvalidObjectException
Event: 1.326 loading class java/io/InvalidObjectException done
Event: 1.328 loading class java/util/concurrent/ConcurrentLinkedQueue
Event: 1.328 loading class java/util/concurrent/ConcurrentLinkedQueue done
Event: 1.328 loading class java/util/concurrent/ConcurrentLinkedQueue$Node
Event: 1.328 loading class java/util/concurrent/ConcurrentLinkedQueue$Node done
Event: 1.329 loading class java/util/concurrent/atomic/AtomicLongArray
Event: 1.329 loading class java/util/concurrent/atomic/AtomicLongArray done
Event: 1.329 loading class java/lang/invoke/VarHandleLongs$Array
Event: 1.330 loading class java/lang/invoke/VarHandleLongs$Array done
Event: 1.330 loading class java/util/concurrent/atomic/AtomicReferenceArray
Event: 1.330 loading class java/util/concurrent/atomic/AtomicReferenceArray done
Event: 1.356 loading class sun/text/resources/cldr/FormatData_en
Event: 1.356 loading class sun/text/resources/cldr/FormatData_en done
Event: 1.357 loading class sun/text/resources/cldr/FormatData_en_US
Event: 1.357 loading class sun/text/resources/cldr/FormatData_en_US done


Dynamic libraries:
0x00007ff71a0f0000 - 0x00007ff71a0fd000 	C:\Users\sunna\.jdks\corretto-17.0.4.1\bin\java.exe
0x00007ffb18250000 - 0x00007ffb18467000 	C:\WINDOWS\SYSTEM32\ntdll.dll
0x00007ffb16bc0000 - 0x00007ffb16c84000 	C:\WINDOWS\System32\KERNEL32.DLL
0x00007ffb158d0000 - 0x00007ffb15c75000 	C:\WINDOWS\System32\KERNELBASE.dll
0x00007ffb15d50000 - 0x00007ffb15e61000 	C:\WINDOWS\System32\ucrtbase.dll
0x00007ffab4ba0000 - 0x00007ffab4bb8000 	C:\Users\sunna\.jdks\corretto-17.0.4.1\bin\jli.dll
0x00007ffab8170000 - 0x00007ffab8185000 	C:\Users\sunna\.jdks\corretto-17.0.4.1\bin\VCRUNTIME140.dll
0x00007ffb15fa0000 - 0x00007ffb1614e000 	C:\WINDOWS\System32\USER32.dll
0x00007ffb15d20000 - 0x00007ffb15d46000 	C:\WINDOWS\System32\win32u.dll
0x00007ffb16c90000 - 0x00007ffb16cb9000 	C:\WINDOWS\System32\GDI32.dll
0x00007ffb15730000 - 0x00007ffb15849000 	C:\WINDOWS\System32\gdi32full.dll
0x00007ffb15c80000 - 0x00007ffb15d1a000 	C:\WINDOWS\System32\msvcp_win.dll
0x00007ffafbdd0000 - 0x00007ffafc063000 	C:\WINDOWS\WinSxS\amd64_microsoft.windows.common-controls_6595b64144ccf1df_6.0.22621.2506_none_270c5ae97388e100\COMCTL32.dll
0x00007ffb161b0000 - 0x00007ffb16257000 	C:\WINDOWS\System32\msvcrt.dll
0x00007ffb16cc0000 - 0x00007ffb16cf1000 	C:\WINDOWS\System32\IMM32.DLL
0x00007ffab4b00000 - 0x00007ffab4b9b000 	C:\Users\sunna\.jdks\corretto-17.0.4.1\bin\msvcp140.dll
0x00007ffa973a0000 - 0x00007ffa97fb4000 	C:\Users\sunna\.jdks\corretto-17.0.4.1\bin\server\jvm.dll
0x00007ffb16280000 - 0x00007ffb16331000 	C:\WINDOWS\System32\ADVAPI32.dll
0x00007ffb16ff0000 - 0x00007ffb17096000 	C:\WINDOWS\System32\sechost.dll
0x00007ffb16d00000 - 0x00007ffb16e17000 	C:\WINDOWS\System32\RPCRT4.dll
0x00007ffb16fe0000 - 0x00007ffb16fe8000 	C:\WINDOWS\System32\PSAPI.DLL
0x00007ffb08b80000 - 0x00007ffb08b89000 	C:\WINDOWS\SYSTEM32\WSOCK32.dll
0x00007ffb08bb0000 - 0x00007ffb08be4000 	C:\WINDOWS\SYSTEM32\WINMM.dll
0x00007ffafdf10000 - 0x00007ffafdf1a000 	C:\WINDOWS\SYSTEM32\VERSION.dll
0x00007ffb180b0000 - 0x00007ffb18121000 	C:\WINDOWS\System32\WS2_32.dll
0x00007ffb14630000 - 0x00007ffb14648000 	C:\WINDOWS\SYSTEM32\kernel.appcore.dll
0x00007ffae6b10000 - 0x00007ffae6b1a000 	C:\Users\sunna\.jdks\corretto-17.0.4.1\bin\jimage.dll
0x00007ffb129f0000 - 0x00007ffb12c23000 	C:\WINDOWS\SYSTEM32\DBGHELP.DLL
0x00007ffb16340000 - 0x00007ffb166c9000 	C:\WINDOWS\System32\combase.dll
0x00007ffb18130000 - 0x00007ffb18207000 	C:\WINDOWS\System32\OLEAUT32.dll
0x00007ffaf3660000 - 0x00007ffaf3692000 	C:\WINDOWS\SYSTEM32\dbgcore.DLL
0x00007ffb15850000 - 0x00007ffb158ca000 	C:\WINDOWS\System32\bcryptPrimitives.dll
0x00007ffb0bb10000 - 0x00007ffb0bb1e000 	C:\Users\sunna\.jdks\corretto-17.0.4.1\bin\instrument.dll
0x00007ffab3ff0000 - 0x00007ffab4015000 	C:\Users\sunna\.jdks\corretto-17.0.4.1\bin\java.dll
0x00007ffa972c0000 - 0x00007ffa97396000 	C:\Users\sunna\.jdks\corretto-17.0.4.1\bin\jsvml.dll
0x00007ffb17100000 - 0x00007ffb17959000 	C:\WINDOWS\System32\SHELL32.dll
0x00007ffb13490000 - 0x00007ffb13d84000 	C:\WINDOWS\SYSTEM32\windows.storage.dll
0x00007ffb13350000 - 0x00007ffb1348e000 	C:\WINDOWS\SYSTEM32\wintypes.dll
0x00007ffb168e0000 - 0x00007ffb169d3000 	C:\WINDOWS\System32\SHCORE.dll
0x00007ffb167d0000 - 0x00007ffb1682e000 	C:\WINDOWS\System32\shlwapi.dll
0x00007ffb154f0000 - 0x00007ffb15516000 	C:\WINDOWS\SYSTEM32\profapi.dll
0x00007ffa96540000 - 0x00007ffa96558000 	C:\Users\sunna\.jdks\corretto-17.0.4.1\bin\zip.dll
0x00007ffa96580000 - 0x00007ffa96599000 	C:\Users\sunna\.jdks\corretto-17.0.4.1\bin\net.dll
0x00007ffb0b960000 - 0x00007ffb0ba97000 	C:\WINDOWS\SYSTEM32\WINHTTP.dll
0x00007ffb14b30000 - 0x00007ffb14b99000 	C:\WINDOWS\system32\mswsock.dll
0x00007ffa96560000 - 0x00007ffa96575000 	C:\Users\sunna\.jdks\corretto-17.0.4.1\bin\nio.dll
0x00007ffaff7f0000 - 0x00007ffaff80a000 	D:\Program Files\JetBrains\IntelliJ IDEA 2022.2.2\bin\breakgen64.dll
0x00007ffb14060000 - 0x00007ffb14159000 	C:\WINDOWS\SYSTEM32\DNSAPI.dll
0x00007ffb14030000 - 0x00007ffb1405d000 	C:\WINDOWS\SYSTEM32\IPHLPAPI.DLL
0x00007ffb16260000 - 0x00007ffb16269000 	C:\WINDOWS\System32\NSI.dll
0x00007ffb08c30000 - 0x00007ffb08c3a000 	C:\Windows\System32\rasadhlp.dll
0x00007ffb04f90000 - 0x00007ffb05013000 	C:\WINDOWS\System32\fwpuclnt.dll
0x00007ffb0bb00000 - 0x00007ffb0bb09000 	C:\Users\sunna\.jdks\corretto-17.0.4.1\bin\management.dll
0x00007ffb0baf0000 - 0x00007ffb0bafb000 	C:\Users\sunna\.jdks\corretto-17.0.4.1\bin\management_ext.dll
0x00007ffb14d80000 - 0x00007ffb14d9b000 	C:\WINDOWS\SYSTEM32\CRYPTSP.dll
0x00007ffb14560000 - 0x00007ffb14595000 	C:\WINDOWS\system32\rsaenh.dll
0x00007ffb14c20000 - 0x00007ffb14c4c000 	C:\WINDOWS\SYSTEM32\USERENV.dll
0x00007ffb14f50000 - 0x00007ffb14f78000 	C:\WINDOWS\SYSTEM32\bcrypt.dll
0x00007ffb14da0000 - 0x00007ffb14dac000 	C:\WINDOWS\SYSTEM32\CRYPTBASE.dll
0x00007ffb08b50000 - 0x00007ffb08b69000 	C:\WINDOWS\SYSTEM32\dhcpcsvc6.DLL
0x00007ffb089f0000 - 0x00007ffb08a0f000 	C:\WINDOWS\SYSTEM32\dhcpcsvc.DLL
0x00007ffab97f0000 - 0x00007ffab9807000 	C:\WINDOWS\system32\napinsp.dll
0x00007ffab9810000 - 0x00007ffab982b000 	C:\WINDOWS\system32\pnrpnsp.dll
0x00007ffab9830000 - 0x00007ffab9841000 	C:\WINDOWS\System32\winrnr.dll
0x00007ffb08e30000 - 0x00007ffb08e45000 	C:\WINDOWS\system32\wshbth.dll
0x00007ffab9850000 - 0x00007ffab9871000 	C:\WINDOWS\system32\nlansp_c.dll

dbghelp: loaded successfully - version: 4.0.5 - missing functions: none
symbol engine: initialized successfully - sym options: 0x614 - pdb path: .;C:\Users\sunna\.jdks\corretto-17.0.4.1\bin;C:\WINDOWS\SYSTEM32;C:\WINDOWS\WinSxS\amd64_microsoft.windows.common-controls_6595b64144ccf1df_6.0.22621.2506_none_270c5ae97388e100;C:\Users\sunna\.jdks\corretto-17.0.4.1\bin\server;D:\Program Files\JetBrains\IntelliJ IDEA 2022.2.2\bin

VM Arguments:
jvm_args: -XX:TieredStopAtLevel=1 -Dspring.output.ansi.enabled=always -Dcom.sun.management.jmxremote -Dspring.jmx.enabled=true -Dspring.liveBeansView.mbeanDomain -Dspring.application.admin.enabled=true -javaagent:D:\Program Files\JetBrains\IntelliJ IDEA 2022.2.2\lib\idea_rt.jar=56708:D:\Program Files\JetBrains\IntelliJ IDEA 2022.2.2\bin -Dfile.encoding=UTF-8 
java_command: com.hit.community.CommunityApplication
java_class_path (initial): D:\HIT-ToyProject\backend\community\out\production\classes;D:\HIT-ToyProject\backend\community\out\production\resources;C:\Users\sunna\.gradle\caches\modules-2\files-2.1\org.projectlombok\lombok\1.18.30\f195ee86e6c896ea47a1d39defbe20eb59cd149d\lombok-1.18.30.jar;C:\Users\sunna\.gradle\caches\modules-2\files-2.1\org.springframework.boot\spring-boot-starter-data-jpa\3.1.5\5fdcfab1fe9d6dddf4352d71f5ed879eb1aa92c2\spring-boot-starter-data-jpa-3.1.5.jar;C:\Users\sunna\.gradle\caches\modules-2\files-2.1\org.springframework.boot\spring-boot-starter-validation\3.1.5\f653e6661ec3da08003789f4a6583d1674e333b1\spring-boot-starter-validation-3.1.5.jar;C:\Users\sunna\.gradle\caches\modules-2\files-2.1\org.springframework.boot\spring-boot-starter-web\3.1.5\3674e5603cc25bc4dccf73b97d50234332fc3d72\spring-boot-starter-web-3.1.5.jar;C:\Users\sunna\.gradle\caches\modules-2\files-2.1\org.springframework.boot\spring-boot-starter-oauth2-client\3.1.5\937bc3e49e42cb30514308acf0ce3e2519527088\spring-boot-starter-oauth2-client-3.1.5.jar;C:\Users\sunna\.gradle\caches\modules-2\files-2.1\org.springframework.boot\spring-boot-starter-thymeleaf\3.1.5\3d5f1bff03e5e58b065ca230b7ee24b84bf7fe75\spring-boot-starter-thymeleaf-3.1.5.jar;C:\Users\sunna\.gradle\caches\modules-2\files-2.1\org.springframework.session\spring-session-jdbc\3.1.3\e4b561084c304e07a65391b1fab326754192a810\spring-session-jdbc-3.1.3.jar;C:\Users\sunna\.gradle\caches\modules-2\files-2.1\org.springframework.boot\spring-boot-starter-aop\3.1.5\2ac1f8bf4c2bce13b46d04abafc69a4f1523a08\spring-boot-starter-aop-3.1.5.jar;C:\Users\sunna\.gradle\caches\modules-2\files-2.1\org.springframework.boot\spring-boot-starter-jdbc\3.1.5\138c0e0ab493d8a51bb51dfc3b7144d702ff4c26\spring-boot-starter-jdbc-3.1.5.jar;C:\Users\sunna\.gradle\caches\modules-2\files-2.1\org.hibernate.orm\hibernate-core\6.2.13.Final\de458672b40154ab9ecfe7466987ad1772167af8\hibernate-core-6.2.13.Final.jar;C:\Users\sunna\.gradle\caches\modules-2\files-2
Launcher Type: SUN_STANDARD

[Global flags]
     intx CICompilerCount                          = 4                                         {product} {ergonomic}
     uint ConcGCThreads                            = 2                                         {product} {ergonomic}
     uint G1ConcRefinementThreads                  = 8                                         {product} {ergonomic}
   size_t G1HeapRegionSize                         = 2097152                                   {product} {ergonomic}
    uintx GCDrainStackTargetSize                   = 64                                        {product} {ergonomic}
   size_t InitialHeapSize                          = 264241152                                 {product} {ergonomic}
     bool ManagementServer                         = true                                      {product} {command line}
   size_t MarkStackSize                            = 4194304                                   {product} {ergonomic}
   size_t MaxHeapSize                              = 4211081216                                {product} {ergonomic}
   size_t MaxNewSize                               = 2524971008                                {product} {ergonomic}
   size_t MinHeapDeltaBytes                        = 2097152                                   {product} {ergonomic}
   size_t MinHeapSize                              = 8388608                                   {product} {ergonomic}
    uintx NonProfiledCodeHeapSize                  = 0                                      {pd product} {ergonomic}
     bool ProfileInterpreter                       = false                                  {pd product} {command line}
    uintx ProfiledCodeHeapSize                     = 0                                      {pd product} {ergonomic}
   size_t SoftMaxHeapSize                          = 4211081216                             {manageable} {ergonomic}
     intx TieredStopAtLevel                        = 1                                         {product} {command line}
     bool UseCompressedClassPointers               = true                           {product lp64_product} {ergonomic}
     bool UseCompressedOops                        = true                           {product lp64_product} {ergonomic}
     bool UseG1GC                                  = true                                      {product} {ergonomic}
     bool UseLargePagesIndividualAllocation        = false                                  {pd product} {ergonomic}

Logging:
Log output configuration:
 #0: stdout all=warning uptime,level,tags
 #1: stderr all=off uptime,level,tags

Environment Variables:
JAVA_HOME=C:\Program Files\Java\jdk-11.0.13
CLASSPATH=C:\Program Files\Java\jdk-11.0.13\lib
PATH=C:\Program Files (x86)\Common Files\Oracle\Java\javapath;D:\oraclexe\app\oracle\product\11.2.0\server\bin;C:\WINDOWS\system32;C:\WINDOWS;C:\WINDOWS\System32\Wbem;C:\WINDOWS\System32\WindowsPowerShell\v1.0\;C:\WINDOWS\System32\OpenSSH\;C:\Python;C:\Python\Scripts;C:\Users\sunna\anaconda3;C:\Program Files\Bandizip\;D:\Ruby30-x64\bin;C:\Users\sunna\AppData\Local\Microsoft\WindowsApps;C:\Users\sunna\AppData\Roaming\npm;D:\Users\sunna\AppData\Local\Programs\Microsoft VS Code\bin;D:\Program Files\heroku\bin;D:\Program Files\JetBrains\IntelliJ IDEA Community Edition 2022.2.1\bin;D:\Program Files\JetBrains\Intel;C:\Users\sunna\anaconda3\Library\bin;C:\Program Files\MySQL\MySQL Server 8.0\bin;C:\WINDOWS\system32;C:\WINDOWS;C:\WINDOWS\System32\Wbem;C:\WINDOWS\System32\WindowsPowerShell\v1.0\;C:\WINDOWS\System32\OpenSSH\;D:\Program Files\MySQL\MySQL Server 8.0\bin;C:\ProgramData\chocolatey\bin;D:\Program Files\Git\cmd;D:\Program Files\Amazon\AWSCLIV2\;C:\Users\sunna\OneDrive\Desktop\apache-maven-3.9.4\bin;C:\Program Files\PuTTY\;C:\Users\sunna\AppData\Local\Programs\Python\Python39\Scripts\;C:\Users\sunna\AppData\Local\Programs\Python\Python39\;C:\Users\sunna\AppData\Local\Microsoft\WindowsApps;D:\Users\sunna\AppData\Local\Programs\Microsoft VS Code\bin;D:\Program Files\heroku\bin;D:\Program Files\JetBrains\IntelliJ IDEA Community Edition 2022.2.1\bin;D:\Program Files\JetBrains\IntelliJ IDEA 2022.2.1\bin;C:\Users\sunna\AppData\Local\gitkraken\bin;C:\ProgramData\sunna\gitkraken\bin;D:\Program Files\JetBrains\IntelliJ IDEA 2022.2.2\bin;;C:\Users\sunna\AppData\Local\Microsoft\WindowsApps;C:\MinGW\bin;;D:\Program Files\JetBrains\PyCharm 2023.1.2\bin;
USERNAME=sunna
OS=Windows_NT
PROCESSOR_IDENTIFIER=Intel64 Family 6 Model 140 Stepping 1, GenuineIntel
TMP=C:\Users\sunna\AppData\Local\Temp
TEMP=C:\Users\sunna\AppData\Local\Temp



---------------  S Y S T E M  ---------------

OS:
 Windows 11 , 64 bit Build 22621 (10.0.22621.2506)
OS uptime: 0 days 2:52 hours
Hyper-V role detected

CPU: total 8 (initial active 8) (4 cores per cpu, 2 threads per core) family 6 model 140 stepping 1 microcode 0x9a, cx8, cmov, fxsr, ht, mmx, 3dnowpref, sse, sse2, sse3, ssse3, sse4.1, sse4.2, popcnt, lzcnt, tsc, tscinvbit, avx, avx2, aes, erms, clmul, bmi1, bmi2, adx, avx512f, avx512dq, avx512cd, avx512bw, avx512vl, sha, fma, vzeroupper, avx512_vpopcntdq, avx512_vpclmulqdq, avx512_vaes, avx512_vnni, clflush, clflushopt, clwb, avx512_vbmi2, avx512_vbmi, hv

Memory: 4k page, system-wide physical 16057M (2575M free)
TotalPageFile size 18105M (AvailPageFile size 4M)
current process WorkingSet (physical memory assigned to process): 119M, peak: 119M
current process commit charge ("private bytes"): 371M, peak: 371M

vm_info: OpenJDK 64-Bit Server VM (17.0.4.1+9-LTS) for windows-amd64 JRE (17.0.4.1+9-LTS), built on Aug 12 2022 17:33:36 by "Administrator" with MS VC++ 15.9 (VS2017)

END.
