#
# There is insufficient memory for the Java Runtime Environment to continue.
# Native memory allocation (malloc) failed to allocate 1695072 bytes for Chunk::new
# Possible reasons:
#   The system is out of physical RAM or swap space
#   The process is running with CompressedOops enabled, and the Java Heap may be blocking the growth of the native heap
# Possible solutions:
#   Reduce memory load on the system
#   Increase physical memory or swap space
#   Check if swap backing store is full
#   Decrease Java heap size (-Xmx/-Xms)
#   Decrease number of Java threads
#   Decrease Java thread stack sizes (-Xss)
#   Set larger code cache with -XX:ReservedCodeCacheSize=
#   JVM is running with Zero Based Compressed Oops mode in which the Java heap is
#     placed in the first 32GB address space. The Java Heap base address is the
#     maximum limit for the native heap growth. Please use -XX:HeapBaseMinAddress
#     to set the Java Heap base and to place the Java Heap above 32GB virtual address.
# This output file may be truncated or incomplete.
#
#  Out of Memory Error (arena.cpp:189), pid=3264, tid=16008
#
# JRE version: OpenJDK Runtime Environment Corretto-17.0.4.9.1 (17.0.4.1+9) (build 17.0.4.1+9-LTS)
# Java VM: OpenJDK 64-Bit Server VM Corretto-17.0.4.9.1 (17.0.4.1+9-LTS, mixed mode, sharing, tiered, compressed oops, compressed class ptrs, g1 gc, windows-amd64)
# No core dump will be written. Minidumps are not enabled by default on client versions of Windows
#

---------------  S U M M A R Y ------------

Command Line: -ea -Didea.test.cyclic.buffer.size=1048576 -javaagent:D:\Program Files\JetBrains\IntelliJ IDEA 2023.2.5\lib\idea_rt.jar=65184:D:\Program Files\JetBrains\IntelliJ IDEA 2023.2.5\bin -Dfile.encoding=UTF-8 com.intellij.rt.junit.JUnitStarter -ideVersion5 -junit5 com.hit.community.repository.SearchQueryDslRepositoryTest,searchAndPagingTest5

Host: 11th Gen Intel(R) Core(TM) i7-1165G7 @ 2.80GHz, 8 cores, 15G,  Windows 11 , 64 bit Build 22621 (10.0.22621.3085)
Time: Wed Feb 21 15:19:47 2024  Windows 11 , 64 bit Build 22621 (10.0.22621.3085) elapsed time: 1.450851 seconds (0d 0h 0m 1s)

---------------  T H R E A D  ---------------

Current thread (0x00000182ff98d7d0):  JavaThread "C2 CompilerThread1" daemon [_thread_in_native, id=16008, stack(0x0000003d5e300000,0x0000003d5e400000)]


Current CompileTask:
C2:   1450 2288   !   4       jdk.internal.loader.BuiltinClassLoader::loadClassOrNull (143 bytes)

Stack: [0x0000003d5e300000,0x0000003d5e400000]
Native frames: (J=compiled Java code, j=interpreted, Vv=VM code, C=native code)
V  [jvm.dll+0x64724a]
V  [jvm.dll+0x7f87a4]
V  [jvm.dll+0x7f9f5e]
V  [jvm.dll+0x7fa5b3]
V  [jvm.dll+0x234ed8]
V  [jvm.dll+0xbce1b]
V  [jvm.dll+0xbd3ac]
V  [jvm.dll+0x34dc07]
V  [jvm.dll+0x1affa2]
V  [jvm.dll+0x20966f]
V  [jvm.dll+0x208b17]
V  [jvm.dll+0x198ded]
V  [jvm.dll+0x217eb9]
V  [jvm.dll+0x216104]
V  [jvm.dll+0x7b0d5b]
V  [jvm.dll+0x7ab31a]
V  [jvm.dll+0x6460f5]
C  [ucrtbase.dll+0x29363]
C  [KERNEL32.DLL+0x1257d]
C  [ntdll.dll+0x5aa58]


---------------  P R O C E S S  ---------------

Threads class SMR info:
_java_thread_list=0x000001829f072910, length=16, elements={
0x00000182f874d670, 0x00000182fec0a5f0, 0x00000182fec0c1b0, 0x00000182ff8072c0,
0x00000182ff807e70, 0x00000182ff80a830, 0x00000182ff80e330, 0x00000182ff813890,
0x00000182ff81c340, 0x00000182ff82e500, 0x00000182ff8e6620, 0x00000182ff98d7d0,
0x00000182ff9994f0, 0x00000182ff9999c0, 0x000001829d363030, 0x000001829d53e430
}

Java Threads: ( => current thread )
  0x00000182f874d670 JavaThread "main" [_thread_in_native, id=3284, stack(0x0000003d5d200000,0x0000003d5d300000)]
  0x00000182fec0a5f0 JavaThread "Reference Handler" daemon [_thread_blocked, id=2044, stack(0x0000003d5d900000,0x0000003d5da00000)]
  0x00000182fec0c1b0 JavaThread "Finalizer" daemon [_thread_blocked, id=7828, stack(0x0000003d5da00000,0x0000003d5db00000)]
  0x00000182ff8072c0 JavaThread "Signal Dispatcher" daemon [_thread_blocked, id=12372, stack(0x0000003d5db00000,0x0000003d5dc00000)]
  0x00000182ff807e70 JavaThread "Attach Listener" daemon [_thread_blocked, id=15300, stack(0x0000003d5dc00000,0x0000003d5dd00000)]
  0x00000182ff80a830 JavaThread "Service Thread" daemon [_thread_blocked, id=7308, stack(0x0000003d5dd00000,0x0000003d5de00000)]
  0x00000182ff80e330 JavaThread "Monitor Deflation Thread" daemon [_thread_blocked, id=4884, stack(0x0000003d5de00000,0x0000003d5df00000)]
  0x00000182ff813890 JavaThread "C2 CompilerThread0" daemon [_thread_in_native, id=9840, stack(0x0000003d5df00000,0x0000003d5e000000)]
  0x00000182ff81c340 JavaThread "C1 CompilerThread0" daemon [_thread_blocked, id=15168, stack(0x0000003d5e000000,0x0000003d5e100000)]
  0x00000182ff82e500 JavaThread "Sweeper thread" daemon [_thread_blocked, id=24168, stack(0x0000003d5e100000,0x0000003d5e200000)]
  0x00000182ff8e6620 JavaThread "Common-Cleaner" daemon [_thread_blocked, id=14832, stack(0x0000003d5e200000,0x0000003d5e300000)]
=>0x00000182ff98d7d0 JavaThread "C2 CompilerThread1" daemon [_thread_in_native, id=16008, stack(0x0000003d5e300000,0x0000003d5e400000)]
  0x00000182ff9994f0 JavaThread "Monitor Ctrl-Break" daemon [_thread_in_native, id=16672, stack(0x0000003d5e400000,0x0000003d5e500000)]
  0x00000182ff9999c0 JavaThread "Notification Thread" daemon [_thread_blocked, id=1452, stack(0x0000003d5e500000,0x0000003d5e600000)]
  0x000001829d363030 JavaThread "C2 CompilerThread2" daemon [_thread_in_native, id=20408, stack(0x0000003d5e700000,0x0000003d5e800000)]
  0x000001829d53e430 JavaThread "background-preinit" [_thread_in_vm, id=11520, stack(0x0000003d5ef00000,0x0000003d5f000000)]

Other Threads:
  0x00000182fec06760 VMThread "VM Thread" [stack: 0x0000003d5d800000,0x0000003d5d900000] [id=19416]
  0x00000182f87dc670 WatcherThread [stack: 0x0000003d5e600000,0x0000003d5e700000] [id=6312]
  0x00000182f87b3840 GCTaskThread "GC Thread#0" [stack: 0x0000003d5d300000,0x0000003d5d400000] [id=1584]
  0x00000182ff8deb20 GCTaskThread "GC Thread#1" [stack: 0x0000003d5e800000,0x0000003d5e900000] [id=19116]
  0x000001829d5061b0 GCTaskThread "GC Thread#2" [stack: 0x0000003d5e900000,0x0000003d5ea00000] [id=25264]
  0x000001829d093ab0 GCTaskThread "GC Thread#3" [stack: 0x0000003d5ea00000,0x0000003d5eb00000] [id=13396]
  0x000001829d093d60 GCTaskThread "GC Thread#4" [stack: 0x0000003d5eb00000,0x0000003d5ec00000] [id=10012]
  0x000001829d143420 GCTaskThread "GC Thread#5" [stack: 0x0000003d5ec00000,0x0000003d5ed00000] [id=15212]
  0x000001829e523150 GCTaskThread "GC Thread#6" [stack: 0x0000003d5ed00000,0x0000003d5ee00000] [id=2396]
  0x000001829e0a0c80 GCTaskThread "GC Thread#7" [stack: 0x0000003d5ee00000,0x0000003d5ef00000] [id=20940]
  0x00000182f87c5690 ConcurrentGCThread "G1 Main Marker" [stack: 0x0000003d5d400000,0x0000003d5d500000] [id=18888]
  0x00000182f87c78f0 ConcurrentGCThread "G1 Conc#0" [stack: 0x0000003d5d500000,0x0000003d5d600000] [id=26452]
  0x000001829e4b95a0 ConcurrentGCThread "G1 Conc#1" [stack: 0x0000003d5f000000,0x0000003d5f100000] [id=12200]
  0x00000182feac1560 ConcurrentGCThread "G1 Refine#0" [stack: 0x0000003d5d600000,0x0000003d5d700000] [id=9044]
  0x00000182feac1e90 ConcurrentGCThread "G1 Service" [stack: 0x0000003d5d700000,0x0000003d5d800000] [id=23136]

Threads with active compile tasks:
C2 CompilerThread0     1476 2619       4       org.springframework.util.ConcurrentReferenceHashMap$Segment::getReference (55 bytes)
C1 CompilerThread0     1476 2623       3       org.springframework.beans.factory.support.AbstractBeanFactory::transformedBeanName (9 bytes)
C2 CompilerThread1     1476 2288   !   4       jdk.internal.loader.BuiltinClassLoader::loadClassOrNull (143 bytes)
C2 CompilerThread2     1477 2618       4       org.springframework.util.ConcurrentReferenceHashMap::getReference (18 bytes)

VM state: not at safepoint (normal execution)

VM Mutex/Monitor currently owned by a thread: None

Heap address: 0x0000000705000000, size: 4016 MB, Compressed Oops mode: Zero based, Oop shift amount: 3

CDS archive(s) mapped at: [0x0000000800000000-0x0000000800bc0000-0x0000000800bc0000), size 12320768, SharedBaseAddress: 0x0000000800000000, ArchiveRelocationMode: 0.
Compressed class space mapped at: 0x0000000800c00000-0x0000000840c00000, reserved size: 1073741824
Narrow klass base: 0x0000000800000000, Narrow klass shift: 0, Narrow klass range: 0x100000000

GC Precious Log:
 CPUs: 8 total, 8 available
 Memory: 16057M
 Large Page Support: Disabled
 NUMA Support: Disabled
 Compressed Oops: Enabled (Zero based)
 Heap Region Size: 2M
 Heap Min Capacity: 8M
 Heap Initial Capacity: 252M
 Heap Max Capacity: 4016M
 Pre-touch: Disabled
 Parallel Workers: 8
 Concurrent Workers: 2
 Concurrent Refinement Workers: 8
 Periodic GC: Disabled

Heap:
 garbage-first heap   total 61440K, used 13344K [0x0000000705000000, 0x0000000800000000)
  region size 2048K, 5 young (10240K), 4 survivors (8192K)
 Metaspace       used 21365K, committed 21632K, reserved 1073152K
  class space    used 2835K, committed 2944K, reserved 1048576K

Heap Regions: E=young(eden), S=young(survivor), O=old, HS=humongous(starts), HC=humongous(continues), CS=collection set, F=free, OA=open archive, CA=closed archive, TAMS=top-at-mark-start (previous, next)
|   0|0x0000000705000000, 0x0000000705200000, 0x0000000705200000|100%| O|  |TAMS 0x0000000705200000, 0x0000000705000000| Untracked 
|   1|0x0000000705200000, 0x0000000705400000, 0x0000000705400000|100%| O|  |TAMS 0x0000000705400000, 0x0000000705200000| Untracked 
|   2|0x0000000705400000, 0x0000000705600000, 0x0000000705600000|100%| O|  |TAMS 0x0000000705600000, 0x0000000705400000| Untracked 
|   3|0x0000000705600000, 0x0000000705655800, 0x0000000705800000| 16%| O|  |TAMS 0x0000000705655800, 0x0000000705600000| Complete 
|   4|0x0000000705800000, 0x0000000705800000, 0x0000000705a00000|  0%| F|  |TAMS 0x0000000705800000, 0x0000000705800000| Untracked 
|   5|0x0000000705a00000, 0x0000000705a00000, 0x0000000705c00000|  0%| F|  |TAMS 0x0000000705a00000, 0x0000000705a00000| Untracked 
|   6|0x0000000705c00000, 0x0000000705c00000, 0x0000000705e00000|  0%| F|  |TAMS 0x0000000705c00000, 0x0000000705c00000| Untracked 
|   7|0x0000000705e00000, 0x0000000705e00000, 0x0000000706000000|  0%| F|  |TAMS 0x0000000705e00000, 0x0000000705e00000| Untracked 
|   8|0x0000000706000000, 0x0000000706000000, 0x0000000706200000|  0%| F|  |TAMS 0x0000000706000000, 0x0000000706000000| Untracked 
|   9|0x0000000706200000, 0x0000000706200000, 0x0000000706400000|  0%| F|  |TAMS 0x0000000706200000, 0x0000000706200000| Untracked 
|  10|0x0000000706400000, 0x0000000706400000, 0x0000000706600000|  0%| F|  |TAMS 0x0000000706400000, 0x0000000706400000| Untracked 
|  11|0x0000000706600000, 0x0000000706600000, 0x0000000706800000|  0%| F|  |TAMS 0x0000000706600000, 0x0000000706600000| Untracked 
|  12|0x0000000706800000, 0x0000000706800000, 0x0000000706a00000|  0%| F|  |TAMS 0x0000000706800000, 0x0000000706800000| Untracked 
|  13|0x0000000706a00000, 0x0000000706a00000, 0x0000000706c00000|  0%| F|  |TAMS 0x0000000706a00000, 0x0000000706a00000| Untracked 
|  14|0x0000000706c00000, 0x0000000706c00000, 0x0000000706e00000|  0%| F|  |TAMS 0x0000000706c00000, 0x0000000706c00000| Untracked 
|  15|0x0000000706e00000, 0x0000000706e00000, 0x0000000707000000|  0%| F|  |TAMS 0x0000000706e00000, 0x0000000706e00000| Untracked 
|  16|0x0000000707000000, 0x0000000707000000, 0x0000000707200000|  0%| F|  |TAMS 0x0000000707000000, 0x0000000707000000| Untracked 
|  17|0x0000000707200000, 0x0000000707200000, 0x0000000707400000|  0%| F|  |TAMS 0x0000000707200000, 0x0000000707200000| Untracked 
|  18|0x0000000707400000, 0x0000000707400000, 0x0000000707600000|  0%| F|  |TAMS 0x0000000707400000, 0x0000000707400000| Untracked 
|  19|0x0000000707600000, 0x0000000707600000, 0x0000000707800000|  0%| F|  |TAMS 0x0000000707600000, 0x0000000707600000| Untracked 
|  20|0x0000000707800000, 0x0000000707800000, 0x0000000707a00000|  0%| F|  |TAMS 0x0000000707800000, 0x0000000707800000| Untracked 
|  21|0x0000000707a00000, 0x0000000707a00000, 0x0000000707c00000|  0%| F|  |TAMS 0x0000000707a00000, 0x0000000707a00000| Untracked 
|  22|0x0000000707c00000, 0x0000000707c00000, 0x0000000707e00000|  0%| F|  |TAMS 0x0000000707c00000, 0x0000000707c00000| Untracked 
|  23|0x0000000707e00000, 0x0000000707e00000, 0x0000000708000000|  0%| F|  |TAMS 0x0000000707e00000, 0x0000000707e00000| Untracked 
|  24|0x0000000708000000, 0x0000000708000000, 0x0000000708200000|  0%| F|  |TAMS 0x0000000708000000, 0x0000000708000000| Untracked 
|  90|0x0000000710400000, 0x00000007104b2aa0, 0x0000000710600000| 34%| S|CS|TAMS 0x0000000710400000, 0x0000000710400000| Complete 
|  91|0x0000000710600000, 0x0000000710800000, 0x0000000710800000|100%| S|CS|TAMS 0x0000000710600000, 0x0000000710600000| Complete 
|  92|0x0000000710800000, 0x0000000710a00000, 0x0000000710a00000|100%| S|CS|TAMS 0x0000000710800000, 0x0000000710800000| Complete 
|  93|0x0000000710a00000, 0x0000000710c00000, 0x0000000710c00000|100%| S|CS|TAMS 0x0000000710a00000, 0x0000000710a00000| Complete 
| 125|0x0000000714a00000, 0x0000000714bf2598, 0x0000000714c00000| 97%| E|  |TAMS 0x0000000714a00000, 0x0000000714a00000| Complete 

Card table byte_map: [0x00000182f9310000,0x00000182f9af0000] _byte_map_base: 0x00000182f5ae8000

Marking Bits (Prev, Next): (CMBitMap*) 0x00000182f87b52a0, (CMBitMap*) 0x00000182f87b5260
 Prev Bits: [0x0000018296a30000, 0x000001829a8f0000)
 Next Bits: [0x00000182fa2d0000, 0x00000182fe190000)

Polling page: 0x00000182f6740000

Metaspace:

Usage:
  Non-class:     18.12 MB used.
      Class:      2.78 MB used.
       Both:     20.90 MB used.

Virtual space:
  Non-class space:       24.00 MB reserved,      18.31 MB ( 76%) committed,  3 nodes.
      Class space:        1.00 GB reserved,       2.88 MB ( <1%) committed,  1 nodes.
             Both:        1.02 GB reserved,      21.19 MB (  2%) committed. 

Chunk freelists:
   Non-Class:  1.73 MB
       Class:  1.00 MB
        Both:  2.73 MB

MaxMetaspaceSize: unlimited
CompressedClassSpaceSize: 1.00 GB
Initial GC threshold: 21.00 MB
Current GC threshold: 35.25 MB
CDS: on
MetaspaceReclaimPolicy: balanced
 - commit_granule_bytes: 65536.
 - commit_granule_words: 8192.
 - virtual_space_node_default_size: 1048576.
 - enlarge_chunks_in_place: 1.
 - new_chunks_are_fully_committed: 0.
 - uncommit_free_chunks: 1.
 - use_allocation_guard: 0.
 - handle_deallocations: 1.


Internal statistics:

num_allocs_failed_limit: 3.
num_arena_births: 270.
num_arena_deaths: 0.
num_vsnodes_births: 4.
num_vsnodes_deaths: 0.
num_space_committed: 339.
num_space_uncommitted: 0.
num_chunks_returned_to_freelist: 3.
num_chunks_taken_from_freelist: 1035.
num_chunk_merges: 3.
num_chunk_splits: 702.
num_chunks_enlarged: 541.
num_purges: 0.
num_inconsistent_stats: 0.

CodeHeap 'non-profiled nmethods': size=120000Kb used=1264Kb max_used=1264Kb free=118736Kb
 bounds [0x000001828f500000, 0x000001828f770000, 0x0000018296a30000]
CodeHeap 'profiled nmethods': size=120000Kb used=5347Kb max_used=5347Kb free=114652Kb
 bounds [0x0000018287fd0000, 0x0000018288510000, 0x000001828f500000]
CodeHeap 'non-nmethods': size=5760Kb used=1222Kb max_used=1246Kb free=4537Kb
 bounds [0x0000018287a30000, 0x0000018287ca0000, 0x0000018287fd0000]
 total_blobs=3137 nmethods=2626 adapters=422
 compilation: enabled
              stopped_count=0, restarted_count=0
 full_count=0

Compilation events (20 events):
Event: 1.435 Thread 0x00000182ff81c340 nmethod 2568 0x00000182884db910 code [0x00000182884dc140, 0x00000182884e0a18]
Event: 1.435 Thread 0x00000182ff81c340 2569       3       org.springframework.asm.AnnotationVisitor::<init> (7 bytes)
Event: 1.435 Thread 0x00000182ff81c340 nmethod 2569 0x00000182884e2390 code [0x00000182884e2540, 0x00000182884e2688]
Event: 1.435 Thread 0x00000182ff81c340 2570       3       org.springframework.asm.AnnotationVisitor::<init> (71 bytes)
Event: 1.435 Thread 0x00000182ff81c340 nmethod 2570 0x00000182884e2710 code [0x00000182884e28e0, 0x00000182884e2d78]
Event: 1.436 Thread 0x00000182ff81c340 2572       3       org.springframework.core.annotation.TypeMappedAnnotations::<init> (42 bytes)
Event: 1.436 Thread 0x00000182ff81c340 nmethod 2572 0x00000182884e2f10 code [0x00000182884e30c0, 0x00000182884e34b8]
Event: 1.436 Thread 0x00000182ff81c340 2573       3       java.util.stream.ReferencePipeline::filter (22 bytes)
Event: 1.436 Thread 0x00000182ff81c340 nmethod 2573 0x00000182884e3590 code [0x00000182884e3780, 0x00000182884e3cb8]
Event: 1.436 Thread 0x00000182ff81c340 2574       3       org.springframework.core.type.classreading.SimpleMethodMetadata::<init> (38 bytes)
Event: 1.436 Thread 0x00000182ff81c340 nmethod 2574 0x00000182884e3f10 code [0x00000182884e40c0, 0x00000182884e4438]
Event: 1.436 Thread 0x00000182ff81c340 2575       3       org.springframework.core.type.classreading.SimpleAnnotationMetadataReadingVisitor$$Lambda$418/0x0000000800d25d38::accept (14 bytes)
Event: 1.436 Thread 0x00000182ff81c340 nmethod 2575 0x00000182884e4510 code [0x00000182884e46c0, 0x00000182884e4988]
Event: 1.436 Thread 0x00000182ff81c340 2571       1       java.lang.reflect.Constructor::getModifiers (5 bytes)
Event: 1.436 Thread 0x00000182ff81c340 nmethod 2571 0x000001828f630210 code [0x000001828f6303a0, 0x000001828f630478]
Event: 1.436 Thread 0x00000182ff81c340 2576       1       org.springframework.context.annotation.ConfigurationClassParser$SourceClass::getMetadata (5 bytes)
Event: 1.436 Thread 0x00000182ff81c340 nmethod 2576 0x000001828f630510 code [0x000001828f6306a0, 0x000001828f630778]
Event: 1.437 Thread 0x00000182ff81c340 2577   !   3       ch.qos.logback.classic.LoggerContext::getLogger (164 bytes)
Event: 1.438 Thread 0x00000182ff81c340 nmethod 2577 0x00000182884e4a90 code [0x00000182884e4ce0, 0x00000182884e56b8]
Event: 1.439 Thread 0x00000182ff81c340 2579   !   3       java.util.concurrent.ConcurrentHashMap::transfer (849 bytes)

GC Heap History (4 events):
Event: 0.562 GC heap before
{Heap before GC invocations=0 (full 0):
 garbage-first heap   total 258048K, used 22528K [0x0000000705000000, 0x0000000800000000)
  region size 2048K, 11 young (22528K), 0 survivors (0K)
 Metaspace       used 4557K, committed 4800K, reserved 1056768K
  class space    used 569K, committed 704K, reserved 1048576K
}
Event: 0.566 GC heap after
{Heap after GC invocations=1 (full 0):
 garbage-first heap   total 258048K, used 6510K [0x0000000705000000, 0x0000000800000000)
  region size 2048K, 2 young (4096K), 2 survivors (4096K)
 Metaspace       used 4557K, committed 4800K, reserved 1056768K
  class space    used 569K, committed 704K, reserved 1048576K
}
Event: 0.994 GC heap before
{Heap before GC invocations=1 (full 0):
 garbage-first heap   total 258048K, used 33134K [0x0000000705000000, 0x0000000800000000)
  region size 2048K, 15 young (30720K), 2 survivors (4096K)
 Metaspace       used 10608K, committed 10816K, reserved 1064960K
  class space    used 1377K, committed 1472K, reserved 1048576K
}
Event: 0.997 GC heap after
{Heap after GC invocations=2 (full 0):
 garbage-first heap   total 258048K, used 8708K [0x0000000705000000, 0x0000000800000000)
  region size 2048K, 2 young (4096K), 2 survivors (4096K)
 Metaspace       used 10608K, committed 10816K, reserved 1064960K
  class space    used 1377K, committed 1472K, reserved 1048576K
}

Deoptimization events (20 events):
Event: 1.400 Thread 0x00000182f874d670 DEOPT PACKING pc=0x000001828824d065 sp=0x0000003d5d2fb7b0
Event: 1.400 Thread 0x00000182f874d670 DEOPT UNPACKING pc=0x0000018287a86763 sp=0x0000003d5d2faca0 mode 0
Event: 1.400 Thread 0x00000182f874d670 DEOPT PACKING pc=0x000001828824d065 sp=0x0000003d5d2fb7b0
Event: 1.400 Thread 0x00000182f874d670 DEOPT UNPACKING pc=0x0000018287a86763 sp=0x0000003d5d2faca0 mode 0
Event: 1.400 Thread 0x00000182f874d670 DEOPT PACKING pc=0x000001828824d065 sp=0x0000003d5d2fb7b0
Event: 1.400 Thread 0x00000182f874d670 DEOPT UNPACKING pc=0x0000018287a86763 sp=0x0000003d5d2faca0 mode 0
Event: 1.400 Thread 0x00000182f874d670 DEOPT PACKING pc=0x000001828824d065 sp=0x0000003d5d2fb7b0
Event: 1.400 Thread 0x00000182f874d670 DEOPT UNPACKING pc=0x0000018287a86763 sp=0x0000003d5d2faca0 mode 0
Event: 1.400 Thread 0x00000182f874d670 DEOPT PACKING pc=0x000001828824d065 sp=0x0000003d5d2fb7b0
Event: 1.400 Thread 0x00000182f874d670 DEOPT UNPACKING pc=0x0000018287a86763 sp=0x0000003d5d2faca0 mode 0
Event: 1.401 Thread 0x00000182f874d670 DEOPT PACKING pc=0x000001828824d065 sp=0x0000003d5d2fb7b0
Event: 1.401 Thread 0x00000182f874d670 DEOPT UNPACKING pc=0x0000018287a86763 sp=0x0000003d5d2faca0 mode 0
Event: 1.401 Thread 0x00000182f874d670 DEOPT PACKING pc=0x000001828824d065 sp=0x0000003d5d2fb7b0
Event: 1.401 Thread 0x00000182f874d670 DEOPT UNPACKING pc=0x0000018287a86763 sp=0x0000003d5d2faca0 mode 0
Event: 1.401 Thread 0x00000182f874d670 DEOPT PACKING pc=0x000001828824d065 sp=0x0000003d5d2fb7b0
Event: 1.401 Thread 0x00000182f874d670 DEOPT UNPACKING pc=0x0000018287a86763 sp=0x0000003d5d2faca0 mode 0
Event: 1.426 Thread 0x000001829d53e430 Uncommon trap: trap_request=0xffffff45 fr.pc=0x000001828f5463c8 relative=0x0000000000000048
Event: 1.426 Thread 0x000001829d53e430 Uncommon trap: reason=unstable_if action=reinterpret pc=0x000001828f5463c8 method=java.lang.CharacterData.of(I)Ljava/lang/CharacterData; @ 4 c2
Event: 1.426 Thread 0x000001829d53e430 DEOPT PACKING pc=0x000001828f5463c8 sp=0x0000003d5effd4c0
Event: 1.426 Thread 0x000001829d53e430 DEOPT UNPACKING pc=0x0000018287a85c23 sp=0x0000003d5effd458 mode 2

Classes unloaded (0 events):
No events

Classes redefined (0 events):
No events

Internal exceptions (20 events):
Event: 0.957 Thread 0x00000182f874d670 Exception <a 'java/lang/IncompatibleClassChangeError'{0x000000071316ce08}: Found class java.lang.Object, but interface was expected> (0x000000071316ce08) 
thrown [s\src\hotspot\share\interpreter\linkResolver.cpp, line 826]
Event: 1.069 Thread 0x00000182f874d670 Exception <a 'java/lang/NoSuchMethodError'{0x0000000714443258}: 'java.lang.Object java.lang.invoke.DirectMethodHandle$Holder.invokeSpecial(java.lang.Object, java.lang.Object, java.lang.Object, java.lang.Object, java.lang.Object, java.lang.Object, int)'> (0x0000000714443258) 
thrown [s\src\hotspot\share\interpreter\linkResolver.cpp, line 759]
Event: 1.069 Thread 0x00000182f874d670 Exception <a 'java/lang/NoSuchMethodError'{0x000000071444dd10}: 'java.lang.Object java.lang.invoke.DirectMethodHandle$Holder.newInvokeSpecial(java.lang.Object, java.lang.Object, java.lang.Object, java.lang.Object, java.lang.Object, java.lang.Object, int)'> (0x000000071444dd10) 
thrown [s\src\hotspot\share\interpreter\linkResolver.cpp, line 759]
Event: 1.069 Thread 0x00000182f874d670 Exception <a 'java/lang/NoSuchMethodError'{0x00000007144532a0}: 'java.lang.Object java.lang.invoke.DirectMethodHandle$Holder.invokeSpecial(java.lang.Object, java.lang.Object, java.lang.Object, java.lang.Object, java.lang.Object, java.lang.Object, java.lang.Object, int)'> (0x00000007144532a0) 
thrown [s\src\hotspot\share\interpreter\linkResolver.cpp, line 759]
Event: 1.128 Thread 0x00000182f874d670 Implicit null exception at 0x000001828f564294 to 0x000001828f5646b0
Event: 1.136 Thread 0x00000182f874d670 Exception <a 'java/lang/NoSuchMethodError'{0x0000000714161b10}: 'void java.lang.invoke.DirectMethodHandle$Holder.invokeStatic(java.lang.Object, java.lang.Object, java.lang.Object, java.lang.Object, java.lang.Object, java.lang.Object)'> (0x0000000714161b10) 
thrown [s\src\hotspot\share\interpreter\linkResolver.cpp, line 759]
Event: 1.145 Thread 0x00000182f874d670 Exception <a 'java/lang/NoSuchMethodError'{0x0000000713e1de48}: 'java.lang.Object java.lang.invoke.DirectMethodHandle$Holder.invokeSpecial(java.lang.Object, java.lang.Object, java.lang.Object, int, java.lang.Object)'> (0x0000000713e1de48) 
thrown [s\src\hotspot\share\interpreter\linkResolver.cpp, line 759]
Event: 1.145 Thread 0x00000182f874d670 Exception <a 'java/lang/NoSuchMethodError'{0x0000000713e26900}: 'java.lang.Object java.lang.invoke.DirectMethodHandle$Holder.newInvokeSpecial(java.lang.Object, java.lang.Object, java.lang.Object, int, java.lang.Object)'> (0x0000000713e26900) 
thrown [s\src\hotspot\share\interpreter\linkResolver.cpp, line 759]
Event: 1.145 Thread 0x00000182f874d670 Exception <a 'java/lang/NoSuchMethodError'{0x0000000713e2e820}: 'java.lang.Object java.lang.invoke.Invokers$Holder.linkToTargetMethod(java.lang.Object, java.lang.Object, int, java.lang.Object, java.lang.Object)'> (0x0000000713e2e820) 
thrown [s\src\hotspot\share\interpreter\linkResolver.cpp, line 759]
Event: 1.146 Thread 0x00000182f874d670 Exception <a 'java/lang/NoSuchMethodError'{0x0000000713e3ef98}: 'java.lang.Object java.lang.invoke.DirectMethodHandle$Holder.newInvokeSpecial(java.lang.Object, int, java.lang.Object)'> (0x0000000713e3ef98) 
thrown [s\src\hotspot\share\interpreter\linkResolver.cpp, line 759]
Event: 1.167 Thread 0x00000182f874d670 Exception <a 'java/lang/NoSuchMethodError'{0x0000000713fd0448}: 'java.lang.Object java.lang.invoke.DirectMethodHandle$Holder.invokeStatic(java.lang.Object, java.lang.Object, long, java.lang.Object)'> (0x0000000713fd0448) 
thrown [s\src\hotspot\share\interpreter\linkResolver.cpp, line 759]
Event: 1.167 Thread 0x00000182f874d670 Exception <a 'java/lang/NoSuchMethodError'{0x0000000713fd4430}: 'java.lang.Object java.lang.invoke.DirectMethodHandle$Holder.invokeStaticInit(java.lang.Object, java.lang.Object, long, java.lang.Object)'> (0x0000000713fd4430) 
thrown [s\src\hotspot\share\interpreter\linkResolver.cpp, line 759]
Event: 1.167 Thread 0x00000182f874d670 Exception <a 'java/lang/NoSuchMethodError'{0x0000000713fdb0c0}: 'java.lang.Object java.lang.invoke.DirectMethodHandle$Holder.newInvokeSpecial(java.lang.Object, java.lang.Object, long)'> (0x0000000713fdb0c0) 
thrown [s\src\hotspot\share\interpreter\linkResolver.cpp, line 759]
Event: 1.167 Thread 0x00000182f874d670 Exception <a 'java/lang/NoSuchMethodError'{0x0000000713fdf428}: 'java.lang.Object java.lang.invoke.Invokers$Holder.linkToTargetMethod(java.lang.Object, long, java.lang.Object)'> (0x0000000713fdf428) 
thrown [s\src\hotspot\share\interpreter\linkResolver.cpp, line 759]
Event: 1.174 Thread 0x00000182f874d670 Exception <a 'java/lang/NoSuchMethodError'{0x0000000713c3c570}: 'void java.lang.invoke.DirectMethodHandle$Holder.invokeVirtual(java.lang.Object, java.lang.Object, java.lang.Object, java.lang.Object)'> (0x0000000713c3c570) 
thrown [s\src\hotspot\share\interpreter\linkResolver.cpp, line 759]
Event: 1.195 Thread 0x00000182f874d670 Exception <a 'java/lang/NoSuchMethodError'{0x0000000713a53340}: 'void java.lang.invoke.DirectMethodHandle$Holder.invokeStatic(java.lang.Object, java.lang.Object, int)'> (0x0000000713a53340) 
thrown [s\src\hotspot\share\interpreter\linkResolver.cpp, line 759]
Event: 1.198 Thread 0x00000182f874d670 Exception <a 'java/lang/IncompatibleClassChangeError'{0x0000000713a829e0}: Found class java.lang.Object, but interface was expected> (0x0000000713a829e0) 
thrown [s\src\hotspot\share\interpreter\linkResolver.cpp, line 826]
Event: 1.321 Thread 0x00000182f874d670 Exception <a 'sun/nio/fs/WindowsException'{0x000000071203eea8}> (0x000000071203eea8) 
thrown [s\src\hotspot\share\prims\jni.cpp, line 516]
Event: 1.322 Thread 0x00000182f874d670 Exception <a 'sun/nio/fs/WindowsException'{0x0000000712048a70}> (0x0000000712048a70) 
thrown [s\src\hotspot\share\prims\jni.cpp, line 516]
Event: 1.384 Thread 0x00000182f874d670 Exception <a 'java/lang/IncompatibleClassChangeError'{0x0000000711704768}: Found class java.lang.Object, but interface was expected> (0x0000000711704768) 
thrown [s\src\hotspot\share\interpreter\linkResolver.cpp, line 826]

VM Operations (20 events):
Event: 0.847 Executing VM operation: ICBufferFull
Event: 0.848 Executing VM operation: ICBufferFull done
Event: 0.899 Executing VM operation: HandshakeAllThreads
Event: 0.899 Executing VM operation: HandshakeAllThreads done
Event: 0.993 Executing VM operation: G1CollectForAllocation
Event: 0.997 Executing VM operation: G1CollectForAllocation done
Event: 1.085 Executing VM operation: HandshakeAllThreads
Event: 1.085 Executing VM operation: HandshakeAllThreads done
Event: 1.110 Executing VM operation: HandshakeAllThreads
Event: 1.110 Executing VM operation: HandshakeAllThreads done
Event: 1.164 Executing VM operation: ICBufferFull
Event: 1.164 Executing VM operation: ICBufferFull done
Event: 1.189 Executing VM operation: HandshakeAllThreads
Event: 1.189 Executing VM operation: HandshakeAllThreads done
Event: 1.261 Executing VM operation: HandshakeAllThreads
Event: 1.261 Executing VM operation: HandshakeAllThreads done
Event: 1.284 Executing VM operation: HandshakeAllThreads
Event: 1.284 Executing VM operation: HandshakeAllThreads done
Event: 1.426 Executing VM operation: HandshakeAllThreads
Event: 1.426 Executing VM operation: HandshakeAllThreads done

Events (20 events):
Event: 1.359 loading class jdk/xml/internal/JdkProperty
Event: 1.359 loading class jdk/xml/internal/JdkProperty done
Event: 1.369 Thread 0x000001829d767050 Thread added: 0x000001829d767050
Event: 1.373 Thread 0x000001829d767050 Thread exited: 0x000001829d767050
Event: 1.398 loading class java/beans/Transient
Event: 1.398 loading class java/beans/Transient done
Event: 1.398 loading class java/beans/ConstructorProperties
Event: 1.398 loading class java/beans/ConstructorProperties done
Event: 1.400 loading class java/io/InvalidObjectException
Event: 1.400 loading class java/io/InvalidObjectException done
Event: 1.422 loading class javax/naming/NamingException
Event: 1.422 loading class javax/naming/NamingException done
Event: 1.425 loading class sun/text/resources/cldr/FormatData_en
Event: 1.425 loading class sun/text/resources/cldr/FormatData_en done
Event: 1.425 loading class sun/text/resources/cldr/FormatData_en_US
Event: 1.425 loading class sun/text/resources/cldr/FormatData_en_US done
Event: 1.425 loading class java/beans/PropertyVetoException
Event: 1.425 loading class java/beans/PropertyVetoException done
Event: 1.435 loading class java/io/CharArrayReader
Event: 1.435 loading class java/io/CharArrayReader done


Dynamic libraries:
0x00007ff6c8190000 - 0x00007ff6c819d000 	C:\Users\sunna\.jdks\corretto-17.0.4.1\bin\java.exe
0x00007ff9eaa70000 - 0x00007ff9eac87000 	C:\WINDOWS\SYSTEM32\ntdll.dll
0x00007ff9e8d10000 - 0x00007ff9e8dd4000 	C:\WINDOWS\System32\KERNEL32.DLL
0x00007ff9e8270000 - 0x00007ff9e8616000 	C:\WINDOWS\System32\KERNELBASE.dll
0x00007ff9e8040000 - 0x00007ff9e8151000 	C:\WINDOWS\System32\ucrtbase.dll
0x00007ff9c9000000 - 0x00007ff9c9018000 	C:\Users\sunna\.jdks\corretto-17.0.4.1\bin\jli.dll
0x00007ff9cf520000 - 0x00007ff9cf535000 	C:\Users\sunna\.jdks\corretto-17.0.4.1\bin\VCRUNTIME140.dll
0x00007ff9ea410000 - 0x00007ff9ea5be000 	C:\WINDOWS\System32\USER32.dll
0x00007ff9e7db0000 - 0x00007ff9e7dd6000 	C:\WINDOWS\System32\win32u.dll
0x00007ff9e8b50000 - 0x00007ff9e8b79000 	C:\WINDOWS\System32\GDI32.dll
0x00007ff9e7f20000 - 0x00007ff9e8038000 	C:\WINDOWS\System32\gdi32full.dll
0x00007ff9ce9c0000 - 0x00007ff9cec53000 	C:\WINDOWS\WinSxS\amd64_microsoft.windows.common-controls_6595b64144ccf1df_6.0.22621.2506_none_270c5ae97388e100\COMCTL32.dll
0x00007ff9e81d0000 - 0x00007ff9e826a000 	C:\WINDOWS\System32\msvcp_win.dll
0x00007ff9e99c0000 - 0x00007ff9e9a67000 	C:\WINDOWS\System32\msvcrt.dll
0x00007ff9ea6d0000 - 0x00007ff9ea701000 	C:\WINDOWS\System32\IMM32.DLL
0x00007ff9b4390000 - 0x00007ff9b442b000 	C:\Users\sunna\.jdks\corretto-17.0.4.1\bin\msvcp140.dll
0x00007ff94f810000 - 0x00007ff950424000 	C:\Users\sunna\.jdks\corretto-17.0.4.1\bin\server\jvm.dll
0x00007ff9e9350000 - 0x00007ff9e9403000 	C:\WINDOWS\System32\ADVAPI32.dll
0x00007ff9e9470000 - 0x00007ff9e9518000 	C:\WINDOWS\System32\sechost.dll
0x00007ff9e8620000 - 0x00007ff9e8648000 	C:\WINDOWS\System32\bcrypt.dll
0x00007ff9e9020000 - 0x00007ff9e9137000 	C:\WINDOWS\System32\RPCRT4.dll
0x00007ff9e8de0000 - 0x00007ff9e8de8000 	C:\WINDOWS\System32\PSAPI.DLL
0x00007ff9da330000 - 0x00007ff9da364000 	C:\WINDOWS\SYSTEM32\WINMM.dll
0x00007ff9e45f0000 - 0x00007ff9e45f9000 	C:\WINDOWS\SYSTEM32\WSOCK32.dll
0x00007ff9cdf30000 - 0x00007ff9cdf3a000 	C:\WINDOWS\SYSTEM32\VERSION.dll
0x00007ff9e8c90000 - 0x00007ff9e8d01000 	C:\WINDOWS\System32\WS2_32.dll
0x00007ff9e6ee0000 - 0x00007ff9e6ef8000 	C:\WINDOWS\SYSTEM32\kernel.appcore.dll
0x00007ff9d16f0000 - 0x00007ff9d16fa000 	C:\Users\sunna\.jdks\corretto-17.0.4.1\bin\jimage.dll
0x00007ff9e5230000 - 0x00007ff9e5463000 	C:\WINDOWS\SYSTEM32\DBGHELP.DLL
0x00007ff9e87c0000 - 0x00007ff9e8b49000 	C:\WINDOWS\System32\combase.dll
0x00007ff9e9a70000 - 0x00007ff9e9b47000 	C:\WINDOWS\System32\OLEAUT32.dll
0x00007ff9ce430000 - 0x00007ff9ce462000 	C:\WINDOWS\SYSTEM32\dbgcore.DLL
0x00007ff9e7de0000 - 0x00007ff9e7e5a000 	C:\WINDOWS\System32\bcryptPrimitives.dll
0x00007ff9d1930000 - 0x00007ff9d193e000 	C:\Users\sunna\.jdks\corretto-17.0.4.1\bin\instrument.dll
0x00007ff9c8750000 - 0x00007ff9c8775000 	C:\Users\sunna\.jdks\corretto-17.0.4.1\bin\java.dll
0x00007ff988570000 - 0x00007ff988646000 	C:\Users\sunna\.jdks\corretto-17.0.4.1\bin\jsvml.dll
0x00007ff9e9b50000 - 0x00007ff9ea3ab000 	C:\WINDOWS\System32\SHELL32.dll
0x00007ff9e5d10000 - 0x00007ff9e6606000 	C:\WINDOWS\SYSTEM32\windows.storage.dll
0x00007ff9e5bd0000 - 0x00007ff9e5d0e000 	C:\WINDOWS\SYSTEM32\wintypes.dll
0x00007ff9e8b80000 - 0x00007ff9e8c73000 	C:\WINDOWS\System32\SHCORE.dll
0x00007ff9e92f0000 - 0x00007ff9e934e000 	C:\WINDOWS\System32\shlwapi.dll
0x00007ff9e7ce0000 - 0x00007ff9e7d06000 	C:\WINDOWS\SYSTEM32\profapi.dll
0x00007ff9c7200000 - 0x00007ff9c7218000 	C:\Users\sunna\.jdks\corretto-17.0.4.1\bin\zip.dll
0x00007ff9c8910000 - 0x00007ff9c8929000 	C:\Users\sunna\.jdks\corretto-17.0.4.1\bin\net.dll
0x00007ff9ddfe0000 - 0x00007ff9de117000 	C:\WINDOWS\SYSTEM32\WINHTTP.dll
0x00007ff9e7360000 - 0x00007ff9e73c9000 	C:\WINDOWS\system32\mswsock.dll
0x00007ff9c8690000 - 0x00007ff9c86a5000 	C:\Users\sunna\.jdks\corretto-17.0.4.1\bin\nio.dll
0x00007ff9d3ef0000 - 0x00007ff9d3f0a000 	D:\Program Files\JetBrains\IntelliJ IDEA 2023.2.5\bin\breakgen64.dll

dbghelp: loaded successfully - version: 4.0.5 - missing functions: none
symbol engine: initialized successfully - sym options: 0x614 - pdb path: .;C:\Users\sunna\.jdks\corretto-17.0.4.1\bin;C:\WINDOWS\SYSTEM32;C:\WINDOWS\WinSxS\amd64_microsoft.windows.common-controls_6595b64144ccf1df_6.0.22621.2506_none_270c5ae97388e100;C:\Users\sunna\.jdks\corretto-17.0.4.1\bin\server;D:\Program Files\JetBrains\IntelliJ IDEA 2023.2.5\bin

VM Arguments:
jvm_args: -ea -Didea.test.cyclic.buffer.size=1048576 -javaagent:D:\Program Files\JetBrains\IntelliJ IDEA 2023.2.5\lib\idea_rt.jar=65184:D:\Program Files\JetBrains\IntelliJ IDEA 2023.2.5\bin -Dfile.encoding=UTF-8 
java_command: com.intellij.rt.junit.JUnitStarter -ideVersion5 -junit5 com.hit.community.repository.SearchQueryDslRepositoryTest,searchAndPagingTest5
java_class_path (initial): C:\Users\sunna\.m2\repository\org\junit\platform\junit-platform-launcher\1.9.3\junit-platform-launcher-1.9.3.jar;C:\Users\sunna\.m2\repository\org\junit\platform\junit-platform-engine\1.9.3\junit-platform-engine-1.9.3.jar;C:\Users\sunna\.m2\repository\org\opentest4j\opentest4j\1.2.0\opentest4j-1.2.0.jar;C:\Users\sunna\.m2\repository\org\junit\platform\junit-platform-commons\1.9.3\junit-platform-commons-1.9.3.jar;C:\Users\sunna\.m2\repository\org\apiguardian\apiguardian-api\1.1.2\apiguardian-api-1.1.2.jar;D:\Program Files\JetBrains\IntelliJ IDEA 2023.2.5\lib\idea_rt.jar;D:\Program Files\JetBrains\IntelliJ IDEA 2023.2.5\plugins\junit\lib\junit5-rt.jar;D:\Program Files\JetBrains\IntelliJ IDEA 2023.2.5\plugins\junit\lib\junit-rt.jar;D:\HIT-ToyProject\backend\community\out\test\classes;D:\HIT-ToyProject\backend\community\out\test\resources;D:\HIT-ToyProject\backend\community\out\production\classes;D:\HIT-ToyProject\backend\community\out\production\resources;C:\Users\sunna\.gradle\caches\modules-2\files-2.1\org.springframework.boot\spring-boot-starter-data-jpa\3.1.5\5fdcfab1fe9d6dddf4352d71f5ed879eb1aa92c2\spring-boot-starter-data-jpa-3.1.5.jar;C:\Users\sunna\.gradle\caches\modules-2\files-2.1\org.springframework.boot\spring-boot-starter-validation\3.1.5\f653e6661ec3da08003789f4a6583d1674e333b1\spring-boot-starter-validation-3.1.5.jar;C:\Users\sunna\.gradle\caches\modules-2\files-2.1\org.springframework.boot\spring-boot-starter-thymeleaf\3.1.5\3d5f1bff03e5e58b065ca230b7ee24b84bf7fe75\spring-boot-starter-thymeleaf-3.1.5.jar;C:\Users\sunna\.gradle\caches\modules-2\files-2.1\org.springframework.boot\spring-boot-starter-web\3.1.5\3674e5603cc25bc4dccf73b97d50234332fc3d72\spring-boot-starter-web-3.1.5.jar;C:\Users\sunna\.gradle\caches\modules-2\files-2.1\com.querydsl\querydsl-jpa\5.0.0\2a653852848dee41b967d3520be3339f0f92f1ea\querydsl-jpa-5.0.0-jakarta.jar;C:\Users\sunna\.gradle\caches\modules-2\files-2.1\org.springframework.boot\spring-boot-starter
Launcher Type: SUN_STANDARD

[Global flags]
     intx CICompilerCount                          = 4                                         {product} {ergonomic}
     uint ConcGCThreads                            = 2                                         {product} {ergonomic}
     uint G1ConcRefinementThreads                  = 8                                         {product} {ergonomic}
   size_t G1HeapRegionSize                         = 2097152                                   {product} {ergonomic}
    uintx GCDrainStackTargetSize                   = 64                                        {product} {ergonomic}
   size_t InitialHeapSize                          = 264241152                                 {product} {ergonomic}
   size_t MarkStackSize                            = 4194304                                   {product} {ergonomic}
   size_t MaxHeapSize                              = 4211081216                                {product} {ergonomic}
   size_t MaxNewSize                               = 2524971008                                {product} {ergonomic}
   size_t MinHeapDeltaBytes                        = 2097152                                   {product} {ergonomic}
   size_t MinHeapSize                              = 8388608                                   {product} {ergonomic}
    uintx NonNMethodCodeHeapSize                   = 5839372                                {pd product} {ergonomic}
    uintx NonProfiledCodeHeapSize                  = 122909434                              {pd product} {ergonomic}
    uintx ProfiledCodeHeapSize                     = 122909434                              {pd product} {ergonomic}
    uintx ReservedCodeCacheSize                    = 251658240                              {pd product} {ergonomic}
     bool SegmentedCodeCache                       = true                                      {product} {ergonomic}
   size_t SoftMaxHeapSize                          = 4211081216                             {manageable} {ergonomic}
     bool UseCompressedClassPointers               = true                           {product lp64_product} {ergonomic}
     bool UseCompressedOops                        = true                           {product lp64_product} {ergonomic}
     bool UseG1GC                                  = true                                      {product} {ergonomic}
     bool UseLargePagesIndividualAllocation        = false                                  {pd product} {ergonomic}

Logging:
Log output configuration:
 #0: stdout all=warning uptime,level,tags
 #1: stderr all=off uptime,level,tags

Environment Variables:
JAVA_HOME=C:\Program Files\Java\jdk-11.0.13
CLASSPATH=C:\Program Files\Java\jdk-11.0.13\lib
PATH=C:\Program Files (x86)\Common Files\Oracle\Java\javapath;D:\oraclexe\app\oracle\product\11.2.0\server\bin;C:\WINDOWS\system32;C:\WINDOWS;C:\WINDOWS\System32\Wbem;C:\WINDOWS\System32\WindowsPowerShell\v1.0\;C:\Windows\System32\OpenSSH;C:\Python;C:\Python\Scripts;C:\Users\sunna\anaconda3;C:\Program Files\Bandizip\;D:\Ruby30-x64\bin;C:\Users\sunna\AppData\Local\Microsoft\WindowsApps;C:\Users\sunna\AppData\Roaming\npm;D:\Users\sunna\AppData\Local\Programs\Microsoft VS Code\bin;D:\Program Files\heroku\bin;D:\Program Files\JetBrains\IntelliJ IDEA Community Edition 2022.2.1\bin;D:\Program Files\JetBrains\Intel;C:\Users\sunna\anaconda3\Library\bin;C:\Program Files\MySQL\MySQL Server 8.0\bin;C:\WINDOWS\system32;C:\WINDOWS;C:\WINDOWS\System32\Wbem;C:\WINDOWS\System32\WindowsPowerShell\v1.0\;C:\WINDOWS\System32\OpenSSH\;D:\Program Files\MySQL\MySQL Server 8.0\bin;C:\ProgramData\chocolatey\bin;D:\Program Files\Git\cmd;D:\Program Files\Amazon\AWSCLIV2\;C:\Users\sunna\OneDrive\Desktop\apache-maven-3.9.4\bin;C:\Program Files\Java\jdk-11.0.13\bin;C:\Program Files (x86)\NetSarang\Xshell 7\;C:\putty\;C:\Program Files\Vagrant\bin;C:\Users\sunna\AppData\Local\Programs\Python\Python39\Scripts\;C:\Users\sunna\AppData\Local\Programs\Python\Python39\;C:\Users\sunna\AppData\Local\Microsoft\WindowsApps;D:\Users\sunna\AppData\Local\Programs\Microsoft VS Code\bin;D:\Program Files\heroku\bin;D:\Program Files\JetBrains\IntelliJ IDEA Community Edition 2022.2.1\bin;D:\Program Files\JetBrains\IntelliJ IDEA 2022.2.1\bin;C:\Users\sunna\AppData\Local\gitkraken\bin;C:\ProgramData\sunna\gitkraken\bin;D:\Program Files\JetBrains\IntelliJ IDEA 2023.2.5\bin;;C:\Users\sunna\AppData\Local\Microsoft\WindowsApps;C:\MinGW\bin;;D:\Program Files\JetBrains\PyCharm 2023.1.2\bin;
USERNAME=sunna
OS=Windows_NT
PROCESSOR_IDENTIFIER=Intel64 Family 6 Model 140 Stepping 1, GenuineIntel
TMP=C:\Users\sunna\AppData\Local\Temp
TEMP=C:\Users\sunna\AppData\Local\Temp



---------------  S Y S T E M  ---------------

OS:
 Windows 11 , 64 bit Build 22621 (10.0.22621.3085)
OS uptime: 4 days 17:05 hours

CPU: total 8 (initial active 8) (4 cores per cpu, 2 threads per core) family 6 model 140 stepping 1 microcode 0x9a, cx8, cmov, fxsr, ht, mmx, 3dnowpref, sse, sse2, sse3, ssse3, sse4.1, sse4.2, popcnt, lzcnt, tsc, tscinvbit, avx, avx2, aes, erms, clmul, bmi1, bmi2, adx, avx512f, avx512dq, avx512cd, avx512bw, avx512vl, sha, fma, vzeroupper, avx512_vpopcntdq, avx512_vpclmulqdq, avx512_vaes, avx512_vnni, clflush, clflushopt, clwb, avx512_vbmi2, avx512_vbmi

Memory: 4k page, system-wide physical 16057M (2831M free)
TotalPageFile size 18105M (AvailPageFile size 140M)
current process WorkingSet (physical memory assigned to process): 182M, peak: 182M
current process commit charge ("private bytes"): 276M, peak: 411M

vm_info: OpenJDK 64-Bit Server VM (17.0.4.1+9-LTS) for windows-amd64 JRE (17.0.4.1+9-LTS), built on Aug 12 2022 17:33:36 by "Administrator" with MS VC++ 15.9 (VS2017)

END.
